341325
184977
163115
452593
1147735
980039
302151
992057
1562086
914116
964732
220044
1440149
362095
109400
108034
518879
1149817
297084
290851
1396776
1070761
586644
307110
1114971
416117
1119463
1024564
733811
180099
1232051
796136
1441457
1105908
39412
1113980
412764
1189056
772615
1013192
622479
355275
255506
215507
829460
770016
112468
616474
677736
1469720
898527
363075
633316
345959
870544
747932
786317
1058902
1556509
929875
834042
680344
238125
121983
822185
149286
27983
393646
341114
329064
904037
1313782
1078514
1289443
746781
459332
1189141
1235360
1248711
473483
245471
695098
105986
400029
98770
435263
77726
931829
107580
688216
1380306
754561
626565
1049451
1316334
152603
339031
146712
592700
288505
586373
1002087
396597
645998
48386
72982
478231
435722
501832
540050
162899
1569823
1075177
397326
666222
5833
546561
880533
409047
290625
422289
1154759
791103
124416
280213
1036238
788397
124748
830903
662501
256952
906206
67755
408428
1263103
1104344
850545
527082
84174
798302
676622
1563170
1410830
127903
236151
607493
787215
394431
425620
105017
7450
344127
393514
746344
247218
793976
621075
104573
573531
601517
79745
419098
349412
902010
430874
531926
230419
351720
1266748
907733
680695
1412013
1531559
284222
1239519
20046
124407
1285432
542849
436351
1110963
369820
467426
554402
757111
963030
701114
623901
526996
103007
36485
258341
284122
540278
791523
54875
730103
805313
133684
1672275
228710
671407
220802
1307227
758960
618295
711830
993205
1132499
602512
321047
1276900
171575
390268
927181
1036402
248683
570370
380694
345639
212457
96858
1580467
1191686
1117123
183050
105195
473947
210724
367214
1301055
813905
264974
1136291
1165416
274994
338012
58142
623097
1244817
144195
468606
866462
977195
192692
725144
119997
490410
884236
175052
180223
672507
757311
725317
185369
556431
405777
905994
165600
888267
30603
1467242
139098
459050
457451
1622371
724389
420201
1273925
275815
178215
665016
1207654
615474
126718
1176001
240011
650303
714017
707507
142050
862399
300963
708621
602468
369771
640343
1276871
381532
371927
1089937
139034
1520589
1341002
372467
16877
1635936
327805
359198
562883
224931
457290
351987
146785
489035
819573
1293834
1163271
53902
1284241
1708367
106633
881513
753355
1353970
1799179
500596
1594060
403664
124778
938955
516019
1649933
1444928
1264527
1015065
78410
390238
275591
569646
626056
854820
537246
819759
57031
171896
281065
260053
785420
1426303
1482260
637372
732746
83709
1525397
360500
50595
420032
1420824
508379
201019
1310184
1593069
393088
568106
711676
56151
621715
1567474
706949
1134247
944640
95666
1078149
979190
580489
577491
449063
534571
425694
610162
1563828
36874
57932
206265
620812
145808
889897
287046
402295
312740
659052
455741
1272685
664081
381203
990118
358210
824675
244232
562491
159971
514460
58574
77914
905475
964936
666504
558291
312450
341826
442238
927360
29167
208768
87669
388344
625190
1130560
638532
1368288
1164400
1174149
1492357
662557
1234106
486732
776895
133090
443765
172179
1183368
686903
131003
44866
585007
479713
675468
716775
1708407
655308
378355
1033942
65962
572837
71685
720024
938320
418882
449359
656342
607440
485425
1033345
593385
846047
189301
1422271
112634
167538
237247
1201076
1067715
82700
497619
722505
386630
1622727
54227
562920
766876
586102
123553
895380
171615
825539
850864
80512
820617
1187132
163045
45066
896666
1616332
285537
62826
93510
418460
1178536
447039
337089
525973
310404
845237
654876
1036088
432822
231532
851425
400233
22519
550519
1198071
1012793
1359028
1374016
1405750
1473834
53313
882608
791035
176808
1151005
546345
670617
631765
17255
1342831
1312044
645583
460111
817024
140249
534304
1193208
865932
634510
1584290
1105891
788733
122677
624798
166216
717063
541967
22016
613743
1239995
350704
192444
928350
72676
1411800
750865
905213
62291
611251
818874
435801
1106835
201680
1008722
557402
421176
324303
163653
208822
417517
736801
325976
683539
504759
993462
864085
69721
542320
496468
313941
153498
837718
280064
1095096
204005
1309879
522358
346190
94186
61182
1160399
538872
359999
166116
313897
133632
186840
137887
860545
40836
677972
171621
705964
1643031
1167849
1119064
383237
66048
342248
69250
1081488
406373
79212
268807
253590
506437
37995
610917
159786
766634
842468
443506
416134
529219
1127856
10923
766747
82061
446298
66711
147567
68241
906601
61199
532910
668493
199136
1157387
2642
588420
1178740
161929
826123
1257593
1513761
1003687
841708
256829
523349
587126
707348
381094
1293375
252224
892229
318353
436707
581717
73136
67670
1075464
950849
51638
343746
405316
1365466
1727744
502139
838996
13049
295562
65150
524298
191081
351995
605291
769087
318225
794334
942095
18623
334057
113081
706311
289523
316282
674520
1316415
627903
767169
124482
54895
548202
718831
786846
268240
432841
152255
67816
687215
721543
1581325
306613
465279
763854
536754
108476
525599
586941
1103614
739985
81629
1031526
105948
120938
894345
597742
59269
999041
1211484
337837
561360
239661
222497
367210
700307
364370
1159289
484353
669813
904973
113493
573591
691509
730413
199274
80879
425711
102903
798447
1056820
682055
579440
528121
167585
872255
232459
1029757
1039977
2798
505942
157293
253533
938064
822775
305714
197576
112066
719695
281060
292546
572797
211067
710029
32718
458769
179105
419815
544664
1002272
137537
128569
844865
649328
219727
320694
95185
116925
1427342
600821
1096840
284591
345364
1381091
988679
1043066
1328784
1241817
418958
1476684
48377
8227
88953
231280
275722
685265
802932
336025
216105
60130
863692
814892
863814
66263
791119
468048
93966
523051
779911
276337
569908
168914
19551
283283
51903
164555
1634229
97908
1061681
1352809
857794
1003452
43943
643889
1192085
671148
457440
389818
700501
229485
151613
474545
1038684
518773
1120880
547664
518210
1304900
39193
408116
652235
1410060
545475
667343
279874
327162
227548
647081
196665
38039
504980
662597
491066
1240934
549451
579935
541624
701501
559304
1569014
7088
585626
279444
967495
363457
589515
50869
577286
337440
500909
1424114
191836
1008470
406221
537805
1169320
70529
61590
604358
1581953
143568
1154742
835076
455303
712838
1232957
559014
117995
398399
1434375
1137068
489789
113433
1672969
611326
471345
1277299
408316
238869
1057884
419522
811008
576205
450252
836485
158456
10801
79616
381719
749214
408925
1487654
383897
205276
1321438
481035
531592
135934
135886
647711
905585
94985
542984
333895
566448
1353871
1162995
76979
333146
907505
1445327
1016503
913796
445510
226752
868221
1398035
164725
1061943
781552
924679
570571
764645
59532
346449
217202
116029
806995
213652
798642
510575
21562
626904
87841
733175
227401
14952
872013
568411
178288
209943
1032417
837553
1067514
1560226
415909
821089
330663
692128
648053
1042916
289891
487532
599683
599822
1011484
463219
471281
554552
1189303
207970
25482
1067372
425943
276454
313309
358931
33302
982920
409898
120035
1219372
664030
453294
213665
792521
1240092
446705
207440
159931
751788
880056
816859
1148385
213275
84124
245494
252447
1442775
273533
999085
207806
687423
166622
238233
210275
435905
1039863
473158
1136076
208065
668842
137875
700659
519065
447286
488894
390196
514579
254047
1181940
587553
744989
717647
439686
183653
230364
81904
254834
30682
250783
714565
1037269
604567
1024644
614178
587374
638060
364876
124144
154657
844506
849263
710147
728094
71176
364353
1027091
390656
431511
299134
268134
242839
139829
88794
447004
984750
405703
883551
553601
1350281
1070659
1054711
284528
1491418
920558
991266
287541
933437
1083855
485797
811656
276175
188559
609310
1330222
143457
165209
568097
319521
671000
639149
1096481
587025
965478
956062
1095173
876077
895445
650012
653772
598163
972744
153903
50829
525138
15435
401581
895335
138811
955935
994805
1388053
1332751
81416
1110864
1361019
1625077
706672
551356
255604
1456829
171588
904455
293060
414771
530483
181886
1709808
843915
1164089
1055913
1103447
67765
874158
1398300
660515
495824
239963
46837
48007
449910
593527
124172
569969
439414
825678
271706
676557
319597
664562
1102478
789432
785094
74462
436611
346848
1549945
1105071
354803
456195
428124
537807
896987
7049
672320
1690798
791989
881932
393585
433890
727842
210114
227951
661456
1247198
856142
25106
458805
208782
348392
958492
363183
1119962
964501
415551
384315
219635
306523
178597
1482273
131859
924616
25214
514416
1455092
491918
418616
819451
1713802
323868
1144436
400962
224080
59441
1190860
438125
233090
235788
1068696
244543
1544198
60226
1268801
1129041
621538
906056
171123
268768
96395
324148
436547
204532
1393394
302004
351599
388359
634168
1098437
196342
383346
75612
89335
1437227
724688
1115142
405904
188221
1271549
195946
911576
1206476
593806
304127
584075
1246285
215194
929835
954062
120629
778455
496279
559130
1293714
365785
209998
482106
783646
22369
361546
267164
153797
136860
79981
1543186
696982
325418
485749
1376551
295724
422831
858517
180399
52408
65367
239774
92872
1074933
98593
371179
24420
133802
401991
920458
28228
848027
300250
878490
96065
1103592
246176
282656
521867
715041
532799
250113
188225
683539
209247
858432
88936
1040495
584399
1115135
374464
310876
666234
1105333
626248
514678
1256802
738491
258920
1225008
997523
375316
342645
45382
187895
573755
313983
1172004
365376
353060
451313
397908
363839
707477
858704
553399
167428
1598990
251181
558579
253017
226875
508459
322085
486452
581714
1209573
28579
1492722
1567271
547867
331911
1018761
1154005
12430
556173
152933
31974
138503
561374
637023
1182731
716382
71426
344209
1166252
189883
87931
1302590
611104
649078
276965
1239135
49409
949641
728751
1412496
13962
109450
81731
761462
1495553
67813
142829
338165
545978
162821
244451
1450157
757867
618445
1181234
581966
536884
933712
495945
200697
328935
1358281
617653
1136749
1091413
161090
556181
1335306
32008
1132317
347209
518447
265537
353267
134502
783791
209340
1022649
272073
507064
539225
978578
687044
1045082
22787
346175
709231
20600
756339
700458
853023
374063
40
1294247
99069
602957
192223
90712
292696
986393
1302940
74518
341330
584630
426851
69796
351193
637036
194358
618437
571427
428357
231546
1270214
939492
153873
125555
92372
392514
99076
522809
979640
28667
176994
245530
1150644
448798
1016955
1276967
1144849
1030128
463600
1496156
518623
935399
838534
1033648
209
312586
455512
60953
405410
471495
806137
27466
722013
1418218
197723
1248560
483654
93029
1034341
191871
882434
865214
232266
987935
122468
331771
390753
510812
132056
800134
96886
209386
366774
1092586
653512
1367596
45479
885778
280643
349903
951032
471178
490530
463971
335123
25562
15581
363987
297573
1246394
581595
364387
56824
516720
421783
149278
390447
1044147
1432185
1135391
275519
809936
252087
146950
1278660
538003
1606769
1321107
186378
1270058
1511082
45454
830320
482348
45336
11502
88615
249567
1030084
990641
80070
1589427
1321451
986506
361970
1054863
716723
224951
1040389
85133
44078
708575
94286
1272739
280584
233621
642933
386475
150305
672526
186611
181057
680243
885146
198441
370242
722013
917966
462391
553565
623913
809
197981
956847
556041
99936
1651038
814473
557409
273337
458043
461363
598277
258006
814497
61285
972728
1130733
1453502
130881
356196
139288
76523
777701
22601
546245
837231
174167
802892
597991
1558354
377372
449348
891113
154745
1342140
6178
692588
909467
23543
1052875
409531
172245
603678
621968
428752
1032377
117978
456677
136243
1007259
167279
901914
1204307
38102
11153
418877
309861
1473085
350184
488831
57978
1116044
1028599
331124
302016
470683
505517
273287
120975
80131
454502
692955
248024
1236473
921939
333750
563491
18523
1234332
709422
215188
1160898
24686
73208
94678
805797
477699
272268
1394089
130690
952429
762309
739492
191704
577034
30025
1007980
1521147
266534
861468
170540
823607
326373
317420
78969
297260
109449
1025088
471338
1061486
670878
81717
1130789
321060
1023847
14087
196033
1210225
188942
260843
1076548
254427
1011722
920675
381109
96403
95687
1092531
1181058
933085
394702
1218682
645135
205524
1092952
502626
526694
973012
34600
181625
58474
447021
800405
503751
1196152
103610
712285
761752
514855
46129
530004
1099022
1323568
326993
44171
151787
352953
965739
1363645
937708
264017
477523
52454
769535
1047989
121094
281025
668269
470401
1701491
733847
301932
426864
432537
696044
448120
880376
745076
277969
1150304
926362
151972
71943
140568
594214
1454258
97728
940548
433726
1221771
659323
1101179
271090
402777
1011047
645996
1018466
762426
1018825
1015452
370390
931743
818537
524293
572085
546601
133593
56189
322995
1187064
869249
158597
561241
346922
535232
638560
663973
870343
662399
371409
18435
415787
1186059
820451
426648
610789
101258
445121
284748
357600
380215
1257305
1441424
1400852
586640
1507366
282991
281596
1199608
662362
762808
716450
1261019
1536792
609545
585768
99947
365343
96851
24306
802970
426575
1743
491043
1308146
780592
203999
262492
383497
593552
118825
728184
410340
1077096
786742
1007838
1611770
840818
1409559
1320288
16086
871754
453217
374986
1248982
805819
1192754
1188989
27651
935727
1058311
381001
309641
370745
1625745
294288
570705
503563
264278
692714
1136622
939388
853246
145974
547121
166810
382787
129501
699476
399030
375723
1378956
731880
379460
262486
1501752
225371
718499
975746
126818
1094118
852591
112404
669865
109570
1821150
91808
144594
1264421
386240
915697
515245
737451
258727
894113
326780
1310063
464716
460158
252742
778867
298339
1067508
178221
786127
398154
681653
593989
958065
992047
304567
18473
824086
965030
370292
6736
265230
565594
919885
1372856
1470754
841954
711217
317927
507813
478746
1195323
190812
658745
278309
178007
320708
565410
456226
385889
540801
225878
510325
573345
805403
833160
959934
226342
844443
1139615
428233
606505
442573
397615
878544
845420
711907
810600
476483
77696
101052
452176
337135
188523
672505
913094
128236
167917
393324
1184635
699535
808190
336298
405988
617095
234386
1270187
23434
490450
477673
1393104
1001627
626760
1246105
557202
160999
118900
224394
259651
1335186
980465
1220278
305756
922036
634792
76616
334463
480215
1305806
1068806
240951
834065
242150
1426781
241283
745291
411601
1661179
401222
997711
328699
435682
1469259
431766
582338
140452
261997
112500
792542
199816
640866
1598181
467697
146082
140772
22901
958464
136978
705822
589941
172104
377189
1010670
956687
87874
525121
654032
367865
83484
1456948
971035
719215
830125
641833
470850
822984
253317
590854
684866
411902
24317
1524501
463617
105160
303626
1340587
38740
38984
95743
419190
481482
274385
622040
69699
369753
49909
534758
1047417
259493
349247
1115899
957924
22083
413177
1247155
1540085
475263
22604
200146
402217
16165
761868
660935
898516
1115062
670389
1400518
896778
309105
55070
132200
51135
179395
974621
978836
629312
412079
141721
379510
1022479
1034987
455180
706917
631780
514621
1294035
907933
296597
620553
908273
1324516
844546
250683
594752
436169
545020
394973
285140
109858
689295
1035707
154878
1275830
1063315
44207
633506
243453
324142
1126615
323190
461571
966320
153109
167763
246789
505450
799278
612990
348580
1124698
1536296
218178
329019
75404
315656
47449
860228
518027
378015
1235809
1067839
1486266
19604
343033
1072988
333184
767241
816841
86844
1221413
679243
984372
1041253
1649535
323663
878966
1295666
34050
215236
1004650
294849
424656
748538
153280
299484
106271
435581
202474
416548
462403
521591
91715
563279
751156
1124234
339670
794689
1239693
1685582
379686
989983
312399
1649819
1181687
946419
347354
1217191
1205676
502731
171398
1361354
60108
851900
488238
515438
543079
387962
813748
121684
971848
972204
812720
586801
320475
150470
150044
679622
1622439
43124
834525
1256811
397949
409938
1028341
658904
566044
864763
283054
45029
739775
152020
786790
1385842
794213
439469
408537
1377896
538736
683596
1188570
69352
907409
646821
731408
302938
178480
366738
308590
881799
404652
192530
392558
185482
138524
1016736
230399
1463542
720504
859783
89354
134747
846446
517650
1195760
1008060
31819
328700
430096
1590397
135940
1104074
1216080
746378
908729
1180886
1421494
199282
891011
694320
565750
361203
107775
654765
923681
389321
25444
100529
523899
1567496
498401
240547
252352
1201367
176001
657149
176498
748397
1028516
332472
504631
345188
98024
84435
1175567
862696
1156866
447412
42277
84585
313602
82994
884062
1244116
416319
655920
795738
1153914
20216
1112013
34713
148141
1102769
973953
1243016
1399016
597404
505590
618155
1679126
709391
590504
181270
661805
204253
1110345
267518
178272
899609
84016
787899
996296
546103
916846
563282
776435
478081
247868
140157
1208607
499305
1161806
304172
1297771
665425
1308568
1419633
408158
260062
1658170
1406577
1165201
1377551
88527
473481
377120
131527
1222609
571658
635017
629166
1466312
191491
44348
648881
1502252
67672
11914
115298
70243
363284
57566
423510
1207621
1340935
689180
205033
356606
30209
212940
618591
1191466
621995
1548436
2552
677314
877932
389881
80919
459215
248530
173804
683873
186390
190671
887514
349076
599533
969678
1061829
985142
319552
1150757
1374263
1707513
158045
243703
1492682
300170
1223589
46362
588655
314878
6753
405467
795447
379204
687624
87519
566363
155192
747025
590116
1609504
876168
374827
243219
996287
226352
1269162
128355
15948
1268932
398420
558798
1821110
43595
1499585
448630
285496
177980
261465
1402683
19059
433636
223996
288722
957135
1656427
852764
800556
1288352
460305
601318
53983
378217
251281
391817
176848
1307452
357755
192103
554240
488335
723985
191251
144066
259892
1417181
420422
129270
904769
330461
206110
47767
280720
59291
1246589
327494
1062586
208271
531424
884904
603208
876970
254948
1322309
541296
787936
193879
1330298
466530
296953
268768
1334973
519837
219441
452872
1366252
1433616
338850
1551526
526932
394196
370214
345884
612138
781561
83290
812490
442497
951498
150330
885485
1526484
903849
931026
218682
1625117
133320
1144021
1052280
1125566
1302613
51759
266392
872446
11067
508224
215628
786999
451596
311963
1064233
640163
55279
770297
52069
405542
817951
111926
24816
1162512
1127929
80689
372236
82303
143050
886066
687022
778632
861297
548091
1297811
335982
135579
1252618
1102750
1280458
192897
685612
247300
538722
396861
353215
741876
911421
753544
88953
994013
405838
1419234
345022
1120673
643427
107801
745992
121774
1071986
932837
875270
348828
95213
262371
931741
403230
1610937
940511
157576
1647307
904573
116990
303147
565232
139424
946040
878047
699226
883974
140056
7250
415254
466491
698120
191942
102768
731322
1288943
1486793
1232691
588817
212888
20160
338175
59262
385966
1670481
273656
924576
1315260
198520
727035
1537867
177053
284075
400267
949909
852625
1099155
1003433
975440
1441464
77086
218972
666650
544171
338417
179541
1087312
1003089
885423
160045
135305
475986
1018353
489117
1244016
282955
677815
842238
848129
1581788
120695
237713
304571
202442
1018704
919554
829938
1723101
306052
172394
389535
37997
1149987
522308
763342
1040368
551064
1100036
218028
670931
101921
860592
209380
530786
1148392
478015
1060312
38404
11790
532744
962520
1018065
139873
680987
1023398
807569
172147
365566
814537
251784
246564
676252
1445854
113597
84909
107898
164053
242958
725661
972696
393122
284115
1047431
297121
923857
30524
761861
959091
219218
413930
4751
753338
33006
986792
371653
131958
605456
676043
177203
303075
129181
687493
678685
733094
1699748
1302900
713748
734935
903589
932756
392126
631513
440814
1739049
77567
141572
1219596
58429
388447
26913
222627
570442
638067
84306
743185
502793
298977
1649050
389034
240314
46334
1172949
26341
1740231
235241
224007
290868
805177
1729929
63952
826888
205942
325142
6879
746573
577902
166824
58948
89156
508535
130458
185920
1288544
467968
246228
76707
32054
1192878
1164721
407378
543382
28345
1271930
1319467
287599
273700
1104388
451256
1572427
162420
739957
640014
657772
97264
172277
588381
542764
591824
3000
627929
1529303
430336
1071217
500762
363489
153663
849081
112975
48804
466330
350625
1449899
649494
927590
259945
442570
164705
198729
252894
177969
894463
1233356
1316615
573147
1176540
995669
60129
386910
533413
141342
930358
1120387
191937
379201
200874
303666
795024
1356909
392698
1309664
878813
249341
309684
592034
817711
1596438
531891
928785
1514319
12450
433364
430224
904682
43164
253489
1447377
380554
930997
117155
466242
766361
607713
539187
227878
1741040
628503
253623
976108
497024
857007
829863
310667
1019641
669722
828445
103962
951014
46627
812978
557362
253733
434166
614802
172512
395989
305707
133143
1239212
395067
1044148
100525
416893
844597
1424292
846765
129088
675998
1203114
719084
639250
1287419
593512
486196
807454
45763
923007
856008
541790
1090737
217150
64763
996854
184164
1272327
816815
736593
541505
1078936
193722
591788
1235893
303843
1449558
1025866
1179942
593751
1057501
121924
39283
1730611
1489843
52650
682221
538166
263954
214633
403141
1233794
155020
356899
1006393
211546
1288929
1002301
599850
136243
365076
549295
280610
413998
157836
801079
533860
972529
232206
308998
459893
562621
198370
285597
604196
117924
1346688
1216792
725876
1627604
575149
915695
832450
1104255
465682
39498
1272066
482239
70615
1074389
189782
429290
355145
169480
1243378
1021504
546809
784474
942606
400286
15274
127991
672563
146994
491275
250245
1064865
672676
1352275
460463
220896
628803
381535
439611
700509
391545
787196
17305
141423
209385
28937
1665243
321403
233436
741565
523746
780085
260837
652274
1382637
198880
1192488
248711
89681
46716
758038
826954
747768
625266
925440
734405
503437
1501537
573416
679298
473819
513817
1108460
246367
768112
772333
485816
44041
453740
617844
875678
536545
1352849
72243
541399
1387522
1232642
12476
959480
444882
549093
1038707
652688
303788
445076
121680
49548
890704
139754
878504
454230
37755
237555
1302033
648381
345500
1212042
181625
329451
119115
20642
585009
25427
519069
714394
522489
753896
482584
885564
256278
510055
100387
944433
1077764
7801
1770868
340854
977955
1068734
730373
185274
139572
99220
587511
185776
109037
474695
861646
5233
1512999
40264
426747
7111
830483
876648
121829
1020547
266943
804504
221467
339161
496248
846292
1005521
494908
397431
686863
229932
647751
1158178
260502
627810
1739246
298802
364659
423715
178643
258236
885414
1553121
1345164
908367
1370847
624618
802747
498709
594591
468192
69560
472580
355480
72945
938276
308927
175583
709541
362238
925405
157543
165443
351779
308071
665796
380590
319743
361544
21120
310974
529767
409669
962951
1095507
2433
145575
1314050
1089797
543938
1644302
654343
222742
282368
471514
20991
652568
54163
811319
345580
1433532
1349882
232708
77309
688290
328230
143192
357279
237563
225378
521549
874263
796301
291677
691573
18644
113292
675990
786212
504978
210289
40461
150674
185018
1282013
858372
766802
1143844
1330700
607000
228969
1491699
368306
1689989
1387562
484622
297625
71752
131704
159970
26400
479148
999982
436003
1131325
455769
976797
117053
1247715
232820
433344
604391
406441
1537827
382648
586277
74286
296871
892364
423950
606341
621872
768098
201889
471059
973675
6828
604657
695120
725561
925438
473492
492727
940702
563964
798400
242732
424921
510043
199662
841904
920356
639262
46825
667241
68608
418354
137708
265519
650100
274073
1266749
663103
62501
185535
1117960
125294
1186691
1021354
434921
934322
1620652
1284743
970774
330479
290223
1232084
1171286
355612
1085081
640814
38843
212195
252101
1572467
631168
747698
756187
720485
200464
1201986
267959
841442
53790
614601
369437
214890
883687
1175862
996808
46072
1203294
23691
375573
583685
885383
389266
322393
685034
776371
258492
700394
716641
25785
139422
921561
1005492
402775
1275870
304152
79573
597870
937737
274007
257523
32144
129556
69971
651953
72993
247246
451667
1084106
539291
434198
703033
61983
227892
138851
1565463
901623
471740
141347
65923
4778
396388
1127585
157436
178799
632839
1612328
694462
534564
631556
493843
95593
1368804
1514411
261538
594746
281070
82622
1054158
8882
13471
520249
331043
476465
284182
836501
205168
633107
727886
702570
573266
885632
925218
1386586
402431
545457
136663
1057653
9521
460462
129631
1083896
477292
369220
338979
198296
1415737
19427
651777
272267
1599293
867208
53311
33236
1248313
1566852
179337
26236
61352
281056
682231
132579
425550
316015
1738488
711051
604737
602715
806248
927294
414748
968859
45999
13899
471827
1168739
1013417
1232706
418059
150
654751
372326
1454974
1332115
281628
772158
294774
1060544
320044
474276
1379014
30226
294840
319781
1249753
155010
588270
132896
59989
730989
414533
452503
1041783
1234201
339398
146499
729690
421161
1052317
1026692
1498246
1205667
804520
1510447
29241
338844
990403
1176701
84995
535441
80487
387433
519186
27428
599369
298586
184156
471665
719132
831252
36551
597479
126964
644707
91595
897112
778093
1162529
1040844
633191
1058111
567268
345965
230585
145791
659075
816015
886508
643551
1479398
678294
1610492
1551300
618013
367472
1183171
233530
222938
26222
983465
278486
690724
569951
331943
1037483
588320
509841
268626
1360545
389509
1682299
616776
823595
155485
348878
158032
596862
529673
462082
1057615
574878
1346267
668390
917127
173259
701065
843697
421051
294378
1574960
1211398
823458
878773
1137291
1172567
400954
1686805
872060
453879
15004
689790
215518
219445
1367995
377353
553908
69397
413991
814725
156153
201012
919112
386286
144908
856798
964517
554793
830160
977994
723581
543615
279655
86626
1021147
1164799
29307
1529709
1144302
424376
476123
155657
774310
87250
778511
258711
208506
318470
1360970
1115499
164279
290354
364634
24456
429561
333552
108195
665489
1241322
825983
383300
556851
387026
698402
101402
130032
799884
312795
665946
702171
1071784
15931
683205
757059
744562
749025
996462
28348
77295
194380
387805
969999
855569
668430
219157
578714
617932
281857
951840
401404
79861
614997
453879
140346
1657271
439594
105881
919520
54663
407788
1286352
959492
173401
212443
1391583
1021956
445474
869129
414434
374082
739093
749986
1380805
321197
1583661
210917
665232
543854
271306
709058
517502
824781
1124757
952218
785191
812201
327132
448766
276521
730684
355558
1624508
645186
913587
1096020
128451
722520
767251
783871
691149
69064
1062409
830360
68015
1313535
1066993
757939
1359539
760311
134278
50489
771389
646283
510467
113870
253296
1550687
1159483
310026
1080679
586138
712245
1136082
162634
622436
279866
776292
1605592
429973
378324
344276
704866
52562
79052
649627
102349
1479438
684402
762011
1507583
260428
148131
532114
599656
485752
387956
11502
248576
1196751
729269
268291
685087
427029
271904
504422
213001
912684
1123014
676601
340968
306684
1301318
867218
1359203
896800
845838
223463
257754
194185
1042395
351479
176023
253638
195414
621095
724965
178009
821001
631317
866708
333525
365946
908583
493020
731526
359995
1482256
430445
1046508
290169
1438283
348601
120119
165658
216993
641330
962880
342926
680141
116807
533104
242807
511742
61366
901536
21603
201735
1143098
978027
24236
198403
769954
247924
626080
1340754
118157
676463
251614
789252
240652
337779
1072785
673994
17354
300936
111028
411086
114370
946121
1448914
1049719
1479472
490982
14054
83973
346533
639805
292027
581757
508212
419133
1148595
484187
287543
280270
10724
753001
310622
132477
602428
684415
537522
459983
979342
401751
281296
1320482
14734
297418
627099
21149
912620
120225
257572
110879
400259
161930
529666
300082
761612
353711
558
697552
584300
232305
662015
367114
578798
1178182
722822
745538
379971
1156507
893244
400409
51888
34415
93674
312939
966841
1116245
1517484
470906
262019
1076737
1450708
281677
647851
1242302
666258
28360
1220728
728014
981575
1239381
1075745
795523
317840
336406
663682
306778
1188203
1545007
128461
1290971
646294
643793
197666
1530818
140441
1006291
1273659
916617
839692
879287
807446
402268
487870
392688
606134
230629
1555350
1075735
111670
646292
709898
1138405
151607
113244
569971
1511480
809298
581036
195615
636331
673402
1155213
1066490
54302
774218
201116
151603
559701
698962
462229
1057000
497543
183812
325749
1063424
716646
387365
826475
935320
572527
144983
1314713
774710
746800
1327836
1448874
411657
484322
6730
40218
169122
1187953
440370
574716
176401
29281
676807
158196
210027
231723
1112329
1344052
108648
284380
364764
989253
1205306
90696
478127
212647
148282
1071028
313152
552780
171217
1569556
252659
94844
394550
424396
1085843
591312
1590908
1272683
1308994
333496
1399327
1202084
1253752
1539185
842042
176210
1205636
1394985
572190
378482
1254216
114066
628519
216434
511021
461464
1222830
1099637
127799
1021875
1048832
475485
556596
1049183
354374
316840
450698
1228110
270287
892781
261006
548529
1412612
499497
637621
106954
753188
416497
560450
536247
192323
485794
379686
475946
863045
1224463
463939
402850
1136745
199015
764510
331238
133508
261352
144352
357602
203568
325583
702966
1180964
172320
1476936
453698
216643
754411
192114
80110
103972
146610
162696
779093
344749
1131080
242958
270358
76596
39440
367166
312187
537441
351527
500600
287034
259266
1057176
1306144
424844
380961
564964
1166532
596695
876225
1216506
147173
1594770
965835
441475
1236110
639944
253649
1089123
561087
1158553
67212
199069
206247
163878
100976
1123294
82387
743554
348838
178893
151645
379188
711392
302277
960722
673943
1253983
458146
1518154
394101
395182
174624
1625452
563542
393571
124496
175910
172588
952600
646893
372635
614466
1103332
1055197
313438
534343
645440
992728
277469
430074
1111003
574756
443383
1008100
517743
342269
48184
948847
914561
880874
824263
1074053
1145406
96038
924611
474305
132358
299068
821688
52071
666247
1340895
705889
339910
977624
143857
414875
52885
78416
853587
154420
910464
166130
739884
1344732
462946
337911
462122
225580
1263748
1102026
1315396
184653
942911
1503859
1175892
586842
205547
92477
620471
711442
494646
495038
1047465
17106
400835
672739
205193
98141
52441
415163
706639
45145
745689
162328
206136
1216741
406521
899740
82491
1260946
55469
234846
291470
962063
85527
613251
142243
132395
386288
763609
254602
55063
1102659
21575
892890
1193740
1006561
342776
578277
589200
394357
842069
360544
806247
234927
250736
518817
191165
360565
220387
640501
993973
1019041
385050
1210714
38096
683974
248355
240774
869372
743813
979748
126160
421931
314247
1769938
1318954
659905
613273
862840
294053
554362
220164
715226
259694
315940
737242
540242
786533
1515104
457661
1377700
1396404
745556
948396
881117
231683
320253
417308
405632
529526
904528
138010
1339945
543556
1007202
701771
419441
1693860
293322
823867
251719
807955
656587
1282807
340946
927037
421842
559445
109208
485155
1187964
431104
1106263
111975
1211657
999274
842259
970586
976145
1121698
459754
232283
440247
1521583
152244
316008
360250
182970
627660
526398
142334
442226
926992
113972
1151362
1213506
973416
517900
278396
278186
618966
241301
492458
235058
815408
474740
630391
812806
546971
118086
1067048
635829
177740
37974
331230
763649
1722517
385787
712948
605984
376160
1088742
546979
1640479
257309
793468
432964
456007
779915
746304
244975
291413
1700688
463809
502806
852001
200558
201418
236151
694849
111692
26972
66952
1639248
286917
83542
1379907
733961
1337097
712584
556647
821605
248051
1688246
475015
1030893
1010926
1352256
459200
547389
710210
215814
1561528
1030706
756246
364027
659222
792473
206335
72849
123952
31295
91876
958813
132051
54526
1440553
98009
874096
1015443
323271
730995
774428
165143
699898
1230760
873759
139498
610522
496815
564367
682730
735298
510069
174102
587307
1165739
145398
853666
1131555
526374
818396
143307
38136
454688
113254
937756
651416
1227530
416812
67398
300121
1283342
39327
1053454
985262
444257
703180
233106
1045705
53473
731727
434407
1046111
34544
940662
1279469
321142
661187
687053
277786
1702300
223154
522186
890727
600006
96093
1919
616037
1315874
174561
392644
172030
593840
1112316
741566
58568
251446
993926
1228008
773901
595785
1632057
52470
1093560
771995
1089715
61338
530764
268401
1035570
1119813
536805
238939
948461
1308786
329828
414573
697153
750730
197704
1207262
963111
944758
115996
1450341
164818
752848
439399
738398
1125377
751271
510693
837509
1098365
707686
1003136
718573
801851
190768
759768
228673
338822
857932
1244372
913717
407549
805206
40299
265580
312798
1143510
718501
1542390
12997
1383729
1015519
1457757
459580
410869
219618
362294
200475
257845
290507
1281493
1309685
108590
488995
746365
114895
1026891
1162233
1317266
652963
28311
925036
626800
106142
1530919
568100
1729969
124594
241378
286073
194965
125823
177263
594094
128873
1269849
1274549
285881
196592
348485
32715
955397
545410
819457
1082017
344087
1391967
1367837
64906
222826
613814
93299
1452231
468835
875149
290574
137770
1359529
232294
449213
927990
934155
690347
972589
177450
204920
1530778
1188650
1045710
308219
1321996
754484
959879
733838
1341484
261852
416757
332213
385292
211500
173470
574729
25784
700472
532742
1573030
251592
319761
693653
512221
420427
713808
55587
1195171
465814
479470
164867
287429
479184
421823
99908
863462
884269
548960
111982
40939
1033458
1679977
672958
571506
95219
493837
566084
135259
108053
1359579
245732
939131
373162
215558
622439
797551
176203
87298
838727
394317
514475
187074
967002
1291960
839042
996336
675939
854174
772244
630920
926167
466190
856351
708282
313526
84479
532574
861549
840677
1026507
705044
1003069
275958
187164
141233
1589839
810979
63062
981871
176719
95280
1385428
526129
313719
880448
844337
575738
452870
99680
368238
223960
392994
906666
114028
92280
1244231
560692
79929
296794
398521
597165
1306643
227971
244526
495879
181390
1008676
1770908
1136621
225964
170495
706929
628594
554827
787238
311099
1756055
273782
1234024
699409
331628
849843
854780
382206
695041
1334878
151014
364015
554269
824292
760423
868627
110189
1062965
666344
201162
642657
1061539
110242
613235
620730
472938
386300
436555
525527
529579
1683777
602973
55788
1161598
1372472
1300334
678140
442027
820342
714293
265799
562719
1469768
632795
851543
165594
720270
161364
1365801
645666
110342
41365
832928
220170
1799219
264347
308186
659637
968035
552715
1335277
1610795
660130
337512
509018
91171
821396
82575
1752542
393694
368746
58741
1367163
1390211
613768
182850
188558
501298
1102145
266606
75293
499001
76746
1226382
1038976
67262
795465
741759
76922
13864
389772
1062626
186784
198579
1095531
766179
568369
1313203
846108
606202
253799
132028
236982
273762
606028
652116
295595
1435423
170370
311305
431092
230818
1043435
328421
904393
529910
743574
126482
962718
32123
859119
383387
572154
139193
237636
269171
40822
86504
839667
402744
291772
912614
730363
36946
326946
631236
819692
632580
938449
749441
1054832
184760
904775
742107
678649
830901
739693
1311654
212046
541875
520535
1777986
283164
1300733
511238
272958
157502
996162
454099
963993
1418210
272480
192457
28155
569797
457170
554822
902313
1258273
1404862
860802
548052
344134
194921
68071
568371
949755
591373
439640
529987
52637
1078516
106564
1494703
668357
402788
405768
408575
732461
188893
635721
804713
150804
1047961
594389
1424286
1198752
25113
196603
514238
230186
385945
1327406
350856
1118434
610649
90691
1525581
65695
729073
61060
749993
36865
182432
1024647
394638
1396444
32532
842054
273199
63211
1189395
80910
1109212
565195
561543
168729
785918
696430
1276917
560849
192852
1224829
1498295
1281873
1411803
851024
1353280
858040
1257277
296301
1329045
27286
953145
17714
499598
1719109
169499
1512190
1005742
349297
903494
62158
306960
1273989
427920
669164
85991
1419475
456721
725303
1136890
312968
252174
646683
588967
407750
335579
1081722
192102
800094
1217978
252531
527580
1394962
1384287
442678
626391
1649859
23080
1360587
216852
534798
237901
377554
20354
415013
473424
388765
892999
581678
797895
729921
322148
555832
56588
521033
1700586
434963
184520
139633
997265
142214
834988
900140
351254
926566
988403
780484
579718
933835
96062
291538
902655
847068
261757
473584
436149
1176559
7051
448406
338443
196932
701132
61333
23724
1002471
480162
450555
111060
273477
332191
622793
214001
140335
190100
1389907
11773
962822
613840
1079584
531293
741072
894863
1045810
474047
452136
813050
353204
340810
1452959
735456
73842
1294922
51258
479534
315840
783311
888065
468875
269073
28127
1010701
1569998
1137798
840961
536964
643739
78586
409437
1562241
228851
979964
159584
51550
652407
1595836
502098
1329151
615733
512556
1349649
1530267
582487
1426804
68627
44159
160183
318835
888025
365934
1260893
653381
1144027
1448475
603950
948569
1132113
245414
112326
414785
1034061
1377256
1739089
789267
171009
93504
558614
552514
1246703
1723141
29631
901496
275966
894512
1718300
1299095
112297
318798
915451
501517
936157
576734
982276
1144343
1066825
1157132
691910
94673
209929
584576
645781
503611
198044
509843
1330344
651590
232492
613012
1442076
1268608
1439234
692156
155219
98604
310869
548145
402938
202057
134666
253857
1028828
582232
393549
1143469
118680
653700
461499
611283
516521
361602
478580
39958
1204668
308012
641852
1135311
308518
113637
34412
528368
61413
1060414
648780
650157
1181310
341464
516025
283759
200530
1115379
1017316
1012370
952307
13883
493708
265536
571209
1462210
350305
840148
1401409
1077206
1156242
317868
326251
1523531
448849
863278
91505
430853
1139799
463519
68568
1248639
74653
775588
106272
1306424
855162
123021
70194
338531
208469
486233
729128
55242
173507
1303367
1458024
1177237
633978
668922
379462
1232421
1514079
987336
184905
734489
24253
1069500
72519
952959
1451578
617516
666892
721869
896534
1314673
221152
271087
1025202
126143
135448
60641
888367
89352
117003
748302
134639
455330
377890
762749
945006
737052
1167450
514097
120574
43360
281454
54686
157744
52184
850964
1368868
186277
1067913
780731
737872
783300
300418
428608
328428
784823
287316
1433138
730002
1022747
918687
399
1259776
1276239
132671
501930
667227
573187
57705
872094
143876
780825
500008
77335
94256
472268
139348
1507485
1448515
285441
363562
353286
1702300
485957
1280990
170301
862454
938214
390402
205347
256331
684118
320700
230490
45020
44227
757861
1315638
1660368
1695925
1348968
702409
225924
350733
935518
242571
127945
600504
488238
28050
397466
1542455
87417
106151
590754
792535
3050
416422
153115
432118
827065
1239534
1255576
1050361
153538
68916
1741627
632707
441403
260328
718102
1593109
52392
447968
300505
674342
173011
38710
1215947
453775
503835
392542
161181
208111
375398
264107
1286584
208524
750381
84622
516848
1489805
726178
1019404
1020272
1106497
33313
442822
599096
358238
317611
807337
863811
462811
878991
241846
1010563
198992
305697
145264
1043716
15904
598162
249967
432661
440415
1143174
345746
1140926
261180
1210544
309408
1342042
209467
240090
1150199
87300
376813
217048
762125
251116
1256771
68488
140302
526008
1491548
1353822
1415
535385
84356
287663
783853
14754
112410
491598
41846
198015
277687
217009
1227152
1126092
951989
758267
85214
1187811
216733
948989
1448269
569758
1550864
918780
493507
24460
1426793
157211
1405351
385561
1525437
30975
732042
869437
21931
892686
1090319
654860
314846
162584
139079
152365
305348
897538
1248263
37207
613031
145679
682179
412147
1111728
490175
972989
482278
486026
130751
79097
1173609
143256
570295
260344
1204743
129651
200955
1095951
1095357
388094
301527
11644
374167
1203924
687013
877483
507179
112018
355238
1716557
762685
850814
1109738
738467
72622
708979
402558
461279
835380
522937
146323
225852
335220
512633
1261094
690451
1145248
4635
54721
1260016
471828
405756
1076632
1348589
1477023
683328
767705
304371
883593
1399328
107979
1130987
1507700
1416261
1436274
542360
290641
171239
1082784
1600238
14676
715236
170478
824280
456993
1029342
454901
199247
15971
1070715
276261
1444518
250693
265538
147310
132884
1222021
805353
853457
950681
1338202
780012
944878
454287
1112166
488794
1083432
1458830
140214
604241
142103
1393690
331259
54728
659268
311695
651274
37765
591186
512014
1519129
641969
1642222
409646
798525
358836
897457
957090
515288
1472272
337221
424100
1224307
952776
124860
305844
578454
1157349
412866
424638
348022
120071
631104
374011
349860
802903
441429
777564
721468
999556
620980
881452
998985
362377
276076
649802
525369
265336
76078
25478
270523
262798
715410
785870
257513
464784
436165
994018
1270616
487680
588146
751352
1579118
253736
385638
506540
1033424
623989
732184
540895
1046578
452343
844901
274227
734368
85882
88108
780597
568361
649886
1298099
504229
186387
341713
473519
9120
794757
72426
517337
477993
72657
250208
979478
299138
763295
412115
55867
47052
45212
916088
996020
564402
114227
335095
795113
642753
12311
818051
263600
962678
584735
22992
380657
214491
937534
838384
806871
1260062
729770
104217
1057495
534417
693923
1058031
342407
354935
1074806
1291402
792385
719784
854047
1328487
134374
1107043
43321
762290
340222
286658
1269799
493067
49342
1254266
467686
55509
347134
618554
1365818
1331257
476985
1639799
16809
543305
800694
959268
365717
773034
89760
722459
327276
433986
795882
395947
302972
251331
73490
1195986
827137
416537
1188530
113893
965222
390097
425307
572176
474204
1358088
1409638
368435
30923
369292
197868
642128
1087272
1320031
501667
336867
30812
725452
41271
1349085
191641
953885
1108630
152105
1019462
626084
255894
316109
646553
782439
506820
158264
886284
935521
1323233
199555
128505
1155839
128712
618156
63136
692893
203710
148285
359085
335022
963809
281055
785765
1076588
447451
1156752
306790
1478744
607196
48066
176011
771902
983811
891512
363347
358666
304140
486963
773997
1260825
145980
113231
1327827
221030
491634
606586
147464
1021016
920209
874603
1243422
248532
493864
1136461
1489962
677374
1537035
1264616
258874
615468
864949
203641
319240
967976
832147
152811
50242
919116
690252
378834
798434
325679
1082990
661283
1213647
188907
1628297
207874
272272
1030598
254169
555972
519328
361485
489515
474292
47030
1087382
824983
332488
96278
58937
267364
1227298
149061
258698
848740
774532
792975
144464
1015915
768142
609749
274626
805522
660647
654878
33153
1074878
1271667
103310
290598
184082
893002
600602
982516
629282
320432
376269
447271
215685
1627488
1550824
1281038
662986
751660
54513
65519
1478318
1209741
1200793
275665
830501
817471
187810
747160
591562
540141
633267
594015
1225906
807146
790177
233528
704434
1127689
1070899
58812
357452
1340744
250484
474120
300573
324936
237725
1631336
897683
226900
257312
1336280
1463441
227297
31550
704299
306497
1051997
631819
1654533
607299
421821
1389281
386213
1298802
737733
173398
1465146
421050
1142969
36922
354152
108240
815368
767776
350044
718150
235911
637902
164815
545280
1108311
596310
43510
914445
217509
930414
539928
1404741
729184
738434
894704
114272
333818
484506
294691
572291
1164035
1499027
542408
184502
1004263
11803
1640456
1308769
802177
95929
190029
473302
634018
242935
124988
332835
1782370
411329
1092039
119859
726448
1679100
927569
984217
1169863
431185
305902
429081
928407
1375434
474383
909870
234580
1060463
1679060
1319141
274892
739694
329444
409221
112147
1344398
293691
362349
371388
475913
552020
709382
32764
506148
662799
247669
140554
468301
118364
492094
1079963
163302
771786
423301
1344541
963215
1661361
230095
132651
70473
701696
335168
225468
747137
288054
981707
461119
926736
548386
983625
522718
791103
194557
80248
527828
798387
863961
893566
717472
990790
805669
205293
1104787
818587
458157
882843
229069
676506
388436
623286
1052036
1084005
511781
594429
324521
1149131
330352
1061881
56639
85122
823037
741526
481746
177799
193755
160967
1455205
902181
1190065
667787
265080
1494476
493162
480774
386617
593695
1363497
101950
48851
287178
374334
853804
59528
1038577
53381
588761
256973
53035
33527
201222
286287
106911
491582
1047307
620950
251405
85498
875361
764907
418551
126589
1133651
223035
263208
808818
1260999
289688
911351
474156
364412
952050
109954
401163
1227591
934963
9330
713749
1358802
201453
802761
684419
352749
957981
1468202
1643559
245305
191285
143695
867766
563092
793677
215947
415256
1249249
238851
1121126
405470
1068992
737184
201607
1605562
797194
903866
675281
1316057
564718
378659
484737
346993
126751
272691
206308
315065
148181
593543
223522
564339
68557
324958
1420864
797625
22343
879280
1212108
460501
78215
746572
113671
640803
82662
67377
412501
572378
217170
996478
773651
282296
695587
679304
312482
167767
429949
826435
115469
750250
991755
988429
577164
1508586
221768
522348
115879
475736
83802
10716
1217957
267770
28328
704343
454054
718468
1609774
1137865
404539
1307823
875810
547378
683047
80120
611616
858784
1286586
958742
477597
345514
911154
617421
707709
81121
930512
1178110
678603
849799
382012
395876
329411
1263880
33340
336056
524602
1013719
98016
65065
1059870
39166
1356335
597724
309132
666031
1263658
426694
553099
1233984
110715
973489
42245
294093
1206737
423371
378311
211663
1753129
107548
114216
80036
862388
517465
199743
238323
991099
1782410
269527
721065
1037669
261756
315228
861030
641218
685978
1379249
146535
68367
137115
203196
484844
1127501
47549
1050119
803197
821426
278105
1363087
65507
127108
1412183
843765
33245
338234
92049
70224
85721
1047566
91363
173044
196453
103699
1416295
800216
425196
653893
110747
678338
1470278
90812
366791
527310
978819
665441
408042
378267
772922
695077
1097337
859919
946578
433588
177589
104852
98633
214483
85289
57902
761788
538930
340904
607090
549917
1658979
397999
738289
1173947
1164333
107267
657215
517320
231132
686497
1187622
339422
228176
739485
458284
1018218
894869
341844
290175
94299
426451
176602
446370
614989
391093
134201
1107651
594110
830206
555465
445871
13356
734463
1364280
1791869
35054
282972
165858
43808
98972
1144303
125944
204819
784633
1668773
289772
461169
885276
510205
250531
276559
817165
1117198
222747
715789
281983
74253
922969
734324
298678
393524
1076492
464110
1213998
1322231
292573
1250054
61181
1379085
462494
601308
681625
764301
1384646
321994
1092778
692723
1315525
1228340
108381
1152720
270286
224781
1335612
327927
319856
1245942
828433
753522
29775
180470
1214211
285274
485837
569587
505224
1188343
992197
459608
27712
493168
944399
1215179
652444
520140
556601
752434
463552
824464
923775
715969
598637
970374
606943
1194951
1441111
348379
1469945
341712
1081989
552658
77466
1448904
31898
606793
1247612
765149
243238
178605
416098
942459
1036066
207966
532186
1168440
913903
1054557
256183
397439
68613
74735
855051
495167
361464
876863
1135570
770853
596575
27070
814896
475241
1111721
459452
1184687
273017
65811
74003
341411
933784
11885
205751
1448156
132501
600894
424706
1234603
1016066
275751
1204291
188146
130000
645395
112743
927341
320845
655437
490457
223959
540711
498690
756970
432997
686835
1390893
1005742
565192
846873
486115
16354
312393
1298469
1216978
320022
774572
890254
449395
216374
157652
727710
272330
1540249
343322
246607
496254
659552
1473140
887062
75877
966330
722631
60012
999630
213244
86128
1389686
997366
617017
569496
894110
173562
55272
290332
70446
1398519
223556
69649
822398
1368405
166746
467217
33572
50230
190600
1286546
164994
850485
439861
595165
91181
847001
70015
708784
587428
976416
1377396
333663
144994
1052186
449701
1283900
798720
333654
240260
355722
83747
610594
1164087
653909
972928
755115
3885
1056006
424715
670074
40992
1395619
741183
930451
394848
259495
520381
687249
891419
653882
783533
8937
253300
595930
345503
5381
198018
1365853
1501345
190956
809709
330024
172645
1175772
389685
1056562
955500
199151
350489
350834
657622
1564321
514114
1591118
505065
136585
1361386
1546293
498029
489001
1293283
41649
505797
194203
13284
619433
177597
71858
1030600
338025
180645
1105939
274614
256789
277115
204153
85010
75061
988988
735956
1422030
1267847
475694
470375
1239532
16113
1157894
54349
776377
642961
1573588
110851
806665
1134667
1136116
378838
437900
615887
499266
14464
534757
331416
244263
295713
1029667
81885
1439026
1092990
328021
1208416
593518
758524
326697
322177
233041
1424230
1137019
533648
206768
128016
972152
273642
331021
440765
1134097
530259
1492849
868321
96738
1085196
221004
845832
228041
1277164
529229
1108995
764238
628086
1153105
408711
948687
1198373
300891
446860
322679
645982
59157
266216
1649893
715794
648274
593853
885592
981503
332195
237152
365295
256186
1003971
110907
994675
137528
676810
1102066
1176395
551154
140758
792365
990639
308904
1047107
357950
786835
336431
1366252
855589
128993
330244
1411212
564064
519806
473683
419257
51380
500042
243386
455742
146978
1161558
919614
992745
390131
317239
1722227
1075624
865828
274378
150769
728853
1623442
745358
476896
1407330
279245
120203
909588
1560468
953144
641551
696426
744216
634698
248044
1630407
719207
25735
873106
132178
201970
341665
488626
657683
736117
844809
213454
906502
1403579
348274
1101179
93216
212008
223709
1189504
439746
3773
234344
1202851
994090
18450
658597
344020
83357
89340
461747
56357
544876
751715
416850
1072346
1124143
200546
1475517
192233
1084201
109165
968101
835487
341836
978432
1004924
345756
233298
245207
917263
868896
1530251
8938
391407
1088095
297999
449616
124608
1172976
59983
396460
136204
730306
1022534
973282
643066
99206
742300
1240369
1130215
605571
216482
194773
118161
1100775
166191
457073
1560287
574549
138852
430097
579622
57698
563273
891872
1058764
584115
833173
1220317
82939
715480
163581
477681
429203
1112646
162801
213582
373025
606724
562285
755093
808351
193449
173194
1513540
447100
138431
653301
520551
715350
690347
22609
272839
721031
408504
1607626
284034
1054996
64389
225594
1053581
578481
949407
54016
844721
504778
557892
783646
440614
1401956
1535581
276560
1240719
1210360
890932
84729
289437
953198
618352
153206
435859
1134851
1211521
495412
586781
407206
899386
231164
564056
1043913
424508
44070
1490638
1400136
347022
653247
747140
128253
152613
248939
308996
13587
1131514
386785
590394
22346
1012207
745561
409894
774477
594897
1496377
1403272
550894
198913
472252
284266
711531
581551
408126
1094159
878898
467353
139497
669540
1037792
1106282
75625
1151997
505557
836698
230069
815247
240364
178798
1292492
120095
339097
288936
1102658
1203798
1312314
1466256
146808
173975
1193392
764345
168405
530292
987187
518609
1776790
204236
933526
249562
1102265
120686
731199
447534
654993
853576
564672
292044
707502
385077
70567
1177566
136977
564083
1417362
8337
1081480
30425
152064
460843
999703
225883
472599
1119435
767658
659168
275273
331705
928627
777846
1606529
1118750
664224
1457756
358591
1666973
1496984
1086056
519565
1505321
429321
920701
43910
265674
824791
286560
1587994
542778
1241101
448005
1348007
424420
131552
470505
559564
541579
1086356
497647
216010
676445
167428
412245
1089579
144553
436372
435502
314976
196044
1800479
763892
716192
745704
175633
524540
291287
159194
50579
34089
279416
96163
347506
1456562
113930
1125153
1252023
84233
1138672
850416
637785
149499
450765
1021077
294196
506801
376520
408610
259252
808158
1160863
549070
97094
423639
373740
554912
1081091
966538
1044782
445298
647146
23778
657273
365808
826006
865769
63940
1062982
1220426
1672415
599446
286625
117630
1285170
1142061
212741
300855
1161690
1308252
773325
1391110
304677
525637
222960
308081
639493
648551
382759
1164983
488806
952564
1249628
962725
40284
179906
844989
234971
512601
57670
316082
538860
400421
189501
439949
267397
781991
1332906
1268505
775717
1206240
239262
87366
983841
483709
911200
1659958
352026
690770
497466
256518
1373131
1305386
840142
610541
1142277
503367
649372
1322796
118786
1207527
445192
206919
929270
671772
276091
793297
86738
832215
665196
1130415
85280
5606
159199
966151
408071
1012608
1093928
36844
1017976
268856
1253603
908094
1002012
1345141
146800
956859
1066686
1191211
863504
182096
226828
880851
1071166
1261877
416387
40096
739561
1397243
606311
243193
873569
170376
357766
973950
106686
439766
16153
776941
867494
187986
1273547
1360844
509660
528471
33345
426301
71825
231727
201835
622412
215969
662694
181351
218491
561442
749464
734958
407191
956223
851569
1019040
163263
727319
129141
180873
796172
445970
918083
396919
208842
519272
1026620
816852
837679
452035
816521
173047
291834
69754
817931
600193
1062222
1334058
1295068
1258363
251058
63651
524986
427969
911864
1115668
269390
1073495
1147306
811004
22768
1657358
555735
675886
86730
109025
996079
1534644
339252
405102
320666
1462280
296823
58136
614772
1413242
1657316
177221
1689802
1533684
1224994
1341199
762801
874319
404229
255953
1102867
240130
1380798
93339
950628
29403
369318
636330
1245724
224673
281637
6239
399705
280187
224967
781158
32453
51442
319886
376715
658819
210324
609703
952435
1359835
1108077
601855
170734
458770
583019
965128
442881
1201350
39962
615872
611383
156754
872137
733019
1167243
1229643
1510166
50419
112138
131736
689429
594819
421723
115019
434968
849116
369661
129212
309718
40410
614047
1262946
312558
1174486
1359998
593800
1076433
692047
1325308
920597
333204
250042
812750
307203
763456
984494
1499797
1141509
1048877
798826
324331
1054235
779180
488652
1141781
511028
782197
97275
607388
1296455
919462
636667
597422
983700
327971
706222
1236146
659000
603210
138495
431904
628983
183518
179015
714409
1496926
666422
30036
604053
25151
126847
1284283
200614
757179
120368
955640
800734
27226
1289933
519819
904651
794541
634358
492057
283169
940819
359157
352451
651336
253644
477606
750305
533778
51821
504079
212269
742508
401115
924673
52547
1177043
156492
265616
752953
430323
1228055
44137
144144
48894
672170
933378
474954
564461
697395
11286
980667
765802
1030367
52900
265231
1370966
936135
1418892
156630
152018
781751
247165
391148
1171043
281273
39410
48832
392167
409981
678476
757072
730369
195132
30031
610450
874016
1411674
138414
251546
679659
677972
151612
248787
38513
685772
658087
758029
304194
1174487
240758
579479
1178733
482613
219568
43739
198405
35333
595492
974355
314302
224176
121428
99336
387177
1072425
814184
1239566
569432
19880
140345
1043538
227175
147471
941211
982547
25951
202518
131369
129546
1584467
320840
854685
381412
1680752
654602
442915
186263
1135195
216322
745165
62519
1084227
616933
627154
635251
274358
782209
1004416
631648
233871
394440
803490
571989
157297
630416
691669
163876
283072
454963
543931
390057
765520
202202
163094
494868
708199
114931
466392
524265
365418
835724
59852
1177320
1466313
1041159
670079
88115
356143
799546
480264
1244824
501184
157765
446
861529
90377
31884
241192
836560
885773
1264304
972455
752887
437086
34861
1620447
641845
1587288
823762
153656
202095
724771
1234469
843683
879905
1361797
681551
30786
525641
460667
329917
429207
82271
634098
928691
231407
376201
72326
786446
31636
408139
979927
160475
547457
552097
1455654
1004813
1610034
797525
732197
177725
1835917
896007
1031135
745695
288160
640434
501232
158805
210275
1177175
284038
99893
106579
228830
299328
519824
263928
1003853
480493
654610
1044974
1186164
412665
704483
271561
1002992
592152
1074562
853747
372052
353578
803603
813744
662440
129865
56439
919376
769663
1053618
66468
796246
498899
903383
151785
1089692
647350
1396143
490115
73493
296119
536609
992454
196909
587436
1050280
541564
611589
1367568
697587
204932
954336
149548
873512
1034802
575599
290434
370550
1165221
1451400
601805
816247
859836
942312
812433
1632112
1218872
296282
355214
105009
500905
668743
389290
98618
688826
151319
1274766
287573
1099066
423579
274853
572424
404246
847877
729786
312168
665950
970195
339327
401145
283189
963625
188020
13918
547494
439689
890799
1268737
19320
3081
1160045
925554
545288
1451609
627442
197492
1303716
808411
308198
194685
887894
807195
67872
926136
273569
1462771
360628
59126
835812
832616
803108
1614866
131993
330962
439887
1135973
1001197
388275
789066
762153
507753
356377
1163943
1327979
517643
322615
121969
1432576
108515
797024
74750
537034
854022
467175
482638
1366117
902740
255914
1295550
497696
1482187
261585
688078
720200
324036
71833
33874
356223
293750
595455
495556
1264376
1736090
133337
167576
968769
679817
1266873
452338
369175
312028
941949
240648
697333
325067
631771
1032969
1346833
249623
1438790
29312
1227266
60095
1179395
887488
47227
433705
1123045
698852
221706
1027326
21357
345102
1360758
1294175
1071658
470423
306298
1063272
587141
1182028
1353778
154739
811022
765626
101711
386253
357072
405523
657762
735905
1116270
835064
590935
678333
853058
669727
111824
160355
858027
1415244
494815
224912
740304
125092
319403
325273
1668831
9668
408031
775182
583349
405687
398721
1180902
843536
248833
1273780
1641201
311160
455842
520231
132455
353565
778536
200001
508456
259505
162170
630268
701058
498111
1272941
420474
845158
1120964
610167
904328
528209
512782
121682
1350016
123141
896727
256263
1767256
6659
1106869
589790
570137
31390
467027
11411
676638
995987
324227
619038
65562
337219
66258
87059
388013
1107702
290708
245701
394798
1046134
947720
880939
905477
512370
85467
922202
295291
217587
548445
1392288
249080
302614
194773
167518
373643
1309113
272440
1007105
344087
1460191
170779
315645
46126
28246
1307171
731792
527671
738460
1547819
394443
816521
1347040
473692
321300
1107679
572981
641384
1271912
669859
1373236
951074
621075
623187
687098
11134
301924
673584
547052
833983
363656
943148
741541
418407
1001142
438648
465508
1112654
1359225
914953
1203908
377835
26684
24453
442990
35121
1276509
1453519
542096
626517
370078
1058570
32486
137708
765388
745138
52998
575319
1075947
118366
805994
1711400
483939
582754
261134
207910
173271
753564
67804
1243356
168587
316009
178057
910240
173597
1010234
728367
244074
1494181
34568
874700
524590
1168257
473264
21176
166082
1171104
1376085
994947
406563
780043
1299091
619640
723148
1221230
755073
823398
170461
578532
345274
1364790
230581
878691
796123
890778
857526
1085221
37913
732709
1169167
480188
1652274
859465
237776
236062
80224
1165150
521308
64654
1315651
673164
396470
1125115
267934
336181
751633
1205699
423131
1600831
122752
168877
38042
107790
718070
1269017
433494
671925
892466
520163
690250
253550
1280653
162018
256568
168013
447799
15541
135147
222743
828924
1470929
1113124
383332
694740
526946
643679
304189
871957
121032
358759
180775
721111
427134
1594130
704515
864647
901249
554816
592355
307791
550587
21567
324987
1769454
1750134
1306737
143132
52993
582644
130747
804708
667457
800128
786935
436871
831527
390361
333716
1454744
146734
1545142
1072622
1385649
758256
593675
526554
1796680
82064
92633
474455
55565
454271
340346
134749
60336
1475614
1123200
598728
1132872
1097353
512802
12468
596196
800822
1286731
269901
168963
18317
142574
325751
913733
1205183
715836
714384
97052
612136
654248
760251
863605
503437
1460542
376943
604317
474771
133783
494219
905108
951935
448403
684372
618008
158577
211336
1264976
202327
840895
1501594
9485
235553
510167
539646
1489888
1556932
569695
183104
1148223
154875
825775
1073121
667660
163132
1388720
330803
750856
245940
294398
1058572
829280
597905
1406076
732175
39516
789654
546788
219890
383449
822694
126981
1063527
1144514
39626
121446
335339
760184
865961
319604
1207261
1716058
1472642
755187
830466
345938
1371322
675876
10139
1005548
287955
405
1239162
797772
1526413
459474
653731
721660
760718
679052
17162
1032259
1307459
466797
1501954
950777
887951
454550
846782
380937
424501
349129
882370
1266882
613804
488740
300244
101676
989291
812920
761661
1235635
276532
548915
1370616
32207
1452468
1463081
949031
1648547
1808691
1579734
282437
533823
333456
644630
933436
737732
275526
1069385
770394
741682
1538720
1196232
526335
127297
701398
204864
701761
780682
164724
468226
284895
123689
1568323
602494
1500722
596379
1603787
805751
42770
1166265
462193
275993
65361
48434
25548
64337
474716
429301
702902
6122
9476
724404
1043108
132858
1197605
176006
1377532
303739
125928
1493482
453800
45951
1461715
1142537
121351
1730484
981798
576298
32679
1538394
201607
213311
518593
704172
79960
534070
458044
30595
676679
819747
18535
1385018
520434
1299903
618116
207583
206498
760630
536204
223172
478984
15735
1224478
1110425
1037501
560938
628011
171267
1374349
130867
181220
142176
298402
40682
881403
856398
681137
443031
957159
517684
537096
1155299
168822
991524
300772
305880
883131
587691
124002
813315
277689
1560333
72253
195720
1283207
354564
103716
1249223
1254461
1236338
55214
250244
904774
424158
656812
95457
1743284
146486
379951
1419315
373332
1112501
352015
777926
599098
676716
1562737
187202
852685
223851
104454
209351
509349
475456
436425
910299
214913
1695513
500397
1157509
180474
458205
403678
837898
1598379
666902
280436
594121
559007
306387
483769
754418
492695
198799
960787
499234
960904
1784418
91010
159065
679997
1102095
1446954
1342676
133279
373564
372440
404889
291743
560686
479435
631841
330025
774507
146953
1328143
162869
1430221
188543
224627
463254
1286015
219322
599887
482840
630556
506923
209312
49658
20780
566052
165703
319381
426300
167265
973089
308906
607183
336378
4120
1761464
263431
1052570
656235
285079
253841
37483
952602
542831
1328540
669678
354857
1291851
1431520
127775
797532
1061085
625991
1431688
1311500
329133
491451
193382
1010760
565215
303230
1333952
803306
138476
391515
1228685
459571
12202
596374
253487
445684
269077
1385476
144660
1071224
65541
250315
674695
832052
1035771
96476
551546
795868
1117293
269523
165667
823588
269670
974156
131390
101171
591652
402039
343161
965727
194544
559721
57506
673369
401183
1189743
114144
721900
1238824
335197
307193
1124064
681346
1022173
639767
1449151
1180355
769533
242974
411634
191947
574976
408296
620311
148113
696510
662502
534016
645406
46659
248386
1093569
591915
1141792
532351
1071707
207002
1186386
1335747
1452660
1761650
1198524
107529
742626
100440
75066
50423
610391
672224
1577821
66162
1265290
1035202
87469
1157603
942296
1067583
1237712
373821
652398
367801
752501
100950
1325767
61435
870420
288284
378031
428667
123463
808591
400343
260477
916223
61094
723305
92807
934605
232550
29525
278850
99855
695796
1418186
1159319
231541
247352
1136537
997731
264204
84399
470447
109973
616518
772875
151408
130416
183179
905727
1059183
416323
608302
1050419
208538
732643
703666
604833
1039744
1158497
1126973
638257
278479
96240
493508
846336
458757
61986
512471
824514
539594
1468375
462182
324011
414235
462460
155712
111508
1747481
1232780
78478
614007
761290
608766
403868
62849
956494
128587
1427639
1417141
948222
583382
333690
1411103
70580
629349
507774
909794
662357
1474146
595487
549959
244175
640802
121172
1290849
179079
51418
237439
1365552
1522374
527293
569529
757533
405303
316718
65665
837353
1120970
765212
618771
808675
170610
747738
354659
842897
128813
283497
1681595
98745
648392
389376
377691
124578
349275
950743
1085119
126434
626401
968320
78295
549984
284910
1207122
385209
361191
411871
661638
1580911
1023193
613502
196101
350565
1196764
986384
391061
444618
1147626
668465
1071145
1179602
861487
299421
1597774
116305
302922
1224489
231610
127614
119192
810830
210750
519988
716976
95661
1153081
71977
136355
27501
142786
178180
639575
586771
64127
197445
256780
1149330
63675
981034
116322
828876
1000749
272848
1161085
587336
850368
724668
293557
888437
898998
278672
231812
231525
485564
1064938
322445
355582
277927
784853
398953
372744
456671
190786
714216
713892
149889
1077059
910463
414742
511612
467239
633148
39255
856150
1179635
141395
36952
740750
491107
620124
808331
153064
744662
488191
477803
565964
537322
1446453
760571
44901
67016
279498
1185819
396919
1125049
327767
48030
780012
499185
133654
1526257
1054450
263972
1313009
417823
145621
87546
1232954
446992
706814
820327
1109459
441766
118922
783180
1305988
1430530
1234429
997176
773091
365897
418177
540132
166850
44949
32488
1290297
88584
953228
353207
122352
722805
450012
63404
529303
464035
211171
504125
1040688
395709
711246
520707
1049471
975676
1021717
785762
1513005
550310
460868
478744
746861
291548
1151746
1339055
538971
1085705
734961
1078038
59538
320558
412015
731596
366509
832743
905375
646190
635614
76888
711993
518365
890979
403069
1018574
563226
36834
845878
80324
373749
153850
257940
51172
177391
527289
1384918
978375
1273392
944596
46300
773072
214371
1480327
965628
77173
557541
7833
1191513
488330
299028
242158
291907
74642
391602
751936
146116
490861
275455
972932
557550
1551474
128611
987592
705702
135684
633647
74857
517467
238051
1680139
1684122
537805
268728
895800
1155948
156142
393332
742996
1000577
473004
252521
1061211
511351
293391
773635
652496
383257
18592
434915
204079
112684
401848
101861
964560
93942
218406
1005388
173676
710489
575995
80286
1566608
266561
301473
40363
910832
725201
62191
533792
1112906
835070
353028
296702
827257
380871
310979
425820
1149542
803303
962983
85048
569868
119775
666001
273912
660981
228761
93392
574579
659369
1112070
726177
365507
1397733
225907
247684
765423
46127
265288
102305
1011376
75606
199130
796959
91655
1008354
615172
816182
719427
120114
848670
108933
648433
1009462
808374
1072138
1013739
339249
28058
485128
933244
193752
509140
1060627
1068891
332478
914466
601624
977929
106032
717584
1003643
902863
1388070
136986
172399
217937
377782
631249
122615
487003
614525
1438934
1256966
206526
486983
223093
69210
528142
155290
1185196
597702
960293
596881
31852
1512060
894486
288419
238424
706528
402865
721357
252379
313244
823982
1162018
581500
940091
685880
156430
253936
697163
1114595
923467
431817
797854
931773
919908
117402
672211
875220
680599
155738
308487
1294646
685506
980887
1027637
406796
218551
268685
31602
326105
680535
38092
671778
185224
211162
132833
312236
323223
62853
43179
1030620
439185
376405
440333
341909
786490
1380078
84909
731783
983930
869563
42228
403064
117395
390661
1151107
1014292
1173962
1059754
471227
28120
101813
98533
551881
574221
37603
66123
1153169
378035
151790
1358498
645311
503568
26549
954256
215807
444605
319722
577259
401260
821688
1322373
471747
240137
204296
15086
1444556
783857
603877
239954
587861
48179
637636
843452
404362
1136506
230748
534224
147020
333437
1024218
1488693
602145
532566
1013396
84465
389676
201631
450466
36145
513318
880310
45296
920721
155505
504612
1413423
261713
863809
841018
1022698
179013
80837
1174818
484225
806944
1588203
460859
503061
640916
906090
1279249
373781
641963
1260232
61781
475330
1145409
422272
491492
632523
1331572
732406
1193432
1636947
205980
466810
443228
292579
1003621
41142
986855
875437
28116
609472
1423614
473456
247209
1240028
1613577
63488
878518
397230
920487
817362
1266388
178652
1478430
1331010
357324
1072746
444106
568528
380938
191951
341749
170634
941891
1018152
543516
1181139
687335
1331392
477786
381623
106578
459644
158419
787228
1126376
344717
498521
126134
610956
1205077
134984
971949
382504
1381705
517431
653762
1154171
1060953
1737553
38108
304041
1248672
97849
97894
974648
690878
471977
773342
70525
454457
718809
94737
814133
617944
1027997
781708
800040
149327
1429314
221403
639495
598417
1226701
1090978
81254
111359
532935
1829
297064
282166
1012059
1245814
160297
1000767
295151
1120082
92677
415514
103675
946831
13790
62119
276862
1109264
1152512
611492
629394
129005
300409
329593
769552
552071
42821
379502
195716
846839
515396
1049737
1028342
503421
711219
171340
346555
1082606
898257
975826
53607
626374
946514
45347
1189292
780881
146442
1037060
1321958
69695
347411
336183
248629
526015
642220
947308
17246
549298
1488406
315922
190364
919886
97221
794063
1403574
118596
396070
661202
1428828
675239
1442910
705396
453660
364923
3727
537817
540929
1147772
1529810
168558
1275558
381541
68204
1484544
213220
199959
499841
1037607
1195177
201349
15531
797056
1317617
695825
107336
1369503
675510
1025419
563353
299471
1429122
1593974
30620
117234
1678516
870128
772032
325520
1125089
84845
758096
561760
1023133
1296087
1391713
1115829
1270053
603964
795271
386720
4841
669273
1236253
686166
1202567
377086
587622
317138
599272
1099139
1618890
1324295
156860
579047
390874
1341739
471618
1205762
596833
392687
122940
614456
1213658
150356
1314632
4955
343865
4713
1527913
1106091
35525
1472967
861108
403376
893416
118440
707063
481629
89926
449728
633817
759991
342119
21097
1142942
16628
763697
1497101
801790
781537
298104
26464
1068240
1249218
514495
641785
833149
248081
630101
930456
1049169
1311819
449213
962439
1259767
1744302
229401
379148
1748511
83638
1115567
270400
965024
244215
1337619
676290
838236
744477
582284
989173
324130
15326
822593
924954
79386
1609770
341996
504014
1167134
581971
179158
1703581
790140
546183
646254
947932
421154
41770
262665
1240447
227507
155147
870724
525349
858622
916244
177574
1569996
1226585
1411418
66875
1064954
937512
272471
706179
238280
232356
1132296
1401005
580439
146574
928446
1255706
406945
143937
327325
425982
189993
747358
262450
781365
453737
46941
1684157
139769
233172
22055
90711
963604
380709
543725
407686
1665618
738914
728757
1191121
621154
167494
183107
475330
286739
759680
1695290
227780
1046611
815705
434810
53396
1785345
229011
1310803
1344800
310272
152659
569419
1697136
203267
445667
456748
354297
695403
1139441
481469
32694
529020
397866
644824
902809
865260
1070035
1117658
656739
637499
247862
444278
1124164
498567
28739
1195827
533322
1251825
64585
936088
80744
1662768
1040798
558679
308878
388070
315775
65960
640534
507131
682368
869117
1444448
59931
178886
951236
513867
881981
688298
549513
613106
1014289
167490
252216
1598238
240266
227972
879215
1144370
452098
1505950
588460
1080099
912108
1197055
78061
1715350
244377
407952
32444
224441
1323312
580162
922110
1147191
327217
474218
72031
868506
62366
1525849
450633
378494
463205
38162
336063
1202993
477470
712305
1342395
1398866
236728
269350
129181
50345
1336629
805057
527164
108692
1475097
918452
818018
715283
49924
1042644
1664598
174854
529970
399388
1041893
16763
33153
1534704
100991
196766
438335
884994
293149
358757
926719
1543226
179058
101366
1012519
129707
146583
586631
137705
307332
1005698
582492
907797
1051066
835207
1209127
491641
1180924
732726
483705
1685745
1450314
1133228
1454420
1264198
410745
236322
255896
1582808
627393
495486
653267
558788
85743
209118
351268
55436
1395755
1050035
230790
1444256
1729164
736319
666157
208640
496898
415501
395307
2719
440776
345575
1103949
609150
603912
1037582
367731
1197119
330508
286939
1467857
700199
420860
210253
948730
378544
224131
107893
312512
900755
640356
153287
338707
20718
406092
133497
326905
408053
487925
459319
882939
1461184
233898
467366
847508
1216362
597894
97029
352489
359661
1041628
1123959
127190
232506
1336616
679012
757162
439277
149228
311928
1307846
276845
39574
949599
487368
248725
1313698
1216769
93829
153464
529647
846199
1252964
92253
299736
1716610
509520
671123
369844
485193
1014755
1202211
31904
785722
892607
903788
57133
858524
268708
1705065
1378562
245495
1347873
858592
810406
276346
582071
97516
351920
178144
190791
953498
1662964
97591
522432
1775737
84421
1334685
707420
975676
609653
602651
1419594
1563942
836793
1009576
670931
1276864
176768
806191
789563
42240
123071
353922
1377185
258505
190059
1000620
553838
159579
12461
606323
1392158
154028
666451
889647
555654
233217
546891
335590
722980
308933
1288867
817739
38197
554920
773888
1507418
361214
470817
1151103
1191535
590222
645257
532019
86472
63681
1411329
379090
1403766
1105222
920813
243126
356031
221301
101929
601334
59923
1513137
553757
485260
221185
44122
575711
927256
378161
1057701
767920
408846
264483
989631
576678
303465
21406
430580
136722
295405
186644
220463
83804
358254
700340
375905
398942
513770
403601
833473
1257947
1549010
112535
1165342
895129
138154
990342
1513190
656796
49705
680975
708705
1401646
206080
215422
1254044
667356
1042151
642207
907360
510696
888883
1015594
94621
158650
848967
720638
1272641
349976
1371063
35980
797322
175711
890272
1175792
65807
112547
223141
1188401
410740
90851
561317
930558
800718
595425
559615
1273729
275281
34076
216659
784739
138000
1294798
971468
1256013
1215366
264227
458204
903548
1380508
536676
672446
780376
298423
201788
464163
475087
565945
593553
916698
592483
25583
562301
657217
967525
621521
155536
497178
14659
160974
731572
810576
739933
600863
602708
156731
665847
629863
490569
1216730
789966
181803
122577
280305
214037
195278
1152432
409192
1720956
633557
1441183
1475422
232680
65886
1359641
1350406
620274
612640
130860
1344313
288824
98188
1011686
370309
271691
645010
914019
300614
246257
365214
98297
592415
98366
360816
1330141
892135
834159
906569
50752
1646030
285528
1250110
218641
77268
533387
692333
218424
1619595
1643024
990914
1264203
1525926
346291
447197
1235672
524186
1379354
1520272
432151
310534
47327
55079
443397
812206
1150352
461995
970649
1101495
1648990
946572
1173703
880774
906057
1066346
299348
23478
50113
286905
92942
350676
426888
1000448
557937
1298524
1270158
352138
729475
33627
720029
315053
307253
1102807
752054
144545
133250
1419798
40161
1368239
894564
257446
224869
977086
373851
55736
979615
407850
521876
1258403
798898
1631176
991829
1462122
828942
392363
62551
984292
172601
1271535
293879
253742
1393309
546410
787667
1437423
466686
1128387
864168
1687366
567126
269379
470335
169022
480237
1172398
972633
502327
1326523
84304
710166
141290
561129
867940
290652
277178
510972
1004307
104292
602506
849786
305929
200153
1153401
725468
1251483
1434199
127880
1436068
509458
876324
536850
756623
444146
483674
983589
173255
984117
135886
668719
451697
733308
203887
320907
455851
642194
171541
107282
892146
53613
746895
260735
868394
470658
807877
990475
692210
136016
114660
872132
129196
109811
81338
674704
1543041
125152
1555053
664316
1002396
239154
1328943
398601
219868
671310
535350
237752
224030
28952
1159027
740008
1019898
416816
413927
433484
13237
651223
1493257
133938
295549
38094
232673
843709
427514
304063
44083
1020757
1077981
419848
89716
242783
1364977
690781
1413231
186100
159149
1067464
1427362
917703
1492756
330785
201434
477886
139685
382280
910739
1166985
450236
1151195
358919
135712
664394
161241
717588
340249
829429
539605
499724
931290
1349483
1027154
158318
259060
548456
1154431
1034500
888624
439635
557394
867284
275601
1571206
1548599
1218392
832258
358362
316597
116155
714904
117507
320461
243572
371224
762152
213007
1031911
699960
824216
961263
856089
1026865
437047
456768
953962
1391700
1137958
125086
34893
1103967
1522567
54770
821691
157014
100957
789841
310683
600164
1082682
322253
565798
8644
731409
1044105
1398861
988885
222553
839302
1045911
1100990
76085
261312
967146
120311
771430
291828
529499
684719
439692
963150
541345
1153806
557161
209818
481772
591564
744031
102889
596571
878780
523263
726941
297871
286722
1154929
183801
841998
72004
228953
242716
869
741277
28368
335292
952559
1156867
108724
532631
336549
1248581
1387499
569380
468293
89128
408111
132684
1275764
536913
571430
326520
812494
245789
1500301
98314
115424
316471
1689994
1551326
210671
184622
221343
815449
445515
10106
952339
1214281
587583
1337044
324525
1287155
185835
397421
490446
189307
858046
645242
827974
1332856
184650
521456
580933
584499
299726
368449
381388
1074307
1460092
556919
606047
1247922
545427
123425
188543
59251
1235338
1041259
349998
58614
760737
97759
992298
314543
226406
1103461
110437
599290
467044
187871
266109
983360
932671
747601
1424731
364443
1738118
221360
1552795
305949
215743
1268825
1768578
459136
11458
1044909
1293299
914725
195312
138551
1139673
220316
409370
334457
1688964
593207
502962
407258
1630867
194838
734774
1304365
189801
1249128
1544792
467755
130361
276974
260330
493020
319367
925685
737683
53842
1576812
292444
538582
634062
894572
816890
519826
92756
1083907
934071
646575
641830
488693
271805
461267
235727
788419
465845
557848
206829
897859
660786
105596
507839
808208
327125
32488
1085871
312999
934238
570439
586699
308804
1163597
1047963
994528
699894
1370421
521869
510318
1156150
1143419
24134
185601
95926
1244318
193210
1858871
636740
167252
519698
104626
160191
768122
936436
677743
274703
281168
878931
416785
925918
432714
34575
878310
78829
1119687
1514640
362949
1047485
1292926
1095934
986059
176048
945696
296472
245527
375159
128064
231645
984122
696650
507112
750345
11916
346791
862101
210099
243121
601336
723934
387551
676598
702237
694893
758191
682006
1364243
1012552
83134
464158
367429
1220122
965272
1599289
1212527
738527
707143
994824
596586
186365
1087920
363291
666000
899090
161467
680758
205314
480143
70399
529602
236496
179580
14807
201622
1035473
222052
840837
979293
929358
456689
1572149
813656
68297
1231540
316758
1518840
708297
111771
58563
595590
793575
741852
175519
468730
1755693
322070
1009765
438930
1486820
569932
536682
460435
1058679
312129
845029
77134
227043
791105
75987
227624
1199025
199173
681537
234183
166230
260893
314887
1428231
29815
405585
104036
275349
196847
1244411
621074
49483
486386
154663
786114
1426702
604414
73441
656258
714992
988112
1061039
223204
1323739
363446
1288865
880571
148477
159278
445634
115587
673899
443285
53360
361731
614087
78645
536542
1024002
385684
381411
958476
192893
391707
410428
435495
729816
405189
882607
693106
773637
174176
308155
366075
1400123
115616
779272
1062319
283841
46696
1360467
1234685
661677
1160940
678884
114376
768352
391989
26500
946432
708628
812501
261763
1212089
384347
572112
517100
940477
728870
1442021
58557
728629
569887
504019
583008
543981
333021
551290
443853
219935
647616
509687
1787023
31246
1398629
125598
342778
463824
273520
1621321
622476
641722
918507
759229
1052741
117397
239394
230170
222133
515773
547078
350847
1289887
71966
1174483
324897
429261
155727
213813
848965
1002646
260560
107304
505947
553391
910704
286389
928489
188534
273452
1293844
677291
993714
474254
70642
1085637
612307
286485
760913
141663
437614
1022030
205226
173122
1288734
198568
586821
150268
699719
816628
1328049
1279669
157900
779505
993309
1041154
341421
275816
330738
752161
45810
628309
221268
803660
1777360
568056
1001547
479827
393182
688599
7684
155350
769041
173956
23895
785399
1614179
891318
510212
639386
986824
894017
570293
374823
529198
1077227
61737
1006038
300118
853370
1509958
1140640
774242
342149
568108
16997
412802
789665
1185903
17170
476756
119167
631899
393880
555135
51676
532708
619360
68526
819191
711798
653924
784854
117630
803539
543043
1278886
237360
702315
764271
611003
142622
399603
523837
711352
73416
707447
793190
262632
1123028
112669
999026
1442269
119806
819922
1615541
520635
1672336
89576
391006
1510916
168692
1011629
777608
592411
1081179
888213
247758
400504
317914
1521373
720281
128211
979468
1249934
293061
626847
579377
640141
475121
585835
479176
368500
451086
1018725
1204269
1392127
445012
648785
890598
232238
261460
75680
694831
1609300
40523
597474
1230308
1098860
1761819
729766
103263
263586
772244
357475
746261
11391
1303887
526519
328888
1064050
444904
270142
661713
362968
741072
902012
187590
442275
331921
1054148
885543
71585
1422899
1454642
924590
346569
680757
931621
1071916
1087447
793283
177796
129467
866596
1619785
1504668
1282386
589984
572620
1298766
793871
1067391
1593147
70591
1197230
311433
1111161
130450
576172
989229
1408529
342435
1388038
42748
768636
556526
52624
735178
534811
753332
49732
358145
138773
943172
820843
301263
725543
500955
425482
479715
366444
198775
1366141
1540766
181184
25625
307438
1228529
191833
389397
862647
259865
1060680
165694
1404937
176756
1043740
1572050
1461272
262937
149299
813177
1392368
1090540
537849
606371
862159
1053201
634729
361177
179781
440383
1352909
288012
171237
646225
559280
96535
1005291
962684
1211204
158889
140931
402701
1450840
39292
157365
1169140
844116
982042
833796
22691
1049726
198768
205915
94532
1402568
1706210
348829
873583
1657281
270398
291806
113404
11511
466450
559445
1393813
190701
163533
374151
87923
66995
371113
728064
428631
72500
1305630
131685
890449
503963
507328
362776
467233
1407699
1456984
1754579
1214362
955321
15134
338924
1240729
39856
148133
447359
458615
1399918
1485090
1214767
817220
1241117
445831
632969
1392451
426224
337319
109545
674687
310339
1159572
1188586
764850
79471
951967
417240
730123
912361
454033
478928
31524
560110
129746
396335
1189546
1275658
1287259
264430
774751
619187
408358
491195
511101
931181
1052448
1334207
756076
1237464
1394103
38508
574600
1047792
124827
383868
314887
257498
529645
96727
234755
827573
115964
583032
389178
39035
725318
1504846
667057
766620
387641
288296
83010
440141
248663
508256
504156
342225
185544
859427
542597
29248
780797
882681
781541
333588
91772
830488
734767
329623
4763
167736
932644
951428
461046
1092242
5771
702350
39237
1482800
724870
1549195
988121
346518
757125
162350
659817
1217666
625590
393570
512867
1361405
1441365
203716
69152
419209
355309
164024
236594
1403645
889197
492060
508082
1111717
727297
781754
96707
957321
667162
1311414
480955
1299004
1016095
221877
1296455
12373
787633
1102480
905285
293341
268256
267914
972245
872001
602462
488675
581558
186722
1163419
451021
231199
408555
547183
638724
693135
951137
824311
138628
1516522
55173
219226
263901
706596
296074
241026
407910
86563
73126
21158
175959
913304
166116
876212
176686
1449211
1759797
516826
608533
221053
750764
1827705
131379
293616
732402
604115
471801
78325
853365
755094
319798
689227
290450
234949
867693
570241
913927
1560659
1038227
1595544
475209
166311
419894
920182
457629
821012
295269
228759
178507
1348937
1174765
30013
704115
707875
442675
175026
498289
571468
392977
794813
90673
818966
754332
352950
45364
1072360
305794
914927
1451378
266624
270987
1897
610274
162106
748198
578318
1285765
31166
668035
347387
303033
171137
502288
447847
470801
654077
609539
1118193
774023
642514
1276434
806662
568771
210632
1080680
537953
1218999
667025
653880
462728
159607
69262
447080
963195
191368
116837
698009
193958
87320
1596331
619674
907427
923227
221722
700511
984614
543954
181487
786636
606621
924952
630206
1475534
650306
1204796
1633099
658974
1568926
392492
1393007
1414895
1287825
11295
740363
324322
879226
571241
278476
1695408
1112586
105217
504850
215083
292945
832875
289166
87826
539015
540476
550801
50657
833879
1318850
1314622
291164
498873
165044
372444
113272
1753252
790398
395387
718999
1174773
77121
1101611
317981
807238
142366
48420
299550
203891
922380
377790
771402
1045813
502993
778090
447117
736604
115779
194557
1665978
710237
1237672
199575
49819
74098
467094
1212761
75390
1316213
1042186
903423
599494
802021
454167
492803
153682
119828
962496
326239
45377
1652273
1101402
1132824
1387691
221096
747349
94506
1076916
1265114
361902
360786
1139407
1702692
1280409
139194
1297655
414785
285484
1204978
965175
1072425
383878
465336
1235869
236304
1682864
315381
1360027
613852
247442
1008295
866867
1190091
965503
1071759
129880
856770
138837
488877
533829
183643
8819
543807
622413
328330
74769
419169
204580
705948
379693
583483
906122
220437
1632732
77323
360745
31901
1537552
1037607
1109573
1489472
1169972
534080
1178938
329267
58069
637778
550129
380491
382159
330861
1132005
59127
666970
851367
1297807
224043
236902
1520894
397020
1418658
402356
122265
360340
1442931
1718233
473085
591950
324499
378291
1429792
371330
989695
856404
245910
767515
558219
315849
344021
739646
370735
28923
112361
1527108
667821
756150
272369
613640
496488
1206371
402997
1050455
255045
389876
20972
228894
784586
283616
390493
206081
633430
1049933
257297
1195611
1364545
830024
465430
988089
44489
1640070
1170965
1221992
1264650
1443862
91615
261539
671976
471372
545525
142675
1017449
142823
823437
187628
912755
685167
529190
307226
324005
861912
829102
712816
113903
511287
1010559
680130
348148
427191
1664124
1168349
743123
563954
286360
1613779
468508
54430
942374
334985
168374
542509
355787
11962
777764
315074
548261
364161
459922
426442
444755
429253
375752
213870
1129020
1550907
22114
933573
884505
1360535
692176
71898
1104817
1276949
997059
925342
857834
269649
432776
424613
65200
448720
1383325
579114
460695
284211
1467065
1416440
354815
89068
164008
125314
1327951
1278168
377003
676961
996438
1048868
89675
1079262
1202545
189502
259996
904332
438929
585964
543981
150381
161839
941985
832194
984161
115174
1062577
995028
764021
787585
1061440
371006
52215
8212
496478
763635
574767
1199687
157015
484340
778027
1241241
808848
801435
432371
460600
285955
403189
482657
824538
794122
1521407
933166
1281278
244386
435544
269835
1048979
784989
495721
393304
315962
307793
30669
1585505
425270
1190024
372744
838994
320219
1527980
586869
702166
573091
608481
1345217
301273
634521
494066
717857
1139692
1056325
497596
846443
430284
1062858
754784
199608
807659
839956
471012
1619678
1481639
314654
407337
1281464
1328832
324419
1171034
626877
1080657
658957
400099
293920
1191935
1634812
595841
241203
68703
476491
1202626
488242
1424186
272189
650151
1464305
798706
337651
512809
694911
752507
921058
310635
219924
105192
919073
1641390
1369104
438298
945208
508855
34523
81857
1711918
521240
459582
31592
279106
444815
396627
485625
908243
39029
1778647
75623
1000589
303225
197465
1086919
611383
188551
600040
875020
417547
200646
382000
119727
731727
91313
1025789
443498
182672
20911
31803
345206
298828
1184316
1339826
977578
589065
529245
88627
715837
93456
719336
470801
127140
1111513
403442
170217
964634
805547
470627
1494655
298525
449831
612886
1017759
82808
524794
804491
688492
415326
77122
207900
847069
948901
272618
476453
23868
828019
25204
58352
852840
899491
26711
339578
1160803
55254
1164118
372982
260226
540761
171591
447272
718931
803661
931539
332454
772014
15891
656890
434926
665202
286036
212642
1021053
768112
60014
1040105
70996
338357
598754
821745
419644
158369
99948
1107229
1131026
240196
242274
1623
23346
338750
187257
1318924
933891
266671
290642
548239
333546
345840
377812
1668427
524348
169223
696516
840026
7183
411138
130247
855250
57224
637048
456872
89262
594153
331656
417750
795909
1122781
239276
575478
66511
765553
7734
1056117
820820
246571
338755
280357
20943
286228
416602
7131
468538
428963
673300
1299970
721251
1561686
369949
526426
465622
241093
140661
462809
677411
329824
98875
1023837
541129
386201
1187732
110294
1326682
1087023
1015365
87596
239536
629942
101278
234136
164200
1144911
240412
554609
296026
1182633
349019
1261508
1568343
133766
350373
241065
122160
1210335
127700
1449986
360153
321428
422666
980165
521868
259866
343646
1265519
850121
887294
1716456
307008
1224880
609983
330430
790096
19359
158245
574769
1108649
280984
1224906
584983
470930
981806
408924
646700
24175
440627
145923
26949
1201188
39879
1122003
435583
863817
879557
234330
213914
666948
1459381
97891
1006391
240583
801443
1505568
131432
745520
1142913
582271
1325266
369523
1362994
362332
95052
381555
58499
736850
261097
1276701
932836
316960
1340153
348678
60852
434402
144406
1196659
428652
419031
285011
804431
491424
214099
874561
155237
489304
701791
101016
1663060
354159
1680126
1026125
101236
460326
668108
227595
827759
655575
60180
676336
991292
625478
530921
28462
512089
1371508
90843
1085070
721450
841126
717368
215996
383275
78565
825149
207890
210264
805532
401652
918620
683349
654136
609342
707258
77714
1592773
3961
1411059
63193
530370
692865
1316093
1434077
438563
1162272
1081321
1357826
1278440
1383303
431509
309226
991801
195169
147083
833281
1556110
341941
646673
201203
10544
848433
661882
161843
61068
769746
1812571
664183
573547
95375
1328514
1288150
624368
329844
93546
1641844
376564
85027
1157603
568397
537043
678447
64862
787980
1032191
41447
702046
69686
923499
137365
22954
637953
116126
379712
759220
119567
888034
500722
630505
8833
1702907
335571
257276
1248045
42968
418649
67143
625789
1238476
78481
53951
859660
192976
583223
556668
700822
415871
21938
774964
513105
890474
582046
1701284
1610678
902322
733918
293941
874315
368729
315691
210200
341191
534462
1706799
237727
1512813
636601
272246
81511
66729
226702
360953
938421
153931
236701
60290
774361
217675
676615
792957
828024
223939
560630
238989
240833
211501
1229607
962765
264701
415236
490173
759702
581105
1097096
782768
167747
102481
418980
866984
134628
1146187
38040
1272321
444504
688904
960932
834633
1170105
303502
319418
427879
392522
1489015
8637
615698
330816
642509
285148
69029
1069394
84951
895992
358792
1548051
183228
1021662
457797
827561
1489348
226174
487219
899329
323718
1112181
405144
657020
513506
613164
338039
1446174
1101838
100298
336497
336265
938058
733822
114905
1058153
508860
835594
556914
1000773
1456014
60272
1303950
1111634
1395969
956838
851157
167973
275941
361394
40288
380481
1353619
1045951
560031
431195
1201527
107310
1101931
545089
976497
618623
894969
1458044
160529
740720
574650
369166
885659
246006
799512
337464
526094
178432
399474
888002
403056
690528
111922
174558
9561
423999
512883
1133444
228159
1350350
564033
1229903
54548
517225
271888
494670
693480
1684174
1378370
100260
306937
1052386
67371
902435
1646063
975966
1734593
1151387
206597
74185
498494
192803
1241640
824001
1831645
579950
544192
70475
1443545
167600
1579703
410803
197339
190556
445069
470119
841537
866510
1036145
470284
1020801
1225235
260447
593582
105418
1428897
644043
371452
940873
177085
1558710
711183
989262
276557
92878
1205438
874057
181798
143228
314510
27894
166422
796197
1208510
1054380
507502
96989
233607
431095
373901
1131997
334619
945573
57992
534805
684548
30261
1427019
321599
503629
1170062
202903
924050
348375
671861
875437
881017
755958
934552
592489
143035
216010
27192
679394
135074
691216
339834
83541
1109700
477928
372614
673735
217027
317589
1481035
149910
331869
835041
492946
1142111
360041
1278493
288351
208235
130855
74453
743174
605350
496624
833344
417345
578487
1073588
161572
74552
313633
257076
275948
20052
1126735
505361
1233813
625229
1480377
1054380
1225121
906049
340975
312370
147646
274126
696422
237370
956172
443807
286895
1184972
532820
598128
779879
185187
1306545
180889
11482
67612
614047
264159
369298
326864
1254270
69627
604868
923420
244097
509038
263130
190440
523300
84324
805146
1164348
1118042
115050
955633
640407
71848
1178246
1221870
775026
674896
175431
297675
445726
508589
956866
406949
32059
1535583
1625048
173455
1359508
1182155
271707
979666
1374454
1110740
538751
317383
1030927
928120
872542
255019
173387
890661
289100
1608137
623879
1263781
877310
775479
94644
30448
12403
357138
58671
642141
120344
861675
1080844
765918
278046
186770
482570
507946
430817
956191
1078749
394176
542121
927674
869263
245336
814777
243323
2699
1356333
42973
1272778
751821
221255
134692
1051734
1727896
866883
42101
635654
479942
565082
1699459
162772
255866
384832
30394
689225
358611
1387128
283477
1252632
1209344
304238
24721
405765
765199
717018
1115361
1539371
250191
215325
70074
425059
504946
987242
599034
286879
738735
346395
227478
350722
1361825
1590998
538136
458665
754320
163795
707439
1624872
1628784
1119511
242655
352334
408242
1240373
459503
693349
1528731
350309
61117
135287
166923
327918
664275
1188567
804476
88463
834608
1612156
139842
711370
1003980
971498
693993
1443029
992685
308648
1695452
1169554
1409124
74980
1589420
282211
693691
121797
954362
533024
940637
645550
874513
288115
1651669
827407
579664
481006
126442
361441
236728
1215015
1111098
825618
168787
1367379
252032
965974
602683
1732347
437440
955990
552545
1004621
210288
1282613
1582844
860626
481536
789322
389960
753463
198225
423755
103501
934247
1218622
863313
184452
1355706
879043
1294389
51286
802374
1138662
693540
714592
66590
183316
266211
471647
833392
1368235
1069777
570870
1045898
202527
333742
238315
649004
116208
176989
1373189
554801
916254
711472
1753444
1610242
425334
1104805
1203149
306187
1453924
688641
1095841
685516
524177
1579653
191065
1196572
1286177
1452847
101311
284157
291642
699130
13955
1414795
1521474
855923
38602
626915
359813
753991
326348
361480
594167
720410
355328
379757
771431
121237
19033
425142
67063
664704
592401
1080280
650385
885326
1592369
191644
512129
321674
1408342
7240
234354
1119310
8291
695414
429305
323330
1084934
160917
486272
48584
1393911
384340
108564
1712570
953430
777085
268225
1101090
576045
558968
1574094
808452
1649727
1284978
318337
51968
901085
617471
1316797
934342
105807
1574820
1104012
474767
185938
405811
1387450
934693
45940
553332
37720
395211
431803
830529
1450303
1347138
795016
704615
480587
882773
411805
194518
1017211
805226
1022334
572897
15542
53290
1697998
441052
416231
305980
408599
329776
217671
722529
444289
8469
385886
284403
264015
1003723
1195656
533528
751934
564277
1330163
540995
250734
7768
9663
749492
127065
1494373
254330
152634
264093
1280248
223962
511797
1224688
271678
298021
1320333
825830
726053
202537
168755
379664
1738696
1121375
352961
1352782
27516
363540
383876
492772
196208
106413
1670204
905468
235249
1471378
1332902
995253
1093306
579363
613610
686271
588223
1433068
155600
136803
1182273
17410
4835
340038
1313617
117955
470988
415644
150649
217277
842949
234110
143636
345863
715868
1674355
438486
1119363
221964
732897
635171
38093
1226777
126901
370038
109028
1162837
899168
227021
494849
569176
1417533
568263
735451
1135896
498180
844631
1119509
980493
168789
79279
1376387
718731
1193408
502648
902323
31422
485725
1205805
192
881179
6916
993598
392597
1680627
107781
1083975
272253
74304
285426
230982
1382794
345243
1280556
614835
435090
414495
251298
235421
419971
1290447
62770
199110
399329
401359
83326
555507
435930
134820
942845
1243070
186882
1228251
660562
265734
1518507
573644
63186
253021
125406
564344
920843
1647653
1357590
794671
785498
620466
1105899
702790
471993
777588
370884
88947
202541
1391177
1339370
485589
638223
35211
174421
653598
120608
860745
1157317
241828
351626
299147
531742
227912
1034238
562186
131668
335261
525360
29104
1292137
91805
343583
561135
649165
508392
605578
1222848
33303
815842
862884
159740
834744
685131
886838
330670
1047613
490347
638916
1120722
1139963
303592
271094
384254
895433
261517
365781
55338
1321133
1019114
987788
979828
1081148
484515
63748
383471
971985
40221
152278
232596
99652
601868
647758
1515710
1231945
873370
754002
694409
1093843
783300
746443
440563
366973
899604
176456
1365374
8429
20691
875301
642249
94045
274522
997718
108821
1049361
208110
564636
375142
1265098
301048
317490
490416
88382
22781
1332873
1029512
247973
495431
1288460
318349
369353
315935
1341751
840613
148473
186646
83461
819974
963046
777286
187370
1469410
550412
728256
462772
1327062
191364
579588
861484
150701
233603
1457423
1290792
212987
1423476
512674
872920
407030
992527
558749
480273
376912
659614
714171
127661
1484966
395237
1622070
1107048
1236860
31025
1124045
1564447
941430
1110854
710783
295208
9982
371279
972397
1462136
1130010
1149674
395678
595323
557718
888851
262036
403955
95672
219676
1278487
117984
711400
707284
950138
296659
1540983
984427
930380
246076
22427
349973
1392480
1208893
915030
1145142
254345
880871
1041915
1169275
146137
195107
430640
627089
152696
128966
330375
560631
9657
88130
1100762
376865
197707
120379
69995
466828
511175
761076
225291
862433
893463
117696
734138
95480
1057316
390601
1516263
1382894
942907
1234356
99363
125412
323690
393968
13596
88988
213555
206303
588407
470973
1072543
1114469
166698
406058
630552
606709
499177
900137
345002
327102
288734
250911
249652
564929
370377
354513
1074499
1518419
809524
432046
945988
1029371
1025918
318105
1150094
750729
1187634
1136765
53385
159982
742336
1071481
369996
1031289
1580021
755526
514884
299381
748945
1359135
66360
930008
683282
581900
68804
1171105
1228280
770818
162926
259496
58393
1032564
369209
635103
456266
1084287
1435247
516795
463083
683576
387200
959075
286535
148982
449617
1260310
592598
356373
1036337
4468
52743
344330
204434
228530
615283
86152
281846
773544
1264863
881960
602596
1129237
704160
84115
958804
362541
1579076
346243
167326
137711
118789
717001
903466
435133
255395
1140532
719464
263973
1168994
603222
190444
627227
472725
587121
855148
913893
42345
1371130
254304
665449
1093883
327208
93067
169482
529749
785804
277591
1349843
1053527
212151
93176
175978
943769
79937
349941
365288
418689
393896
1041100
317220
567703
571993
92623
134747
917547
251125
627487
833790
786696
276546
886886
109848
152530
1021716
167743
12861
645232
583246
313862
975373
222708
337979
519119
61658
1304380
920712
249533
1009700
1307382
448333
823761
469004
602658
958883
378833
968133
746225
547462
504285
101278
937599
973484
1053149
230598
1287502
227045
163110
77536
124900
1373623
84234
1631733
1008934
760844
298270
27359
610975
664242
559962
803157
691913
707677
218411
180325
363560
111414
455689
1799744
124517
370659
336041
623436
1424678
1074210
1321415
942997
360670
789861
227967
983623
1255729
968455
517058
595205
1018409
203270
180888
270886
1129816
1272072
645301
382217
682792
513017
883053
163603
1533120
22145
1117178
391762
652341
160427
220067
1242797
101065
1101348
252012
1337977
1163313
1044886
898788
20310
1581693
142224
874933
538625
53446
111269
302817
1239971
1302466
48030
622865
69287
1099282
1191483
631156
196288
1151369
1136681
88406
387667
139096
1489210
69268
287318
312614
1550391
227138
434837
13788
1727353
1138150
202864
652512
248837
455437
482908
203159
795943
423606
339429
413184
140139
275097
