em-ordem: 6 23 34 51 52 59 2147483645 2147483646 2147483647 
em-ordem: 6 23 34 51 52 59 150 2147483645 2147483646 2147483647 
em-ordem: 6 51 
em-ordem: 6 23 34 51 52 66 130 131 150 167 196 
em-ordem: -145 -131 -130 -114 -59 -23 -6 6 23 34 51 52 59 66 94 114 130 131 145 150 167 196 
nos: 22, folhas: 8, altura: 5
nao ha chave 171
nao ha chave 14
nao ha chave 48
nao ha chave 134
nao ha chave 22
nao ha chave 97
nao ha chave 38
chave 66: inserida no tempo 54
nao ha chave 29
nao ha chave 104
nao ha chave 46
nao ha chave 1
nao ha chave 106
nao ha chave 186
nao ha chave 194
nao ha chave 151
chave 145: inserida no tempo 72
nao ha chave 71
nao ha chave 147
nao ha chave 190
chave 131: inserida no tempo 65
nao ha chave 44
nao ha chave 60
nao ha chave 165
nao ha chave 19
nao ha chave 33
nao ha chave 91
nao ha chave 140
nao ha chave 18
nao ha chave 68
nao ha chave 54
nao ha chave 135
nao ha chave 185
nao ha chave 116
nao ha chave 43
nao ha chave 110
nao ha chave 62
em-ordem: -145 -131 -130 -114 -59 -23 -6 6 23 34 51 52 59 66 94 114 130 131 145 150 167 196 
em-ordem: -145 -131 -130 -114 -59 -23 -6 6 23 34 51 52 59 66 94 114 130 131 145 150 167 196 
nos: 22, folhas: 8, altura: 5
em-ordem: -145 -131 -130 -114 -59 -23 -6 6 23 34 51 52 59 66 94 114 130 131 145 150 167 196 
