(68970,2154817) = 0
(730340,8699900) = 0
(596718,2851196) = 0
(489495,9139485) = 43
(797102,6495646) = 0
(434193,5451774) = 0
(815879,7937482) = 0
(644307,4999784) = 0
(647412,1196100) = 0
(170758,8201642) = 0
(854170,4417667) = 0
(815113,6577654) = 46
(504077,6829539) = 0
(265403,4869224) = 0
(541414,2884440) = 0
(600380,8980513) = 0
(854203,4037119) = 0
(642610,5686229) = 0
(222921,5598004) = 0
(952467,3564107) = 0
(347279,2910099) = 0
(368425,2420040) = 17
(891944,2880958) = 0
(740760,1438111) = 0
(173833,2647992) = 0
(528146,6066282) = 0
(289604,3900165) = 0
(54839,9475125) = 0
(61190,6155566) = 0
(358751,2554770) = 0
(313346,9340313) = 15
(236485,3695048) = 0
(170094,6157351) = 0
(744330,9422650) = 0
(558475,864230) = 0
(151650,8924874) = 0
(95234,4347758) = 0
(440660,5878505) = 0
(685266,5993013) = 0
(488452,3226314) = 0
(335763,6665907) = 0
(532489,5181561) = 0
(666740,195677) = 0
(689382,2479492) = 0
(984144,8833374) = 0
(395574,840984) = 0
(829451,3025656) = 0
(918043,3481250) = 0
(121796,7870457) = 0
(557980,5535541) = 0
(515337,499005) = 0
(127938,4146533) = 0
(17295,9725694) = 0
(802401,4555318) = 0
(480387,5685329) = 0
(667779,5288951) = 0
(78590,2242444) = 0
(729085,1591048) = 0
(926312,4319121) = 0
(380639,4513680) = 0
(396924,2812161) = 0
(536635,5131277) = 0
(332501,7795380) = 0
(911949,494639) = 0
(477357,4357144) = 0
(801760,3381362) = 42
(271532,9863653) = 0
(388856,1961358) = 7
(679464,3825322) = 0
(746230,3590049) = 0
(557961,9345154) = 0
(446734,339014) = 0
(953096,2293415) = 20
(7642,221021) = 0
(329182,8272342) = 32
(131982,5563298) = 0
(730846,4234795) = 0
(980514,3512236) = 3
(870886,954643) = 0
(280750,24722) = 0
(125919,2877766) = 0
(620071,2514600) = 0
(544510,9611926) = 41
(479553,8004763) = 0
(569725,2673997) = 50
(9613,8092875) = 0
(759682,3683051) = 0
(754633,9484357) = 0
(6466,8892646) = 0
(888525,5380922) = 0
(621591,3182965) = 0
(990009,628702) = 0
(584941,9452504) = 12
(593341,9869344) = 28
(297169,7218493) = 0
(659092,6893060) = 0
(312282,1253410) = 0
(351945,9388485) = 0
(643744,9032353) = 45
(214620,5492592) = 0
(612866,7019532) = 0
(540322,8094838) = 0
(291500,3450915) = 0
(186011,9661988) = 0
(789385,3470030) = 0
(461544,9091404) = 0
(650371,5674187) = 31
(181074,5186041) = 0
(797100,3515261) = 0
(850707,7318324) = 0
(721218,2784732) = 0
(241838,7763050) = 0
(92287,5848778) = 0
(286201,6767911) = 0
(998363,6497324) = 39
(358096,9532117) = 0
