(168990,95988) = 0
(234284,142539) = 365
(32922,123826) = 0
(822521,406956) = 781
(496627,904977) = 0
(514983,28759) = 0
(743268,57370) = 0
(114551,57358) = 121
(810761,300831) = 0
(152840,595148) = 409
(107565,387572) = 0
(671433,894115) = 0
(939456,806913) = 0
(881205,502590) = 22
(898234,605718) = 350
(638434,36664) = 0
(69896,250605) = 0
(43405,400870) = 0
(889611,224288) = 0
(490138,41774) = 0
(425312,454438) = 0
(882595,736973) = 539
(487445,443501) = 457
(488585,949947) = 0
(756128,547802) = 0
(932717,434301) = 166
(597434,211830) = 0
(325302,37829) = 0
(786397,192109) = 338
(443298,426068) = 0
(916792,833832) = 0
(866262,971976) = 0
(74271,163929) = 273
(128115,884128) = 145
(41548,799698) = 0
(32335,295362) = 0
(890994,768873) = 679
(657764,331593) = 629
(494128,693433) = 0
(84732,890127) = 0
(269332,520898) = 0
(549732,197379) = 0
(852817,82313) = 0
(242203,408013) = 822
(603413,648467) = 0
(737239,769520) = 0
(531313,83697) = 834
(180621,94472) = 0
(692888,248780) = 0
(309963,971946) = 0
(587948,726312) = 0
(279326,358039) = 71
(888033,989568) = 799
(284222,930465) = 0
(292120,840338) = 537
(42862,295971) = 0
(354373,221135) = 0
(801119,769447) = 648
(491015,274715) = 325
(854489,713756) = 593
(399253,209306) = 422
(987664,279747) = 0
(660692,198601) = 897
(287518,946479) = 986
(690135,477459) = 0
(580481,144075) = 793
(288030,437752) = 0
(22602,639871) = 0
(808288,184905) = 0
(934579,767311) = 642
(18237,874012) = 783
(870961,698738) = 69
(168990,737857) = 387
(473450,189410) = 11
(86227,232025) = 381
(726463,333651) = 0
(974247,392376) = 0
(199849,278343) = 0
(280322,991159) = 0
(927220,159929) = 0
(919597,902978) = 0
(569727,72615) = 0
(624425,223166) = 571
(628630,432899) = 763
(958482,895043) = 840
(98243,509959) = 285
(716923,162017) = 0
(581250,873568) = 279
(399888,379506) = 397
(362663,526295) = 435
(414114,345647) = 668
(774457,665831) = 0
(258469,335307) = 0
(419595,293251) = 768
(323030,338146) = 542
(543182,157321) = 26
(334476,309736) = 0
(156033,605895) = 0
(428118,254629) = 0
(376679,285798) = 0
(84181,618104) = 574
(89287,498740) = 219
(631448,544112) = 644
(133452,195670) = 0
(313412,730877) = 517
(22688,321337) = 168
(13893,77590) = 523
(285322,926905) = 0
(649310,880710) = 193
(731577,902940) = 686
(23567,766420) = 0
(372433,499791) = 196
(115112,604977) = 64
(142797,109127) = 0
(169620,810522) = 0
(7231,665625) = 0
(803779,545347) = 208
(229355,62964) = 0
(711752,746436) = 706
(645104,368730) = 859
(769025,6197) = 0
(687626,98245) = 712
(919341,864600) = 901
(577313,892577) = 782
(507704,251295) = 0
(262392,213059) = 0
(228788,350317) = 0
(817281,288892) = 443
(975790,64481) = 0
(210140,11528) = 0
(673816,129445) = 453
(847825,148769) = 0
(269480,478231) = 112
(733604,450783) = 601
(924427,432060) = 602
(270383,62133) = 354
(151034,1860) = 0
(746111,638687) = 833
(729473,436317) = 0
(296680,942612) = 346
(351835,635699) = 0
(678231,936620) = 0
(407850,748962) = 0
(660449,424060) = 0
(787403,975046) = 462
(581865,997033) = 893
(621038,550757) = 690
(716658,802720) = 0
(40561,805860) = 887
(586933,354753) = 748
(135392,736753) = 0
(117539,514847) = 0
(65356,474671) = 791
(631889,646058) = 591
(197224,375033) = 146
(432375,99943) = 658
(674184,799899) = 256
(243800,121652) = 572
(862287,914796) = 255
(774957,733071) = 531
(609267,323716) = 0
(774908,952967) = 0
(286223,411140) = 0
(228353,872767) = 827
(224993,705084) = 618
(341587,152261) = 0
(985551,723931) = 0
(149831,129669) = 0
(366241,743297) = 0
(451899,568853) = 178
(818060,932179) = 0
(418097,267175) = 182
(546829,475160) = 547
(452466,60470) = 0
(560134,316925) = 0
(874333,131635) = 0
(637831,590635) = 0
(391153,195291) = 559
(167665,686790) = 0
(4060,518620) = 0
(426578,721420) = 606
(586225,655548) = 0
(37050,871243) = 421
(722320,849331) = 792
(147840,371369) = 261
(923568,201442) = 626
(626343,856425) = 0
(638413,188119) = 700
(228283,479315) = 0
(518542,19281) = 0
(367972,327431) = 0
(615371,813394) = 0
(89508,373106) = 0
(4029,353062) = 0
(931574,843320) = 583
(855928,154775) = 0
(226897,568782) = 0
(840325,479808) = 390
(938480,727336) = 0
(769870,925792) = 377
(396173,128728) = 269
(599619,411281) = 303
(109951,250578) = 709
(705559,850415) = 0
(802050,669762) = 0
(377660,512297) = 0
(354080,49842) = 0
(768585,730025) = 277
(126544,255004) = 722
(241040,61367) = 0
(501233,233291) = 8
(411382,333739) = 936
(609212,678894) = 0
(961476,708214) = 0
(478777,74816) = 0
(119256,232178) = 907
(382278,286122) = 846
(722452,190141) = 0
(106166,454557) = 0
(973707,7165) = 616
(541867,656068) = 949
(14516,16552) = 315
(35093,59409) = 357
(904109,244777) = 0
(75644,247338) = 242
(830546,774435) = 0
(51592,309348) = 0
(268648,815378) = 759
(600772,459927) = 62
(709319,240940) = 330
(747370,86729) = 0
(948143,590616) = 0
(377231,689830) = 0
(900962,529054) = 976
(966859,547283) = 717
(319869,815852) = 134
(916624,465803) = 0
(332442,361988) = 345
(943341,888254) = 937
(233108,674441) = 0
(95967,553234) = 0
(905208,413331) = 0
(339795,452687) = 217
(59595,544857) = 634
(265569,391609) = 694
(345860,863073) = 0
(900926,460292) = 0
(237542,956898) = 226
(901383,959920) = 0
(531189,517689) = 0
(311382,233263) = 0
(185388,636549) = 554
(918827,209128) = 0
(358969,147258) = 564
(243086,439798) = 0
(605261,198443) = 944
(483752,673923) = 0
(969801,330002) = 0
(321763,308133) = 0
(42661,372435) = 727
(781530,844208) = 695
(155869,650432) = 0
(948702,319829) = 339
(487536,662299) = 0
(77538,554513) = 0
(643764,400627) = 0
(90498,862176) = 0
(984268,187131) = 0
(784020,818018) = 809
(549686,481963) = 0
(968956,145452) = 711
(433395,925767) = 296
(704956,103439) = 17
(465987,998384) = 995
(566872,17087) = 0
(763340,677366) = 775
(812025,227582) = 881
(876293,441674) = 0
(806948,489237) = 733
(372165,627029) = 333
(280413,500343) = 666
(717049,516764) = 0
(20115,693945) = 43
(915900,343914) = 0
(560445,671724) = 721
(854701,649637) = 665
(199542,918789) = 614
(110604,428304) = 0
(504489,806495) = 987
(911389,106510) = 687
(359955,161691) = 0
(372994,849238) = 0
(651195,818756) = 485
(201516,419889) = 0
(230511,677263) = 0
(745961,132730) = 708
(147170,781258) = 600
(927812,913863) = 0
(21442,189919) = 0
(42503,9836) = 489
(718195,426256) = 0
(117035,461060) = 0
(345103,774179) = 0
(228846,774153) = 247
(583217,558580) = 0
(236199,610169) = 295
(715963,767274) = 876
(534279,399900) = 0
(723722,809790) = 0
(656481,765336) = 0
(435187,440919) = 959
(879096,119319) = 0
(303829,703345) = 0
(141170,105252) = 823
(251746,938451) = 379
(911016,878521) = 651
(201525,232745) = 0
(377482,845395) = 0
(509453,16270) = 0
(936436,381318) = 0
(40297,336259) = 108
(388901,635852) = 819
(930343,891645) = 0
(737777,212285) = 21
(116912,454893) = 163
(191555,434343) = 558
(794727,577283) = 264
(2062,444731) = 0
(356999,279007) = 0
(24695,720491) = 0
(993568,195687) = 922
(379538,652078) = 0
(930925,889495) = 404
(828952,222589) = 0
(592851,43190) = 671
(419600,446135) = 555
(685544,726973) = 246
(695195,104820) = 909
(523759,722816) = 415
(704288,96504) = 0
(321331,127998) = 0
(381331,418504) = 0
(732933,139449) = 458
(956426,936337) = 0
(495949,419678) = 0
(996921,499410) = 0
(962657,238491) = 0
(162181,862198) = 267
(10546,182275) = 230
(682728,199988) = 0
(705154,907314) = 0
(378138,146875) = 0
(661804,451664) = 0
(370294,487612) = 0
(801730,858711) = 0
(658209,184472) = 681
(740868,363676) = 0
(811061,258417) = 0
(719150,471235) = 0
(244482,145789) = 520
(853679,12018) = 0
(290759,471505) = 0
(762638,237968) = 814
(783313,996860) = 0
(18630,547813) = 0
(629835,728979) = 192
(361097,634289) = 335
(531105,269787) = 501
(379676,718866) = 0
(614595,436720) = 0
(817943,798088) = 772
(353524,914706) = 0
(514331,41247) = 699
(824122,434093) = 0
(273568,740751) = 984
(638814,779833) = 75
(726719,604735) = 42
(104815,681255) = 0
(838655,966399) = 507
(132889,168061) = 0
(120476,846804) = 0
(954725,826623) = 556
(97096,771497) = 359
(795689,73780) = 0
(980818,506047) = 0
(855753,19026) = 0
(967507,343578) = 0
(173827,792653) = 852
(761500,549372) = 152
(496093,273707) = 702
(24279,225630) = 0
(324475,319016) = 969
(411031,692739) = 569
(859461,25128) = 847
(165507,257499) = 0
(842136,885673) = 0
(637533,432219) = 0
(69954,982298) = 159
(504904,256708) = 0
(862978,624153) = 473
(667618,956376) = 0
(276127,83990) = 14
(680083,562586) = 669
(549438,888866) = 301
(22088,886357) = 972
(713420,448484) = 0
(192959,350920) = 0
(615836,496715) = 861
(154104,135455) = 592
(158887,289736) = 0
(614032,842637) = 815
(300174,726201) = 0
(84058,108922) = 764
(26893,859152) = 0
(687903,253961) = 309
(394101,470225) = 0
(617493,733977) = 0
(39561,275361) = 0
(217235,759028) = 0
(964825,259265) = 384
(976272,156765) = 0
(356121,412609) = 0
(188093,403269) = 484
(361074,506135) = 0
(635662,474369) = 332
(780198,836924) = 0
(255786,638509) = 352
(905819,964168) = 0
(756597,640889) = 0
(895274,145943) = 989
(592956,881271) = 0
(589875,851807) = 549
(486692,479297) = 0
(130891,360299) = 1
(690455,498944) = 0
(90581,891979) = 0
(618307,511898) = 468
(675223,414029) = 0
(339475,924224) = 426
(692746,871488) = 0
(413039,833608) = 0
(442339,994283) = 816
(754390,277489) = 838
(908481,971279) = 0
(966866,54431) = 619
(417864,259413) = 0
(482489,28447) = 0
(255111,348998) = 0
(972282,980168) = 724
(446478,736543) = 474
(570012,484754) = 0
(755233,303075) = 0
(287286,175989) = 516
(318843,259378) = 0
(494079,281663) = 784
(129866,507778) = 0
(764907,374578) = 0
(997995,743931) = 0
(556970,212246) = 0
(402554,116121) = 0
(117757,425806) = 0
(107407,192356) = 636
(772023,460449) = 48
(994175,304741) = 0
(241540,648936) = 650
(5967,380276) = 804
(1370,959296) = 742
(934325,257355) = 830
(506121,670147) = 788
(678159,822901) = 832
(825374,428787) = 509
(65251,773733) = 0
(193024,405187) = 0
(230558,271356) = 0
(908461,968370) = 812
(415124,329316) = 486
(193474,735150) = 131
(148098,802452) = 521
(239600,272499) = 0
(353954,180033) = 0
(113269,583601) = 0
(293001,72928) = 0
(823664,769531) = 604
(604910,495729) = 794
(54744,433895) = 0
(26142,915644) = 0
(823319,385715) = 0
(993688,36527) = 438
(530147,215138) = 741
(839972,921747) = 738
(172782,153681) = 19
(79489,761905) = 81
(361712,772313) = 0
(476077,146053) = 413
(910255,971479) = 515
(264970,543010) = 723
(103606,380986) = 0
(459427,775313) = 0
(971522,542043) = 821
(57460,175019) = 625
(368531,98633) = 0
(345732,117493) = 319
(883803,688643) = 389
(552034,649127) = 0
(648476,531998) = 0
(106518,952485) = 0
(429433,258352) = 0
(673586,997645) = 0
(44988,353778) = 975
(754765,759448) = 0
(870567,681208) = 0
(151252,771462) = 0
(969966,292547) = 0
(669168,841179) = 263
(665822,667662) = 227
(681242,14627) = 481
(77984,947883) = 0
(538267,422532) = 0
(9778,457606) = 0
(855848,304385) = 504
(909264,944575) = 873
(856667,854008) = 0
(739448,59186) = 530
(370059,752816) = 0
(399078,151626) = 0
(202001,569407) = 653
(621565,475037) = 289
(445480,295891) = 56
(555054,541600) = 0
(424566,923832) = 0
(587546,414696) = 57
(833085,593331) = 0
(487620,303992) = 0
(41700,188833) = 0
(478511,235489) = 110
(621390,107362) = 0
(641383,973780) = 304
(711395,54083) = 232
(918778,847726) = 0
(672322,952372) = 0
(292294,106927) = 580
(166514,656843) = 0
(643359,68950) = 877
(883683,491666) = 0
(222793,666009) = 0
(933539,926367) = 0
(676556,775338) = 0
(298044,641696) = 0
(818062,771386) = 0
(959311,172403) = 716
(379207,882344) = 0
(646105,118994) = 0
(235431,244097) = 0
(602572,428444) = 0
(841380,123231) = 406
(15174,358087) = 0
(702558,329234) = 910
(844915,315026) = 0
(219834,573119) = 0
(604246,735190) = 500
(74130,412493) = 667
(374244,123959) = 398
(84752,352136) = 280
(317210,569506) = 0
(991042,52710) = 0
(717764,816724) = 0
(404997,762142) = 498
(847932,896445) = 0
(261443,896080) = 0
(471533,104446) = 605
(238531,69907) = 747
(946594,583462) = 0
(858446,774796) = 154
(55870,287049) = 0
(79850,917984) = 0
(156563,445896) = 767
(697277,393395) = 188
(475823,419825) = 476
(729614,520720) = 0
(366837,197454) = 765
(118946,956896) = 0
(103867,9572) = 0
(140288,80653) = 0
(729812,662604) = 595
(629355,806851) = 239
(68333,694334) = 0
(786623,574604) = 180
(451082,680546) = 663
(906064,719483) = 0
(401220,991743) = 173
(746297,557315) = 841
(726919,462073) = 894
(692012,363695) = 364
(384727,119309) = 646
(146559,549812) = 0
(86781,271934) = 328
(554847,535515) = 200
(10249,907108) = 85
(966260,920375) = 0
(332788,885901) = 993
(937211,343762) = 878
(103864,883997) = 24
(376663,757780) = 46
(820161,175321) = 0
(854401,766176) = 965
(469273,663576) = 0
(943827,635860) = 660
(235942,440634) = 126
(679977,991501) = 0
(390960,821190) = 0
(716850,912164) = 0
(76314,921943) = 0
(909561,508508) = 0
(70079,653416) = 0
(109474,656476) = 710
(566378,82866) = 0
(786566,462513) = 0
(615056,398303) = 290
(634688,780960) = 0
(135561,581091) = 0
(124842,951049) = 0
(111406,172574) = 0
(393384,919858) = 49
(427322,54438) = 270
(687101,730527) = 0
(169276,831428) = 589
(384328,781184) = 114
(298534,8308) = 0
(806070,792069) = 101
(444562,412940) = 0
(797909,886899) = 586
(894607,626121) = 375
(507629,936696) = 0
(271486,392601) = 0
(846743,526067) = 0
(494156,666344) = 0
(803985,469108) = 755
(167766,49083) = 0
(132587,877302) = 826
(379506,353274) = 408
(300028,855558) = 955
(287036,645367) = 382
(729445,488494) = 831
(483200,844007) = 0
(912045,35523) = 0
(210780,564431) = 470
(447622,365353) = 378
(656593,483712) = 412
(944036,726453) = 0
(802011,458251) = 494
(969668,413260) = 0
(978130,879553) = 151
(802120,216337) = 36
(280975,176017) = 978
(416790,792643) = 0
(940096,882997) = 0
(373249,692504) = 0
(740283,658587) = 429
(56719,780478) = 0
(791665,137720) = 584
(258453,712174) = 0
(650241,733752) = 52
(196796,64652) = 973
(204168,56740) = 293
(653640,353517) = 0
(457478,769461) = 905
(186869,632554) = 185
(614591,29269) = 105
(385989,587667) = 0
(645651,423438) = 0
(782264,148211) = 0
(299968,78237) = 0
(247522,26947) = 912
(78720,787579) = 0
(277040,55610) = 0
(869072,728216) = 0
(585268,613131) = 0
(842697,329505) = 535
(661130,127582) = 54
(527364,490360) = 371
(32591,504816) = 0
(964115,963512) = 670
(361707,346734) = 65
(805464,338439) = 363
(496130,231171) = 0
(18539,826920) = 0
(403148,211428) = 672
(491266,418091) = 321
(422458,434655) = 603
(925560,678046) = 0
(950736,220525) = 467
(566284,417745) = 0
(431473,695242) = 608
(198563,707102) = 0
(717826,633610) = 307
(994280,446343) = 454
(434471,750640) = 0
(764854,310224) = 139
(533451,308497) = 0
(822618,751142) = 393
(669132,268058) = 0
(794904,506988) = 0
(357287,730551) = 0
(629353,745793) = 0
(963692,602192) = 0
(260627,723341) = 762
(931912,6073) = 731
(541025,979480) = 0
(413855,670242) = 0
(478305,895178) = 0
(812491,364534) = 0
(649805,621341) = 0
(645697,748040) = 58
(733097,65929) = 2
(965713,356909) = 0
(562779,46005) = 0
(331538,340847) = 599
(102063,143340) = 0
(496186,420053) = 0
(874557,968850) = 117
(213767,872255) = 86
(721633,652805) = 456
(201433,418767) = 243
(273779,973802) = 0
(366977,117151) = 490
(146070,623375) = 322
(10958,30298) = 0
(928652,798477) = 0
(173043,726069) = 0
(668770,133273) = 0
(983645,408151) = 31
(400785,338786) = 538
(324453,634433) = 0
(311736,70120) = 0
(42475,481928) = 405
(665981,42575) = 552
(849783,489072) = 288
(401023,920488) = 386
(977667,880883) = 0
(773410,562213) = 0
(349539,846042) = 0
(616411,62036) = 0
(868022,269007) = 704
(618860,541260) = 184
(185653,513255) = 0
(766322,423598) = 342
(996657,542755) = 0
(239481,625557) = 0
(125835,463252) = 248
(334106,891717) = 546
(948183,903876) = 143
(296789,561664) = 0
(805097,16782) = 0
(669932,895472) = 104
(482394,762070) = 0
(633188,950776) = 998
(574546,218653) = 923
(71223,575620) = 388
(170081,969488) = 0
(409905,385354) = 779
(545726,562043) = 0
(301109,94992) = 0
(932433,667880) = 77
(230587,284601) = 250
(385985,720932) = 0
(678847,582225) = 0
(177274,174672) = 0
(874905,55528) = 0
(830168,305856) = 420
(502786,230827) = 0
(538327,703044) = 281
(599947,945649) = 0
(437056,334021) = 867
(557281,570050) = 316
(96972,809887) = 659
(580380,572720) = 0
(882643,715707) = 645
(402083,884588) = 401
(229008,431378) = 0
(40040,613888) = 198
(114189,654710) = 0
(922922,342883) = 576
(61180,704740) = 0
(977477,771742) = 392
(461332,537761) = 511
(824605,29398) = 930
(737136,996761) = 566
(208490,864908) = 691
(136918,802695) = 103
(848014,378914) = 310
(737939,492206) = 925
(610109,293206) = 0
(721264,17081) = 223
(233988,293306) = 0
(378145,180089) = 183
(945901,853837) = 0
(897342,877360) = 880
(625951,224948) = 0
(699117,520552) = 425
(497735,796884) = 0
(600349,51295) = 753
(435851,640374) = 0
(882954,127832) = 362
(815218,766035) = 135
(446743,619876) = 0
(107792,986096) = 0
(924707,453407) = 160
(481779,157053) = 0
(264745,383936) = 776
(946537,918323) = 844
(594448,533109) = 300
(424837,81933) = 0
(145902,662023) = 0
(230628,910643) = 129
(75325,718849) = 0
(515794,129219) = 171
(621302,359525) = 0
(934979,425174) = 0
(458416,439848) = 0
(709638,67300) = 0
(605997,620935) = 0
(833194,560063) = 550
(313141,188669) = 0
(423966,960475) = 186
(217266,693975) = 928
(239337,818561) = 525
(682957,971828) = 428
(356612,685541) = 796
(548273,268493) = 0
(302761,887538) = 0
(50457,566297) = 0
(266103,776502) = 810
(403114,53406) = 0
(464856,510493) = 0
(594513,876639) = 158
(934072,765996) = 18
(78996,836966) = 744
(28039,503198) = 585
(363137,737179) = 849
(373831,604849) = 0
(636357,238341) = 0
(740080,760784) = 0
(328057,237207) = 0
(210943,807498) = 0
(882149,532076) = 0
(882815,172238) = 612
(419401,666403) = 0
(729717,3984) = 544
(90942,391904) = 684
(170475,219085) = 0
(207296,831603) = 0
(175144,267307) = 214
(93337,937449) = 0
(842707,680497) = 236
(750472,955206) = 0
(982595,931177) = 0
(992735,84236) = 251
(143157,287961) = 402
(103708,130257) = 0
(396899,473219) = 0
(781114,357500) = 0
(945922,945398) = 0
(103395,231428) = 587
(522881,746024) = 0
(485136,470602) = 577
(829948,537780) = 0
(734129,801255) = 900
(210632,90968) = 718
(116071,599294) = 0
(824941,310681) = 0
(161279,760365) = 3
(160485,737639) = 0
(628091,996715) = 341
(468865,415970) = 497
(825787,70286) = 575
(819444,15772) = 632
(822602,199595) = 0
(147827,187131) = 0
(840290,104648) = 0
(701223,661955) = 0
(528781,46476) = 0
(81107,109154) = 0
(99211,359505) = 252
(20663,666373) = 0
(583784,510667) = 66
(129848,327548) = 921
(313606,695306) = 0
(672460,876128) = 0
(378158,114387) = 245
(60621,459816) = 573
(800028,555036) = 988
(374580,600435) = 750
(414044,725317) = 0
(372469,585790) = 238
(397400,531800) = 149
(702113,148108) = 808
(766198,625141) = 0
(250979,313587) = 882
(808721,960370) = 0
(477891,932522) = 0
(585356,39761) = 780
(196373,891589) = 0
(90560,567420) = 106
(609384,663925) = 0
(102683,353746) = 597
(199957,231100) = 927
(993476,269642) = 233
(663649,156718) = 570
(286997,518521) = 0
(658057,680964) = 348
(332865,18881) = 0
(690282,642161) = 0
(404341,686816) = 181
(556624,218913) = 0
(921976,919952) = 735
(836338,814782) = 274
(319942,31428) = 155
(90757,819265) = 356
(688900,694616) = 0
(506783,972371) = 0
(310598,520803) = 0
(96677,559492) = 111
(846219,539494) = 0
(761658,25059) = 502
(812127,501969) = 806
(36234,153175) = 726
(969346,257844) = 38
(685752,241937) = 0
(658527,589506) = 0
(99098,188718) = 212
(344743,490382) = 170
(966534,931127) = 0
(326299,325151) = 0
(571629,887611) = 864
(657845,768471) = 860
(839356,981258) = 15
(347791,88192) = 0
(680228,230909) = 0
(170884,105747) = 0
(197744,405370) = 0
(157292,281079) = 286
(939321,887334) = 869
(651658,375282) = 0
(106474,566966) = 0
(711730,11140) = 0
(780011,127064) = 221
(168117,521130) = 536
(766259,611257) = 0
(391906,807461) = 0
(892022,944179) = 237
(433565,723641) = 0
(77125,650680) = 0
(675106,704755) = 0
(204821,171088) = 693
(172347,162736) = 0
(680160,442312) = 0
(598022,842751) = 0
(867639,597470) = 0
(117098,321509) = 0
(773088,162251) = 990
(241014,833062) = 0
(185807,381688) = 418
(232689,268413) = 640
(982492,446694) = 0
(835524,387444) = 488
(650915,266021) = 0
(238286,265842) = 0
(575352,568339) = 107
(130922,893538) = 857
(608955,718238) = 0
(599886,934837) = 528
(607852,664550) = 153
(900312,995342) = 980
(124571,739475) = 0
(236230,41192) = 924
(101957,803138) = 0
(808874,712338) = 367
(418883,998914) = 0
(887467,923455) = 0
(260852,661701) = 0
(304730,487345) = 4
(740663,590560) = 0
(383760,163210) = 596
(415713,883920) = 423
(465420,832244) = 855
(652039,200978) = 0
(112951,552466) = 0
(450494,180007) = 751
(746712,953509) = 627
(46793,29501) = 0
(164438,395663) = 0
(972241,14670) = 0
(836480,743581) = 0
(732064,206764) = 0
(483722,859606) = 0
(374218,306366) = 0
(156694,812732) = 0
(647522,974614) = 0
(225049,328306) = 0
(663434,13371) = 682
(641435,303619) = 0
(711014,409408) = 0
(868083,349592) = 938
(687572,352082) = 863
(169893,315279) = 487
(64253,598953) = 0
(873799,519357) = 128
(537420,746726) = 0
(49023,790813) = 0
(942650,720001) = 0
(2760,997651) = 896
(667913,952810) = 609
(11898,330250) = 703
(202309,33810) = 0
(135485,756627) = 0
(307188,19425) = 0
(61146,525251) = 512
(764062,178430) = 0
(583865,964149) = 850
(963042,66654) = 825
(296992,835001) = 836
(513297,73273) = 0
(558121,583192) = 132
(630495,684584) = 902
(108831,3442) = 0
(443313,793970) = 0
(257770,323182) = 79
(308712,42528) = 172
(203821,75930) = 376
(700376,209454) = 0
(648948,146127) = 204
(901690,817346) = 0
(826441,772804) = 688
(14461,29111) = 0
(251857,953239) = 0
(904156,426243) = 0
(433216,781875) = 0
(764656,651697) = 234
(753400,306063) = 0
(395021,26113) = 0
(462323,603015) = 0
(877182,802756) = 0
(620921,586318) = 0
(213075,752434) = 282
(795178,533442) = 465
(189330,276945) = 0
(572677,29972) = 0
(210292,319707) = 0
(588560,195641) = 0
(161338,356903) = 5
(692816,100088) = 0
(373452,48484) = 0
(123051,238570) = 93
(548922,545127) = 0
(259817,929175) = 0
(516942,536479) = 449
(838401,788453) = 914
(579543,133580) = 0
(306153,809542) = 0
(1270,625210) = 351
(200781,582620) = 951
(192417,374437) = 89
(133401,349993) = 647
(302213,564449) = 774
(896730,210906) = 0
(894690,791117) = 0
(144290,25196) = 91
(754448,264052) = 0
(678654,438663) = 30
(578703,651784) = 260
(353966,875927) = 368
(595206,183278) = 259
(921091,975016) = 0
(47779,186397) = 508
(68607,747803) = 548
(394929,485294) = 736
(605498,421747) = 991
(504240,284696) = 127
(394442,720162) = 0
(547170,17379) = 0
(776383,121139) = 0
(460522,940558) = 0
(711764,718025) = 235
(174431,630472) = 147
(994068,374643) = 0
(977013,245548) = 551
(770146,23763) = 0
(118907,539852) = 803
(295204,615646) = 194
(491161,87878) = 0
(87130,220440) = 0
(359119,812910) = 918
(717542,704216) = 0
(731204,21422) = 996
(61437,179843) = 0
(793390,159491) = 369
(235755,574431) = 970
(80451,886724) = 0
(510567,861468) = 0
(373797,291118) = 0
(420597,953247) = 957
(232774,360927) = 707
(700413,383737) = 0
(24553,224897) = 0
(728826,750999) = 943
(270152,526810) = 0
(562583,15290) = 0
(201447,443165) = 0
(511929,212480) = 940
(259003,208760) = 271
(568960,591520) = 0
(875875,528603) = 209
(796040,558613) = 74
(252406,523324) = 0
(938528,18037) = 197
(309893,225070) = 493
(596933,318299) = 0
(569282,79042) = 0
(465157,362770) = 102
(248699,804180) = 206
(990014,376411) = 0
(671574,91154) = 579
(383936,47883) = 284
(347759,191593) = 931
(230358,339594) = 657
(402338,363001) = 122
(16237,366671) = 0
(865336,663389) = 0
(927177,757950) = 0
(568707,887326) = 662
(79671,265853) = 637
(309963,239264) = 414
(963462,882425) = 218
(884547,818364) = 560
(897000,191506) = 0
(302322,888563) = 0
(683232,684550) = 946
(429147,575502) = 0
(266214,568049) = 0
(388590,711288) = 0
(122720,841379) = 754
(613365,453676) = 818
(981414,178174) = 0
(841710,703063) = 0
(655367,185653) = 59
(210716,810048) = 0
(783370,986081) = 0
(95386,707290) = 95
(337477,940609) = 0
(594531,519496) = 0
(23027,600929) = 0
(924431,79013) = 287
(574116,213166) = 0
(372086,742041) = 495
(234147,211001) = 0
(366992,986099) = 366
(276103,162246) = 0
(174229,115142) = 786
(148758,740532) = 87
(969237,668855) = 967
(488622,251564) = 50
(883722,840691) = 383
(26652,370139) = 820
(758709,762560) = 0
(419695,221380) = 578
(608299,707962) = 0
(749392,137785) = 683
(180983,201990) = 0
(246905,579069) = 0
(550782,827515) = 714
(967848,295175) = 451
(553582,394823) = 0
(138035,364342) = 874
(881069,187286) = 698
(188362,695384) = 439
(547368,887472) = 123
(557711,269305) = 0
(39059,130517) = 0
(52318,159618) = 436
(736772,374157) = 766
(635256,29271) = 0
(76046,6098) = 0
(282832,558420) = 0
(85088,904171) = 0
(945852,988437) = 0
(159252,35208) = 0
(648395,54350) = 98
(697043,823390) = 358
(530830,978696) = 394
(293163,494492) = 28
(338519,36461) = 0
(660999,961349) = 0
(428292,773436) = 249
(376420,273438) = 0
(322393,353279) = 719
(783551,18834) = 0
(936568,23625) = 0
(932974,390986) = 824
(715203,260572) = 0
(65864,833739) = 0
(427325,40361) = 0
(760083,646389) = 275
(513460,664570) = 0
(80244,474983) = 0
(347291,479991) = 141
(132889,736176) = 0
(64750,505698) = 78
(984175,355833) = 195
(843844,147550) = 407
(454206,241691) = 0
(904549,868971) = 0
(449905,714490) = 0
(202540,979421) = 615
(485063,140574) = 0
(27277,948958) = 29
(69061,214674) = 241
(783423,710995) = 0
(827612,795000) = 0
(858818,887619) = 739
(859837,76549) = 0
(872416,824909) = 0
(695984,694979) = 0
(232837,584970) = 0
(953968,418230) = 370
(200252,948292) = 0
(125449,383398) = 0
(648035,588883) = 215
(471211,813641) = 729
(853906,926327) = 778
(284041,942879) = 623
(17880,213784) = 0
(928914,121069) = 617
(146794,721563) = 0
(708732,227528) = 0
(229924,884403) = 872
(786343,565945) = 0
(690086,483493) = 0
(870204,913731) = 203
(726684,653094) = 0
(913799,287181) = 0
(829297,135398) = 0
(337564,145958) = 992
(441725,111124) = 758
(603582,317695) = 0
(867096,135589) = 0
(622758,596154) = 807
(368724,98510) = 294
(776137,339647) = 0
(237432,498627) = 0
(565764,305875) = 594
(945704,958077) = 0
(373973,969593) = 932
(653810,253131) = 222
(553916,451794) = 954
(379840,622872) = 0
(649474,526637) = 0
(746772,632397) = 165
(411188,638976) = 886
(399971,864663) = 0
(799870,927489) = 447
(557128,484909) = 0
(149306,373576) = 0
(65332,84448) = 0
(357214,121151) = 323
(595570,641693) = 635
(554659,783971) = 327
(892213,186283) = 761
(890558,509693) = 0
(415233,833023) = 630
(447088,526695) = 715
(282371,551782) = 0
(646771,798686) = 12
(173823,496317) = 0
(481289,736476) = 44
(36461,751985) = 99
(727836,413761) = 582
(554194,907205) = 0
(61344,854419) = 326
(838366,850950) = 448
(295924,691400) = 0
(489556,340359) = 482
(882475,56674) = 0
(112957,896297) = 0
(82693,617706) = 0
(108696,31128) = 562
(518286,242719) = 0
(931922,873256) = 613
(707322,568603) = 70
(507717,142380) = 0
(912518,197241) = 410
(546527,526700) = 83
(519775,921748) = 934
(95858,550368) = 0
(742600,59569) = 0
(112490,599295) = 0
(919027,150073) = 0
(524423,652895) = 0
(777236,227557) = 0
(512044,538836) = 0
(152150,376407) = 427
(885121,995349) = 829
(725733,993928) = 0
(439145,534332) = 0
(297009,807008) = 795
(424566,6142) = 641
(701559,763590) = 0
(43781,650176) = 460
(327731,139999) = 541
(336493,185547) = 157
(990994,605365) = 0
(253227,811260) = 424
(553733,803061) = 0
(762563,314971) = 745
(58586,560037) = 0
(832366,272252) = 911
(174051,427322) = 0
(828324,491015) = 27
(167653,730441) = 999
(235694,503865) = 51
(939668,517362) = 787
(836314,770964) = 0
(76320,867786) = 94
(173339,752789) = 0
(425143,724533) = 0
(978836,533392) = 503
(45986,780983) = 0
(81277,589411) = 0
(40065,133572) = 343
(246206,95751) = 0
(568968,377683) = 0
(846688,13707) = 0
(769189,10737) = 459
(182489,210129) = 908
(673843,373412) = 0
(749225,726637) = 0
(619517,580841) = 314
(381725,409202) = 0
(266958,860647) = 33
(394960,858209) = 828
(972126,548599) = 0
(230525,686802) = 0
(752043,322734) = 463
(886305,733761) = 811
(542932,667773) = 0
(492300,624270) = 638
(872884,91707) = 229
(266276,364021) = 941
(422724,675128) = 746
(842816,829158) = 0
(854298,20382) = 865
(863695,699023) = 968
(627728,602027) = 0
(93760,652629) = 0
(393771,266119) = 207
(545231,148142) = 939
(692382,388995) = 0
(224836,349951) = 919
(153284,156710) = 0
(455827,404443) = 0
(147195,115787) = 254
(913172,361359) = 176
(164233,808049) = 624
(7937,654828) = 161
(706952,351708) = 0
(622636,917918) = 0
(129939,307633) = 884
(322986,712513) = 417
(542720,716596) = 696
(185274,822339) = 0
(994920,251056) = 532
(972581,104397) = 0
(687047,254223) = 0
(757739,654341) = 266
(766899,210573) = 120
(208679,100836) = 0
(808462,81886) = 0
(400314,741329) = 455
(543045,706955) = 0
(978294,873150) = 434
(580785,492406) = 116
(645684,612880) = 492
(819738,538457) = 0
(860519,181705) = 419
(896199,229212) = 620
(247355,991396) = 0
(85929,374716) = 0
(707241,142298) = 654
(952140,44710) = 0
(967328,205297) = 0
(795397,552217) = 0
(169022,545382) = 0
(32467,363378) = 0
(796390,922411) = 0
(412433,861746) = 728
(262817,850136) = 0
(578501,586159) = 0
(841527,389571) = 0
(134514,402259) = 720
(837796,360410) = 0
(102790,272296) = 0
(338769,13843) = 0
(762341,20925) = 7
(390015,916603) = 0
(273815,395681) = 853
(482960,879403) = 0
(90495,961102) = 801
(505416,999307) = 0
(346935,798052) = 883
(384083,787526) = 1000
(231968,969403) = 0
(345180,58080) = 961
(613487,897085) = 0
(729161,821769) = 162
(763945,874469) = 0
(242449,153033) = 253
(30246,868914) = 298
(275646,204535) = 0
(424120,540981) = 842
(338677,440302) = 0
(669529,327227) = 0
(644984,360232) = 190
(891623,127051) = 0
(405462,496271) = 437
(590260,285148) = 0
(604159,41013) = 313
(431103,453332) = 963
(172543,258878) = 0
(119274,953413) = 0
(233108,594794) = 318
(604605,721475) = 0
(443872,580310) = 0
(182417,35657) = 0
(284814,838875) = 773
(662566,664497) = 0
(480987,109364) = 0
(395405,799261) = 0
(850937,807885) = 130
(727890,42126) = 0
(721866,873853) = 0
(691208,990599) = 983
(497382,643173) = 0
(402183,974485) = 0
(17928,879228) = 561
(612409,869405) = 0
(917866,312155) = 966
(586658,152638) = 216
(883798,882890) = 557
(837725,355729) = 770
(120344,76856) = 0
(549695,697295) = 0
(187927,461365) = 862
(869111,844522) = 202
(265814,924337) = 272
(656213,123352) = 0
(229698,188232) = 588
(19452,532774) = 0
(387163,524949) = 479
(70316,622315) = 0
(597517,157629) = 373
(943848,367746) = 858
(346005,730923) = 82
(138081,867565) = 533
(329757,308898) = 0
(538740,970975) = 63
(214768,874286) = 697
(638814,305640) = 0
(253964,543885) = 136
(541277,894077) = 0
(486600,143081) = 240
(755448,902620) = 292
(64937,114265) = 713
(139725,998143) = 0
(653992,126539) = 0
(663867,917237) = 871
(933364,703101) = 962
(246492,644182) = 568
(610437,261261) = 0
(297379,780187) = 0
(186944,163851) = 39
(461897,202504) = 0
(849655,252350) = 0
(354117,237339) = 979
(5158,946000) = 540
(104349,160646) = 890
(675587,717761) = 0
(100490,47475) = 0
(611464,1653) = 915
(843047,961712) = 950
(402578,503919) = 0
(579881,892756) = 395
(248893,674208) = 953
(817763,860283) = 0
(732590,19121) = 265
(149606,523984) = 257
(596243,610773) = 0
(185439,638252) = 563
(672270,791642) = 0
(827934,160106) = 518
(333582,238231) = 0
(205608,688444) = 0
(343411,659108) = 0
(749022,531559) = 464
(318387,221433) = 25
(965372,628209) = 0
(36339,906874) = 148
(296,794261) = 0
(416858,270975) = 0
(250649,932001) = 0
(67499,680901) = 0
(395164,239579) = 935
(912263,41958) = 0
(20765,63857) = 13
(945599,71265) = 0
(94742,205076) = 656
(582968,612940) = 213
(626665,837129) = 471
(587534,36525) = 72
(968304,515079) = 0
(267834,761138) = 0
(33978,400169) = 952
(655102,984682) = 913
(789394,31402) = 466
(98502,262650) = 16
(645534,889345) = 0
(266016,306385) = 797
(221411,633607) = 0
(578157,68290) = 0
(643580,790252) = 0
(599618,373866) = 0
(78662,490314) = 789
(189803,32144) = 866
(691491,925377) = 483
(213437,787321) = 610
(730037,686071) = 306
(569144,893428) = 0
(761163,254138) = 0
(965706,650824) = 201
(373093,312800) = 0
(326356,331883) = 0
(252365,684128) = 220
(278531,262756) = 0
(821403,460953) = 312
(77471,865368) = 224
(477873,56145) = 0
(181923,233379) = 442
(604191,715717) = 403
(716867,33043) = 0
(597512,595855) = 678
(444446,660794) = 0
(933152,986874) = 590
(723329,317966) = 0
(969487,916159) = 0
(439526,496308) = 0
(919537,728890) = 0
(978444,551302) = 0
(92687,77173) = 0
(768787,908520) = 0
(691085,1898) = 0
(636535,24750) = 499
(303216,478741) = 0
(521707,808401) = 0
(335066,738563) = 0
(131738,585378) = 475
(937373,68629) = 302
(432155,968299) = 0
(759168,508573) = 349
(492957,277549) = 340
(410723,49453) = 0
(901823,316016) = 899
(676402,51748) = 942
(750074,611739) = 60
(203356,268165) = 0
(101149,293708) = 0
(796931,260185) = 0
(442899,40075) = 0
(461326,459268) = 0
(919379,986876) = 0
(35050,80145) = 0
(61907,909825) = 0
(676676,283352) = 478
(989276,965358) = 446
(152505,232985) = 0
(233147,961194) = 169
(693645,800577) = 0
(995329,856385) = 0
(534895,982811) = 0
(8621,893453) = 0
(276604,134200) = 0
(815444,383267) = 0
(69444,410581) = 837
(429857,729362) = 0
(661821,633674) = 88
(627655,751984) = 0
(522114,188735) = 960
(448114,316720) = 0
(658181,584638) = 0
(514137,910150) = 90
(345688,441765) = 888
(147587,376077) = 977
(761180,789939) = 205
(904092,361606) = 0
(755484,834688) = 416
(802845,448764) = 433
(506726,551837) = 0
(40207,180409) = 845
(173634,901301) = 622
(882406,896132) = 100
(499432,502868) = 167
(52886,13662) = 771
(225889,194621) = 461
(918258,868745) = 0
(329775,543548) = 0
(182912,511047) = 469
(667494,126280) = 0
(568885,388203) = 119
(156499,152351) = 0
(310578,125921) = 802
(354580,194436) = 41
(503542,910070) = 734
(331137,908363) = 47
(735884,106897) = 0
(685842,462478) = 0
(246756,959672) = 0
(750674,810722) = 0
(74375,919102) = 125
(146963,871696) = 0
(632706,152090) = 0
(648570,443121) = 0
(447616,342191) = 0
(230007,392626) = 981
(213356,128352) = 997
(391731,384915) = 0
(673966,82389) = 189
(124436,267720) = 68
(904597,535842) = 84
(953486,311601) = 225
(636470,764091) = 0
(518640,272804) = 0
(643085,778862) = 0
(312478,712874) = 0
(482878,904577) = 329
(498666,218259) = 0
(480411,919289) = 0
(286072,648715) = 0
(48789,645898) = 0
(111893,246352) = 933
(902509,925941) = 0
(888682,468624) = 0
(798734,348419) = 73
(519256,64335) = 0
(425222,127983) = 0
(199729,886696) = 179
(756376,268259) = 891
(141623,985278) = 191
(159135,881894) = 441
(279447,563579) = 262
(914126,972131) = 740
(9884,877974) = 0
(295899,989230) = 0
(599837,904191) = 0
(135675,220232) = 790
(996213,754576) = 0
(757906,251905) = 440
(55617,691392) = 0
(747863,856119) = 0
(183592,215773) = 505
(270097,109720) = 0
(583059,462512) = 317
(299155,359733) = 480
(369284,597605) = 633
(913870,307769) = 0
(254714,880462) = 6
(965817,4162) = 0
(551577,218185) = 0
(993798,641753) = 0
(668274,142701) = 785
(714206,814050) = 0
(979716,229641) = 732
(569596,896788) = 0
(776793,338540) = 0
(842911,46757) = 749
(854294,315018) = 777
(203716,472629) = 769
(104435,917129) = 985
(762837,666474) = 97
(325891,81709) = 0
(160390,595695) = 0
(699771,322027) = 360
(507598,400516) = 411
(77118,242988) = 0
(939666,721267) = 0
(857423,949628) = 885
(568050,773511) = 164
(714254,347149) = 0
(58100,431207) = 673
(427325,108386) = 496
(636477,36463) = 137
(73695,140075) = 55
(954928,593060) = 0
(915347,642876) = 0
(603727,675130) = 756
(450022,117787) = 0
(770233,108329) = 61
(492016,283775) = 0
(654198,522967) = 142
(903093,132084) = 124
(905339,853051) = 0
(268434,33333) = 491
(38095,702906) = 0
(470365,751365) = 244
(275092,890135) = 598
(903958,277553) = 0
(486196,534690) = 0
(768060,85666) = 0
(722882,937874) = 187
(994832,806658) = 0
(467722,39143) = 964
(657659,925975) = 53
(681257,836001) = 140
(544995,938039) = 0
(221255,619617) = 0
(582031,158296) = 971
(33102,499347) = 156
(312047,909580) = 80
(723967,785176) = 0
(536507,469145) = 0
(683243,164970) = 835
(418232,923514) = 299
(752500,146548) = 848
(330253,173470) = 994
(366040,370302) = 211
(374535,891548) = 0
(342747,718501) = 760
(580054,257600) = 320
(329973,483294) = 0
(444373,718938) = 677
(727008,285587) = 0
(425086,573160) = 9
(367620,366903) = 0
(225549,171937) = 0
(227889,63658) = 0
(21325,972493) = 817
(861490,26586) = 0
(891738,613829) = 477
(738958,306648) = 0
(83716,344366) = 0
(505525,571663) = 0
(678313,955800) = 982
(672733,508564) = 0
(592460,234313) = 652
(748323,323269) = 0
(207406,713893) = 889
(380675,498894) = 800
(305572,665307) = 0
(55614,797506) = 643
(796134,158143) = 0
(223795,450411) = 430
(926211,792172) = 0
(604713,275458) = 0
(438200,328283) = 0
(37242,568453) = 0
(594023,184958) = 0
(374632,76648) = 210
(578036,191992) = 175
(514100,110912) = 628
(499498,168362) = 0
(200810,562814) = 0
(680122,358553) = 0
(711868,602802) = 45
(572676,289002) = 0
(950376,722612) = 0
(49260,875393) = 0
(394228,162319) = 892
(742047,279024) = 689
(639396,620885) = 0
(152767,737990) = 868
(215227,420239) = 948
(134552,63955) = 0
(393600,187032) = 0
(223913,625597) = 904
(829384,256211) = 553
(591335,420633) = 0
(409072,851470) = 337
(839982,639855) = 956
(690376,59221) = 0
(522830,861597) = 730
(802697,921157) = 96
(211123,373622) = 974
(725795,493369) = 0
(31373,265011) = 526
(371306,506728) = 0
(204138,704456) = 0
(19363,279826) = 655
(148255,727801) = 0
(407640,172957) = 0
(804167,170559) = 0
(121542,690060) = 0
(32933,498404) = 0
(421019,303172) = 297
(995315,995395) = 692
(66454,423470) = 331
(598498,562600) = 0
(348998,645150) = 0
(417740,306915) = 0
(809638,647995) = 0
(395511,543470) = 144
(749532,951568) = 917
(85247,486613) = 0
(933270,156356) = 0
(402570,260454) = 639
(268910,454880) = 737
(478505,537000) = 37
(140585,829439) = 432
(596870,577294) = 510
(435038,544813) = 0
(485839,649366) = 444
(46073,500930) = 0
(719283,611283) = 675
(143128,294467) = 0
(878999,823150) = 875
(389211,78248) = 0
(380986,109590) = 0
(860040,702536) = 118
(773124,441683) = 0
(559018,87404) = 34
(471635,256987) = 0
(840723,852164) = 32
(293869,367135) = 0
(996204,638626) = 0
(490274,971659) = 0
(215721,195157) = 725
(435797,11817) = 565
(966212,480983) = 685
(726073,636988) = 150
(390019,278541) = 581
(197977,193056) = 308
(291169,385720) = 0
(699775,921769) = 680
(33450,319114) = 0
(460027,825851) = 0
(502473,690112) = 906
(566540,761878) = 76
(115947,238873) = 0
(296176,548215) = 798
(937651,787683) = 305
(253347,649758) = 0
(39962,636229) = 399
(254289,308322) = 445
(134,159811) = 0
(661263,642485) = 472
(811853,631382) = 522
(377266,482317) = 0
(495493,914843) = 291
(521999,682604) = 0
(152676,384119) = 0
(50380,650964) = 543
(471688,649427) = 0
(350606,704700) = 0
(241312,928928) = 355
(391332,526694) = 929
(351320,504240) = 347
(300544,817101) = 0
(176763,377106) = 0
(380246,892361) = 958
(258630,585247) = 35
(308886,70250) = 805
(827484,275482) = 664
(607094,353504) = 527
(658341,40217) = 177
(780,743254) = 870
(390112,819942) = 519
(872495,961663) = 278
(637827,757930) = 0
(18787,680427) = 0
(748498,570653) = 705
(855246,953238) = 353
(250971,775842) = 374
(990582,730567) = 138
(312079,678780) = 534
(458514,506788) = 40
(947737,50592) = 0
(986781,934968) = 0
(927792,485084) = 0
(857016,676492) = 0
(909336,627332) = 0
(114496,435161) = 903
(488245,563020) = 311
(604598,979786) = 661
(622549,793352) = 0
(522597,308095) = 258
(482787,784149) = 0
(78493,352022) = 529
(403418,82175) = 400
(33753,508352) = 854
(925670,741322) = 199
(807197,524616) = 0
(416410,500986) = 0
(271288,447528) = 450
(305115,375970) = 0
(853927,409928) = 611
(38238,509074) = 856
(659879,302511) = 0
(990023,115769) = 324
(649172,256323) = 567
(160738,672425) = 0
(758697,505301) = 0
(8749,433318) = 920
(940840,540400) = 372
(480403,488935) = 0
(710277,628660) = 898
(505027,204365) = 674
(648712,339564) = 0
(379904,36174) = 133
(510,422436) = 0
(124852,880922) = 380
(826631,634090) = 0
(637275,15421) = 0
(162197,778144) = 0
(500043,646853) = 701
(7601,862420) = 0
(463927,706855) = 231
(181644,705289) = 0
(967623,533542) = 10
(404427,686783) = 0
(926489,838994) = 113
(863062,898653) = 752
(504398,970742) = 945
(480098,730232) = 813
(765771,865010) = 0
(57465,696785) = 916
(261831,377799) = 92
(532,186952) = 839
(771905,177966) = 0
(248708,489654) = 757
(730560,989400) = 649
(809483,454457) = 0
(740459,412654) = 513
(216455,4587) = 20
(878876,223342) = 109
(216830,590194) = 0
(362684,90924) = 0
(662554,544546) = 0
(848860,183098) = 67
(397022,156254) = 0
(771140,874128) = 228
(388281,450886) = 23
(875329,13731) = 336
(191051,894593) = 0
(661405,225667) = 0
(628538,848682) = 0
(580224,145144) = 283
(724798,40078) = 621
(131315,260131) = 0
(429772,706077) = 895
(533027,894881) = 391
(375980,379017) = 0
(190378,745547) = 631
(438504,946234) = 0
(984722,613299) = 0
(995152,279888) = 344
(424210,140076) = 0
(944934,678810) = 676
(291493,559951) = 506
(801697,584128) = 0
(395475,954325) = 385
(888301,278198) = 843
(779780,991709) = 0
(327442,462213) = 0
(36457,432332) = 524
(763541,569112) = 0
(858649,956292) = 361
(161056,201541) = 268
(773091,745900) = 879
(553450,192073) = 0
(619420,676729) = 452
(544339,332708) = 0
(574008,35949) = 0
(751207,271800) = 0
(750028,261109) = 0
(146202,130078) = 0
(247829,699132) = 926
(415842,347460) = 115
(328362,63424) = 334
(123236,83755) = 0
(858602,389365) = 607
(270260,120003) = 0
(540163,764258) = 396
(652818,648167) = 276
(357867,542151) = 174
(597770,74499) = 545
(192330,407316) = 0
(780056,974802) = 0
(581987,423895) = 0
(631337,431512) = 514
(269623,76119) = 947
(486044,581557) = 431
(693598,136105) = 0
(526772,74924) = 743
(784016,829347) = 851
(587293,818791) = 0
