15/11/1997: sabado
01/01/2000: sabado
04/07/1998: sabado
11/02/1732: sexta
10/15/1492: invalida
01/09/1752: terca
02/09/1752: quarta
03/09/1752: invalida
13/09/1752: invalida
14/09/1752: quinta
15/09/1752: sexta
33/04/1997: invalida
04/07/1776: quinta
31/07/2000: segunda
29/02/1900: invalida
01/03/1900: quinta
28/02/1600: quinta
01/03/1700: sexta
00/01/1100: invalida
01/00/1100: invalida
01/01/0000: invalida
31/02/1972: invalida
31/04/1972: invalida
31/06/1972: invalida
31/09/1972: invalida
31/11/1972: invalida
