21/06/1313: quinta
05/04/1313: quinta
20/01/1920: terca
06/05/1920: quinta
03/07/1920: sabado
13/02/1920: sexta
14/11/1313: quarta
21/03/1888: quarta
06/12/1920: segunda
08/04/1910: sexta
06/01/1797: sexta
01/06/1313: sexta
02/06/1889: domingo
06/02/1889: quarta
19/03/1797: domingo
03/11/1797: sexta
13/11/1313: terca
12/10/1888: sexta
10/03/1313: sabado
27/02/1910: domingo
19/02/1920: quinta
11/09/1910: domingo
31/04/1888: invalida
16/03/1910: quarta
28/11/1888: quarta
30/11/1313: sexta
06/10/1313: sabado
10/09/1910: sabado
28/08/1900: terca
22/08/1910: segunda
08/05/1920: sabado
06/03/1888: terca
15/05/1313: terca
26/04/1910: terca
15/12/1888: sabado
16/10/1920: sabado
01/05/1313: terca
10/06/1888: domingo
17/05/1910: terca
05/03/1888: segunda
22/12/1910: quinta
21/04/1889: domingo
19/07/1797: quarta
22/02/1888: quarta
17/11/1313: sabado
17/10/1889: quinta
03/12/1889: terca
19/10/1920: terca
15/09/1797: sexta
24/11/1797: sexta
04/07/1797: terca
31/03/1910: quinta
27/04/1313: sexta
09/09/1889: segunda
02/09/1910: sexta
26/06/1889: quarta
07/06/1910: terca
26/10/1313: sexta
12/12/1920: domingo
02/12/1313: domingo
02/10/1888: terca
17/03/1920: quarta
10/08/1797: quinta
14/04/1797: sexta
10/10/1313: quarta
22/05/1313: terca
11/08/1910: quinta
05/11/1920: sexta
25/10/1888: quinta
19/01/1910: quarta
30/03/1797: quinta
20/07/1910: quarta
14/05/1889: terca
11/03/1920: quinta
16/12/1313: domingo
27/07/1313: sexta
20/08/1313: segunda
06/06/1889: quinta
22/11/1910: terca
23/05/1313: quarta
31/07/1797: segunda
18/12/1888: terca
23/04/1797: domingo
19/06/1900: terca
27/03/1889: quarta
01/03/1889: sexta
27/01/1920: terca
25/08/1313: sabado
10/12/1889: terca
07/05/1888: segunda
11/01/1920: domingo
11/11/1889: segunda
09/12/1900: domingo
25/02/1920: quarta
04/02/1797: sabado
03/10/1313: quarta
26/08/1313: domingo
12/02/1900: segunda
07/01/1797: sabado
24/03/1910: quinta
30/01/1920: sexta
24/07/1313: terca
09/05/1889: quinta
13/06/1888: quarta
01/09/1920: quarta
26/02/1910: sabado
10/01/1910: segunda
28/01/1920: quarta
08/11/1920: segunda
20/10/1313: sabado
30/10/1888: terca
13/07/1313: sexta
03/09/1888: segunda
26/12/1920: domingo
25/01/1888: quarta
31/10/1888: quarta
12/05/1900: sabado
12/08/1313: domingo
15/04/1888: domingo
02/03/1900: sexta
13/09/1910: terca
17/12/1797: domingo
06/08/1313: segunda
23/10/1920: sabado
29/04/1313: domingo
29/01/1888: domingo
27/09/1313: quinta
12/06/1889: quarta
08/03/1889: sexta
29/10/1889: terca
19/09/1797: terca
15/08/1888: quarta
22/07/1900: domingo
31/01/1889: quinta
24/01/1920: sabado
26/01/1910: quarta
12/01/1889: sabado
27/08/1797: domingo
28/04/1910: quinta
28/12/1920: terca
23/08/1313: quinta
07/09/1900: sexta
10/07/1888: terca
20/02/1797: segunda
30/07/1313: segunda
28/02/1797: terca
25/12/1888: terca
11/04/1313: quarta
14/06/1888: quinta
16/02/1900: sexta
24/02/1313: sabado
13/10/1797: sexta
08/06/1797: quinta
01/11/1313: quinta
06/11/1910: domingo
09/07/1313: segunda
05/12/1900: quarta
01/01/1910: sabado
23/12/1910: sexta
29/02/1889: invalida
18/04/1920: domingo
23/09/1900: domingo
09/01/1888: segunda
08/08/1910: segunda
11/06/1888: segunda
15/03/1797: quarta
21/12/1797: quinta
16/08/1920: segunda
23/02/1910: quarta
13/04/1910: quarta
22/10/1797: domingo
04/10/1313: quinta
31/06/1797: invalida
27/12/1900: quinta
02/04/1900: segunda
22/06/1889: sabado
16/11/1910: quarta
06/09/1797: quarta
20/09/1313: quinta
30/08/1910: terca
19/11/1313: segunda
27/10/1797: sexta
17/01/1313: quarta
16/04/1910: sabado
26/11/1797: domingo
26/05/1920: quarta
08/01/1797: domingo
02/08/1888: quinta
19/12/1888: quarta
12/03/1797: domingo
23/06/1889: domingo
30/09/1888: domingo
10/05/1889: sexta
05/02/1313: segunda
06/07/1313: sexta
30/04/1888: segunda
01/04/1910: sexta
05/05/1920: quarta
31/05/1910: terca
03/06/1313: domingo
29/12/1920: quarta
02/02/1797: quinta
22/09/1910: quinta
14/07/1910: quinta
16/01/1910: domingo
18/01/1910: terca
20/12/1910: terca
11/02/1889: segunda
23/07/1888: segunda
04/06/1910: sabado
05/09/1920: domingo
04/12/1797: segunda
