8 15 19 23 1 32 1 23 13 28 13 23 19 10 11 30 24 30 11 10 6 9 6 10 19 15 27 3 22 16 22 3 2 12 5 12 2 3 27 21 27 15 8 26 25 33 14 33 25 17 31 20 31 18 31 17 25 26 29 7 4 7 29 26 8 
14 33 7 20 7 18 15 19 15 28 12 28 15 18 17 8 2 8 17 18 7 33 22 29 9 29 5 25 5 29 22 10 16 10 27 10 22 33 14 32 6 13 3 1 21 26 24 30 24 26 21 4 21 1 3 11 3 13 6 23 6 32 31 32 14 
29 2 24 6 19 3 28 15 28 3 12 3 19 6 14 4 13 8 13 9 13 4 14 7 5 32 5 7 14 6 24 25 20 23 27 23 26 10 26 23 20 31 16 31 20 25 17 25 24 2 29 18 21 33 30 22 30 11 30 33 21 18 1 18 29 
21 12 8 3 11 25 11 3 8 12 32 13 23 6 23 22 9 19 31 19 9 22 23 13 32 12 21 4 15 24 1 28 7 30 33 30 7 28 17 29 17 28 1 24 15 18 15 4 14 2 16 5 10 5 27 26 20 26 27 5 16 2 14 4 21 
21 31 15 12 29 3 17 6 17 20 17 3 29 12 8 12 15 31 19 25 4 26 22 10 2 10 22 26 4 25 1 11 1 18 27 18 1 25 19 5 7 5 19 31 21 9 24 14 24 16 24 9 33 32 33 28 13 28 23 30 23 28 33 9 21 
10 14 16 23 24 30 24 32 21 20 21 32 24 23 16 15 25 4 31 17 12 9 12 17 31 29 19 29 31 4 33 1 33 4 25 8 25 15 16 14 10 3 5 22 5 11 5 3 18 2 27 2 18 6 7 6 28 26 13 26 28 6 18 3 10 
27 15 22 32 22 15 18 9 21 13 21 10 31 10 23 26 23 25 28 25 23 10 21 9 18 20 17 11 17 29 6 29 17 20 14 5 7 5 14 20 18 15 27 24 8 19 30 1 30 19 8 24 16 33 12 2 3 2 12 33 4 33 16 24 27 
28 5 24 13 24 5 15 4 15 5 28 18 2 33 19 33 2 31 2 18 21 11 12 17 1 6 1 7 1 17 9 17 12 11 21 27 30 3 22 10 20 23 20 10 22 3 26 8 26 16 14 16 26 3 30 25 32 25 29 25 30 27 21 18 28 
27 7 25 33 25 7 27 22 17 24 28 11 16 11 28 4 13 4 6 4 28 24 3 9 3 30 3 24 17 2 5 2 29 12 29 2 17 22 26 14 8 10 20 10 23 32 21 18 21 32 23 1 15 31 15 1 23 10 8 14 19 14 26 22 27 
33 4 9 27 26 1 26 27 9 4 28 11 8 15 21 16 21 15 8 3 13 3 29 22 29 3 8 11 24 7 2 19 17 19 2 7 24 11 28 18 10 18 12 32 12 18 28 4 33 31 20 5 30 14 30 5 6 5 20 31 23 25 23 31 33 
25 11 10 28 13 9 29 9 13 28 10 16 21 17 3 17 4 30 4 17 21 26 21 16 8 7 5 14 5 7 8 16 10 11 1 2 1 11 25 15 18 20 27 19 27 20 18 15 23 33 24 32 24 33 6 22 6 31 6 33 23 12 23 15 25 
9 4 31 28 21 16 6 13 6 16 21 25 8 22 8 25 21 28 17 7 17 28 31 10 33 10 20 3 20 10 31 4 26 32 27 32 11 5 15 5 11 32 26 24 30 23 12 1 12 23 30 18 30 24 2 29 14 29 2 19 2 24 26 4 9 
11 21 6 10 18 10 6 28 22 28 6 21 11 24 27 23 20 25 7 16 7 25 32 25 20 23 27 33 9 33 15 13 14 19 14 13 15 8 15 33 27 24 5 29 26 29 5 4 1 3 17 12 2 12 17 3 1 30 31 30 1 4 5 24 11 
30 18 30 32 7 21 6 1 6 28 6 21 8 21 7 32 10 4 23 3 16 33 22 2 22 33 16 29 25 29 16 3 23 27 23 4 24 4 10 11 15 19 15 11 14 17 31 9 12 9 31 17 14 5 13 20 13 5 26 5 14 11 10 32 30 
5 1 30 3 32 3 20 3 30 1 10 24 29 33 29 24 2 9 27 13 23 13 27 9 2 25 8 25 4 25 2 24 10 15 16 15 10 1 5 28 14 26 21 12 21 26 17 19 11 19 17 26 14 31 14 28 18 6 7 22 7 6 18 28 5 
21 29 22 19 2 17 24 17 2 19 22 29 14 15 14 18 5 16 5 4 5 18 13 18 14 29 21 23 6 8 7 25 7 8 11 3 11 32 11 8 6 10 27 12 26 9 1 9 26 20 33 20 26 12 27 10 6 23 28 30 31 30 28 23 21 
26 6 27 12 31 10 22 10 31 16 3 16 29 7 29 16 31 12 27 21 1 21 27 6 23 13 8 19 8 13 32 5 9 17 30 15 30 17 9 5 32 13 23 24 25 24 4 24 23 6 26 20 2 20 11 18 28 18 11 33 14 33 11 20 26 
14 16 27 16 7 5 2 9 2 5 7 25 24 33 32 33 10 13 10 33 24 25 1 25 7 16 14 22 20 18 21 11 15 11 21 18 12 28 3 28 12 18 20 29 20 22 30 19 26 4 23 4 26 19 30 6 8 6 17 31 17 6 30 22 14 
10 29 11 12 33 12 11 13 1 13 11 29 10 6 7 22 2 27 19 32 19 27 2 22 14 31 9 17 4 17 9 31 14 26 30 26 14 22 7 20 24 15 8 15 3 16 5 16 3 15 24 18 28 18 24 20 23 20 7 6 25 21 25 6 10 
29 19 13 1 4 32 4 12 4 1 9 1 13 6 23 33 31 33 23 8 14 21 28 27 28 21 14 15 14 8 17 3 20 3 30 3 17 8 23 6 5 24 7 24 16 2 26 2 16 24 5 22 18 25 10 25 18 22 5 6 13 19 11 19 29 
25 20 31 1 15 11 21 11 22 11 15 1 31 27 8 9 26 33 26 9 5 14 5 9 8 30 17 30 8 27 7 27 31 20 2 19 18 19 2 20 25 32 29 10 4 10 29 28 13 12 13 28 29 32 6 16 3 23 24 23 3 16 6 32 25 
1 27 29 30 26 30 3 17 23 17 12 2 7 2 12 6 15 20 31 20 15 14 25 14 15 6 12 17 3 30 29 27 9 5 8 5 9 24 28 32 16 32 28 11 18 13 21 13 18 11 28 24 4 24 9 27 1 22 10 33 10 19 10 22 1 
3 23 28 23 22 2 11 33 24 18 24 33 11 30 17 30 11 2 25 9 25 2 22 19 14 10 21 10 1 29 20 29 1 12 26 12 16 12 1 10 14 19 22 23 3 8 6 31 5 15 32 4 32 15 7 15 5 13 5 31 27 31 6 8 3 
3 5 11 19 11 6 28 21 8 7 8 21 23 21 28 14 33 14 13 14 28 6 11 5 17 22 26 20 1 27 15 27 25 27 1 20 26 22 17 32 17 5 3 12 2 4 9 18 9 4 31 29 30 29 31 10 24 10 31 4 2 12 16 12 3 
15 17 23 16 22 27 8 27 22 32 14 32 22 16 2 19 2 16 23 29 1 29 23 17 10 28 26 28 10 17 15 6 30 5 4 24 4 5 18 25 21 11 21 25 18 5 30 20 7 33 7 31 3 31 7 20 9 20 30 6 13 12 13 6 15 
14 26 24 1 9 17 27 17 9 1 24 22 7 22 24 26 28 33 18 10 18 33 25 33 28 4 12 13 12 32 12 4 3 5 21 31 20 31 23 31 21 5 3 19 3 4 28 26 14 30 29 6 29 30 11 16 2 16 11 15 8 15 11 30 14 
22 7 3 7 18 4 24 9 2 9 24 4 18 23 33 25 1 6 1 25 21 10 12 5 12 10 21 25 33 23 28 15 11 17 29 17 11 15 14 15 28 23 18 7 22 19 30 8 16 8 30 27 31 20 31 13 32 13 26 13 31 27 30 19 22 
12 5 14 32 1 16 4 16 1 24 1 32 6 25 17 25 18 11 18 25 6 20 26 20 6 32 14 5 29 27 29 5 12 23 28 15 8 15 9 30 9 15 28 3 31 3 28 23 7 2 7 33 13 22 13 10 19 21 19 10 13 33 7 23 12 
18 11 25 31 8 31 25 11 33 21 19 21 32 3 24 3 32 28 26 28 32 21 33 7 33 11 18 6 22 23 12 13 9 29 4 29 9 13 12 23 22 15 27 15 1 30 10 30 1 14 20 17 20 14 1 15 22 6 2 16 5 16 2 6 18 
31 22 21 9 21 20 16 1 16 13 6 13 16 20 21 22 11 19 26 17 26 19 14 19 11 22 31 5 10 32 30 33 25 33 4 33 30 8 29 27 18 3 18 24 18 27 29 8 30 32 7 15 7 12 2 12 7 32 10 28 23 28 10 5 31 
20 11 12 4 12 9 7 16 7 9 12 11 8 24 8 13 8 11 20 14 25 6 22 6 28 6 25 29 17 27 5 23 5 27 17 29 25 14 31 10 26 3 2 32 2 3 26 10 1 33 1 19 1 10 31 15 18 21 18 15 30 15 31 14 20 
25 1 22 10 30 10 22 12 22 1 29 21 17 13 16 13 17 3 7 9 18 9 7 3 17 21 29 24 6 24 29 1 25 8 15 8 28 27 14 23 32 31 32 23 5 23 14 19 20 19 14 27 28 4 26 4 11 2 11 33 11 4 28 8 25 
9 6 2 13 12 13 14 28 14 13 2 6 26 32 20 33 15 3 15 33 27 4 21 4 27 33 20 32 5 30 5 1 25 17 18 16 18 17 25 1 5 32 26 11 26 6 9 31 19 24 29 24 19 7 8 10 8 7 19 31 22 23 22 31 9 
27 25 26 28 26 29 26 25 16 3 24 32 11 8 10 8 11 12 6 12 11 32 24 22 33 31 33 22 7 2 7 20 7 22 24 3 4 19 5 13 30 13 5 19 4 18 23 18 14 21 1 21 14 18 4 3 16 25 27 9 17 9 15 9 27 
20 29 26 15 11 23 6 19 6 23 31 23 11 14 8 12 8 14 11 15 28 15 26 10 7 10 30 10 26 29 20 17 13 21 24 21 22 21 13 3 5 4 27 2 32 25 1 25 32 2 27 18 27 4 5 9 5 3 33 16 33 3 13 17 20 
2 23 26 18 26 23 19 22 19 23 2 33 10 6 4 3 4 6 10 33 13 21 15 7 15 21 13 12 5 8 5 14 20 14 11 31 11 14 5 12 32 27 1 24 1 28 16 29 30 29 16 28 1 27 32 25 9 17 9 25 32 12 13 33 2 
11 27 30 13 24 19 6 19 24 13 30 27 11 22 23 32 23 14 18 25 18 33 4 29 5 29 4 33 21 33 18 14 26 15 17 7 17 15 16 15 26 1 9 28 9 1 26 14 23 22 31 20 2 3 2 12 10 8 10 12 2 20 31 22 11 
12 25 13 19 6 14 31 3 18 3 26 3 31 14 6 19 24 19 13 25 12 22 16 9 20 17 27 17 20 9 21 28 15 7 15 28 21 9 16 1 32 30 4 2 4 11 10 11 4 30 32 1 16 22 8 23 29 23 8 5 33 5 8 22 12 
5 16 7 6 7 3 22 3 7 16 28 14 33 14 19 30 21 30 19 27 9 27 19 14 28 26 10 1 10 24 2 24 18 24 10 26 23 31 23 8 11 8 4 8 23 26 28 16 5 25 20 12 15 17 29 17 15 12 20 13 20 25 32 25 5 
19 5 26 8 11 7 11 8 6 22 6 12 30 12 23 12 6 8 26 3 29 18 29 3 26 5 33 28 2 13 21 14 16 14 21 13 2 32 31 1 31 32 2 28 9 4 9 28 33 10 20 24 25 15 17 15 25 24 20 10 27 10 33 5 19 
14 31 14 27 4 15 7 15 17 16 11 2 11 16 17 15 4 27 33 3 22 9 28 5 30 13 30 5 26 5 28 9 22 12 22 3 10 20 6 20 10 3 33 8 32 23 32 1 24 1 32 8 29 18 21 18 29 19 25 19 29 8 33 27 14 
20 26 14 16 6 16 12 16 14 26 20 24 31 13 3 13 7 19 29 15 1 21 1 15 29 19 4 8 9 18 17 18 9 8 4 19 7 13 31 30 10 30 2 30 31 24 11 28 27 28 11 33 25 23 25 33 5 32 5 22 5 33 11 24 20 
11 17 33 8 10 8 33 13 33 17 16 30 19 30 16 2 27 2 16 17 11 15 7 1 25 20 4 3 4 20 25 1 21 14 5 14 23 31 23 14 21 29 28 18 24 18 28 12 28 29 21 1 7 22 26 22 7 15 6 32 9 32 6 15 11 
2 8 15 18 16 28 4 26 5 26 4 28 16 18 20 24 6 19 27 19 6 24 20 32 1 32 20 18 15 14 7 13 31 11 31 13 7 14 15 8 10 23 21 22 21 23 3 23 10 8 2 30 9 17 12 33 12 17 9 25 29 25 9 30 2 
32 8 15 18 33 3 7 3 16 3 33 9 33 18 19 18 15 11 15 8 32 27 5 1 25 30 25 1 6 1 5 2 5 27 29 21 22 23 22 21 10 14 24 4 24 14 10 31 28 13 28 26 17 26 28 31 20 12 20 31 10 21 29 27 32 
26 21 27 6 9 16 2 16 13 31 4 5 4 31 13 16 9 6 22 6 27 33 23 33 27 21 29 28 29 17 25 17 18 1 30 1 18 8 3 8 18 17 29 21 26 19 14 7 10 20 12 20 11 32 15 32 11 20 10 24 10 7 14 19 26 
30 17 27 17 8 19 21 1 25 1 21 12 21 19 8 7 28 26 28 7 8 17 30 20 9 13 14 13 9 22 23 11 23 22 33 2 15 2 18 16 32 16 18 2 33 3 6 3 29 5 24 31 24 5 29 3 33 22 9 20 10 4 10 20 30 
9 25 28 32 28 1 13 14 17 14 21 31 20 31 21 14 13 29 33 27 33 7 33 29 30 22 30 11 19 11 30 29 13 1 28 25 9 6 18 12 15 12 18 10 18 6 24 16 3 5 4 5 3 8 26 2 23 2 26 8 3 16 24 6 9 
20 27 31 9 13 5 13 2 29 1 28 3 28 1 29 2 13 9 33 8 7 25 10 25 7 8 33 9 31 24 12 23 12 32 12 24 30 24 31 27 16 22 14 18 14 22 16 27 20 19 21 15 21 19 17 4 17 26 6 11 6 26 17 19 20 
6 12 8 25 13 25 20 25 8 11 18 11 16 11 8 12 15 24 10 24 33 17 7 17 2 29 4 3 4 29 2 1 9 22 9 1 2 17 33 21 23 30 23 27 19 27 14 27 23 21 33 24 15 28 5 28 15 12 6 31 26 31 32 31 6 
22 27 1 16 18 10 18 16 1 6 23 26 23 20 23 6 1 27 25 9 31 11 12 11 31 9 30 4 7 4 17 19 33 19 17 4 30 9 25 8 13 2 13 29 13 8 25 27 22 32 15 28 5 28 15 32 3 24 21 14 21 24 3 32 22 
23 17 21 13 1 4 16 8 16 15 16 4 1 13 21 28 18 32 31 26 6 11 12 11 6 25 6 26 31 32 24 32 18 33 19 29 3 29 19 33 9 14 30 14 20 27 20 2 20 14 9 10 9 33 18 28 5 28 21 17 23 7 22 7 23 
6 10 30 3 30 2 5 33 32 33 5 24 5 2 9 1 20 1 28 12 21 11 21 23 21 12 28 1 9 7 9 2 30 10 13 4 25 4 13 27 8 15 8 27 13 10 6 26 14 18 31 19 16 19 31 22 29 17 29 22 31 18 14 26 6 
19 25 5 10 1 10 5 32 6 20 6 32 5 25 24 17 18 17 8 17 24 22 29 33 12 33 7 13 7 33 29 22 24 25 19 23 11 15 26 9 2 9 3 14 16 14 3 9 26 15 11 30 21 31 4 31 27 28 27 31 21 30 11 23 19 
14 17 10 30 9 25 2 25 9 24 12 5 12 24 9 30 31 29 28 29 21 27 21 11 13 11 3 11 21 29 31 30 10 6 15 6 10 17 7 19 20 32 8 32 1 4 1 32 20 19 7 22 23 26 23 33 23 22 16 22 7 17 14 18 14 
25 2 29 24 29 2 25 31 10 17 26 20 26 3 32 3 26 17 11 28 12 28 9 28 11 17 10 31 21 23 6 19 5 19 15 19 6 1 22 1 6 23 4 23 21 8 30 33 27 16 27 33 30 18 7 14 7 13 7 18 30 8 21 31 25 
19 17 21 18 6 18 12 16 1 32 22 32 1 24 1 16 12 23 25 4 11 8 11 4 25 23 10 30 10 23 12 18 21 15 21 17 19 2 7 31 13 28 26 28 13 20 13 31 3 31 7 33 5 27 5 33 9 29 9 14 9 33 7 2 19 
13 7 24 7 10 7 13 4 16 28 27 9 14 26 22 26 14 11 14 9 27 30 32 19 32 30 6 30 27 28 12 33 12 5 31 5 29 3 23 1 8 1 15 20 15 1 23 3 29 21 17 21 2 18 2 21 29 5 12 28 16 4 25 4 13 
33 2 27 19 26 21 3 21 26 19 29 19 27 2 15 4 32 16 32 4 15 8 31 6 11 6 12 13 12 6 31 25 14 1 5 1 14 25 9 25 31 8 15 2 33 10 18 7 23 7 18 10 30 24 22 28 17 20 17 28 22 24 30 10 33 
15 24 18 5 2 3 12 3 2 5 4 5 18 7 18 24 20 10 13 10 20 30 27 8 22 8 27 30 29 30 20 24 15 9 6 25 11 25 26 25 6 9 21 33 21 19 32 28 17 31 17 28 16 23 16 28 32 19 1 14 1 19 21 9 15 
3 16 12 16 18 26 29 24 29 26 7 30 7 19 7 26 18 21 18 16 3 25 31 11 5 22 5 27 5 11 31 25 9 8 13 33 13 10 20 10 13 8 1 14 1 15 4 32 28 23 2 23 28 32 4 6 4 15 1 8 9 17 9 25 3 
15 10 18 20 22 20 18 10 31 19 13 32 28 11 28 32 8 14 2 5 2 14 8 32 13 30 9 27 1 27 9 26 6 26 17 33 17 26 9 30 13 19 7 29 16 4 16 29 7 19 31 23 12 24 12 23 31 10 15 3 25 3 21 3 15 
15 1 11 2 24 4 24 2 6 2 11 13 5 20 5 13 11 1 33 7 27 23 16 23 27 7 17 8 29 32 29 8 17 7 33 21 33 1 15 22 14 19 10 12 10 19 14 9 30 25 30 26 18 26 30 9 14 22 31 28 3 28 31 22 15 
16 18 25 12 17 8 30 19 30 8 9 8 17 31 21 24 21 31 17 12 1 6 20 6 1 7 26 7 1 12 25 27 15 4 14 5 14 4 15 10 28 10 15 27 3 22 3 33 11 23 11 33 13 33 3 27 25 18 32 18 16 2 29 2 16 
18 1 3 33 32 33 11 22 16 22 11 24 11 33 3 28 17 28 3 1 9 25 12 2 12 25 13 25 9 10 20 10 9 1 18 14 19 27 5 23 7 26 7 23 5 21 5 27 19 8 29 4 29 6 31 15 31 6 30 6 29 8 19 14 18 
9 1 18 1 9 3 17 13 21 24 6 14 27 14 6 33 8 20 32 20 8 33 6 24 26 15 26 12 7 12 26 24 21 30 5 28 5 25 5 30 21 13 23 4 19 11 16 11 10 11 19 2 31 2 19 4 23 22 29 22 23 13 17 3 9 
15 23 18 25 1 16 19 16 3 7 8 14 8 7 12 21 12 7 3 17 3 16 1 10 22 5 29 5 33 5 22 10 1 25 18 20 13 4 13 20 26 20 18 23 2 32 2 23 15 6 27 30 9 24 11 24 31 24 9 30 27 28 27 6 15 
5 23 21 18 30 22 20 22 30 18 29 27 29 18 21 9 28 9 21 23 12 7 31 10 33 10 31 32 8 14 2 14 8 32 1 26 15 26 16 26 1 6 1 32 31 7 17 4 11 4 17 7 12 19 12 23 5 25 3 13 24 13 3 25 5 
6 3 29 3 28 13 14 11 32 24 32 11 10 20 8 20 10 11 14 13 25 4 31 7 31 4 25 30 15 12 18 12 15 30 25 13 28 21 22 21 27 2 27 21 28 3 6 5 23 33 23 5 17 19 1 16 1 19 26 9 26 19 17 5 6 
2 23 33 9 33 12 33 23 17 7 17 11 1 4 26 4 1 31 1 11 17 23 2 8 25 5 27 6 24 6 27 22 14 18 14 22 27 5 10 20 10 21 3 21 16 21 10 5 25 19 13 19 32 28 32 30 29 15 29 30 32 19 25 8 2 
21 2 4 14 26 27 5 16 5 27 10 1 20 1 10 27 26 14 8 13 23 13 8 9 17 3 18 3 17 9 25 24 25 9 8 14 4 6 31 6 4 2 15 32 11 19 7 19 30 33 29 33 30 19 11 32 15 22 12 22 15 2 21 28 21 
7 1 26 1 20 19 31 24 6 24 31 22 31 19 12 21 28 27 16 27 28 21 32 21 12 19 20 23 13 11 13 23 4 23 20 1 7 33 18 30 17 2 29 2 17 25 10 3 9 3 10 25 8 25 17 30 15 30 18 14 5 14 18 33 7 
33 30 12 9 12 30 4 14 4 16 15 16 4 30 33 25 17 23 24 7 24 23 22 13 22 18 2 32 2 18 8 31 11 31 1 6 1 31 8 18 22 23 17 19 20 19 17 25 3 21 27 28 26 10 5 10 26 29 26 28 27 21 3 25 33 
3 5 32 6 12 21 12 20 25 10 25 20 12 6 27 15 27 6 32 11 32 5 14 26 33 18 19 18 33 17 33 26 14 5 3 28 7 31 13 31 7 29 7 28 24 9 1 16 1 9 24 2 22 30 22 2 23 8 4 8 23 2 24 28 3 
31 25 28 2 28 25 23 30 11 22 3 22 21 22 11 27 8 27 15 27 11 30 7 16 18 16 7 30 23 25 31 19 1 12 1 17 1 19 6 29 4 26 14 5 24 13 24 5 14 26 4 29 10 9 10 32 20 33 20 32 10 29 6 19 31 
11 28 22 12 14 12 22 28 11 15 3 32 16 1 16 32 3 7 10 5 18 5 10 7 3 15 6 8 33 17 33 8 30 13 23 25 31 4 31 25 27 20 27 25 23 21 23 13 30 8 6 9 29 26 19 24 19 26 29 9 2 9 6 15 11 
22 17 28 17 22 27 8 14 26 19 10 11 5 11 10 19 32 33 32 19 26 31 1 7 16 7 1 6 1 31 26 14 21 24 20 2 20 24 21 14 8 13 29 12 29 25 4 25 15 25 29 13 3 23 18 30 18 23 3 13 8 27 9 27 22 
3 16 28 7 28 32 27 32 20 22 26 23 4 6 4 23 9 17 2 17 9 15 14 30 14 8 14 15 9 23 26 19 26 22 20 32 28 16 3 1 11 25 11 1 5 31 24 18 21 18 24 31 29 33 12 10 12 33 29 31 5 13 5 1 3 
7 31 21 25 6 1 6 25 21 31 2 22 16 22 14 22 2 31 7 20 15 32 26 32 19 32 15 20 18 33 3 13 4 13 10 13 3 17 28 17 8 17 3 33 9 33 18 23 24 12 30 12 24 29 27 5 27 29 11 29 24 23 18 20 7 
4 11 27 19 29 19 27 20 26 3 26 20 24 15 24 20 27 11 14 32 30 17 30 22 30 32 16 32 14 31 18 31 10 33 6 33 8 33 10 28 21 9 21 28 10 31 14 11 4 1 12 25 12 5 23 5 12 1 7 2 13 2 7 1 4 
6 20 26 20 1 9 2 13 3 31 3 13 2 9 11 29 11 14 19 14 11 9 1 7 24 27 23 27 24 5 25 18 25 5 24 7 28 12 10 4 10 8 21 8 10 12 30 33 30 12 28 7 1 20 6 22 17 22 32 15 16 15 32 22 6 
3 6 26 11 26 6 3 9 22 27 23 24 23 1 23 27 12 27 22 25 16 10 18 10 13 10 16 19 21 19 16 25 7 29 7 15 2 15 32 15 7 25 22 9 8 28 33 28 17 30 17 14 17 28 8 31 4 31 20 5 20 31 8 9 3 
31 16 6 24 26 27 11 14 11 27 10 21 10 5 10 27 26 24 20 13 22 13 1 13 20 9 18 19 18 9 8 9 20 24 6 25 32 28 4 28 17 28 32 7 30 7 32 25 6 16 3 16 31 23 33 2 15 2 33 12 29 12 33 23 31 
10 28 29 28 10 2 16 33 17 7 19 23 9 23 19 20 19 7 17 33 16 18 22 13 15 13 5 26 5 6 5 13 22 24 30 24 14 24 22 18 8 27 12 3 11 3 12 27 4 27 8 18 16 2 32 25 21 1 31 1 21 25 32 2 10 
20 19 31 1 33 21 33 1 26 9 4 18 4 9 26 1 31 19 2 14 2 15 2 19 20 32 17 25 11 27 11 25 5 6 10 6 5 25 17 32 13 23 7 28 29 30 29 28 7 23 24 16 8 3 8 16 24 23 13 22 12 22 13 32 20 
11 21 16 33 23 33 14 33 16 1 32 25 2 30 2 25 26 9 26 25 32 1 17 31 17 1 16 21 15 8 18 8 4 13 5 13 4 27 4 8 15 21 11 6 28 6 22 24 19 24 12 3 12 24 22 7 10 20 29 20 10 7 22 6 11 
5 2 26 16 1 16 26 4 24 21 24 4 3 15 31 11 20 11 31 15 29 15 3 4 26 2 33 25 12 6 13 6 12 10 23 10 12 25 33 2 5 17 28 27 22 30 22 19 18 14 18 19 22 27 28 17 8 7 32 9 32 7 8 17 5 
6 24 18 24 1 29 16 25 15 25 16 29 27 29 1 28 13 21 13 28 1 24 6 17 5 26 32 20 33 20 32 12 32 26 5 17 14 9 30 9 14 22 7 4 10 4 7 22 2 31 3 31 19 23 19 8 11 8 19 31 2 22 14 17 6 
29 22 11 7 11 22 24 22 29 21 2 25 18 6 18 15 26 15 28 15 18 25 2 3 4 3 30 17 32 17 30 31 33 9 33 31 30 3 2 21 23 20 12 27 10 8 10 27 1 27 12 20 16 13 16 14 5 14 16 20 23 19 23 21 29 
4 25 32 6 32 25 27 24 3 23 3 24 27 20 13 29 15 29 14 16 18 16 14 29 13 20 5 20 27 25 4 12 33 2 33 11 1 8 31 19 28 17 28 19 30 22 26 22 9 22 30 19 31 7 31 8 1 11 33 12 21 10 21 12 4 
25 33 3 30 23 7 23 30 24 16 24 30 3 13 3 33 22 33 25 26 14 17 20 18 20 12 21 12 20 17 14 9 19 8 19 10 4 5 4 10 19 9 14 26 1 28 1 11 29 31 15 31 29 11 32 2 27 6 27 2 32 11 1 26 25 
5 3 6 4 23 4 1 31 1 28 16 19 16 28 1 4 6 15 25 2 26 27 9 27 20 27 26 2 25 13 25 15 6 3 22 10 22 3 5 18 32 30 29 21 17 24 7 24 17 21 14 8 14 21 29 30 33 30 32 18 12 11 12 18 5 
11 16 15 23 24 3 24 19 17 18 17 19 10 19 24 23 25 4 25 23 15 13 32 28 7 28 9 8 9 6 2 12 2 27 22 21 22 27 2 6 9 28 32 13 30 5 30 13 15 16 26 31 26 14 33 20 29 20 1 20 33 14 26 16 11 
27 18 3 22 15 20 15 22 3 28 12 2 7 2 12 5 21 5 12 28 26 28 3 18 6 1 33 24 25 24 33 1 6 10 17 11 31 11 17 4 29 14 19 9 19 14 29 4 16 4 17 10 6 18 27 8 23 32 30 32 23 13 23 8 27 
7 17 21 10 21 17 7 26 9 4 9 33 18 30 22 3 22 30 18 33 13 5 13 33 9 26 19 8 6 8 27 31 28 11 15 11 28 1 28 31 12 23 24 23 20 23 12 31 27 32 27 8 19 2 16 29 16 2 25 14 25 2 19 26 7 
25 3 17 3 10 20 23 14 29 14 23 20 31 18 11 9 11 18 31 20 10 13 21 28 12 4 12 30 12 28 21 13 16 15 33 19 33 15 22 15 16 13 10 3 25 6 7 32 5 32 1 8 1 32 7 24 2 24 7 6 26 27 26 6 25 
6 17 23 14 2 19 16 24 8 24 16 19 2 1 2 14 32 21 32 14 23 22 3 13 12 13 3 22 23 17 18 15 7 15 20 15 18 17 6 10 29 11 29 10 31 25 26 25 30 4 30 33 9 28 27 5 27 28 9 33 30 25 31 10 6 
12 33 18 33 12 30 10 7 29 28 2 28 29 24 29 7 10 30 4 22 19 22 8 9 6 3 20 27 14 27 26 25 21 32 21 25 26 27 20 11 20 3 6 17 6 9 13 31 13 9 8 1 15 1 8 22 4 23 5 16 5 23 4 30 12 
5 30 33 16 8 6 3 9 3 6 8 15 19 24 19 15 8 16 33 23 12 11 28 11 27 17 1 17 27 11 12 26 22 10 20 7 20 10 22 26 12 23 18 32 18 2 25 2 18 23 33 30 5 21 13 31 14 29 14 31 13 21 4 21 5 
30 25 16 18 27 18 17 21 17 18 16 25 10 4 10 25 30 29 1 14 33 11 33 14 19 26 19 14 1 28 24 5 22 5 24 13 24 28 9 28 1 29 20 32 20 8 7 23 31 23 7 8 15 3 15 2 12 6 12 2 15 8 20 29 30 
16 18 4 29 23 17 14 24 14 17 31 9 31 10 13 26 13 10 31 17 23 7 8 32 8 2 8 7 22 25 33 1 3 1 33 25 20 25 22 7 23 29 4 28 11 28 21 6 21 15 21 28 4 18 5 19 5 18 16 12 30 12 27 12 16 
30 1 31 18 8 18 31 6 21 6 31 1 30 14 20 25 22 12 22 25 26 7 5 2 5 7 26 17 9 13 9 10 9 17 26 25 20 15 24 16 24 15 20 14 4 11 3 19 3 33 3 11 4 29 27 23 28 32 28 23 27 29 4 14 30 
30 17 19 16 4 16 21 16 19 22 8 12 20 12 11 5 10 5 11 12 8 22 19 17 30 23 27 33 27 23 13 9 13 7 29 24 26 24 29 18 3 25 3 15 31 28 6 28 31 15 14 15 3 18 29 7 1 32 2 32 1 7 13 23 30 
4 20 25 29 22 17 22 29 25 20 5 1 12 30 12 1 5 20 4 15 31 8 9 3 2 27 11 27 26 23 26 27 2 3 28 3 9 14 32 21 32 14 9 8 31 24 6 24 13 19 13 33 10 33 18 16 7 16 18 33 13 24 31 15 4 
10 14 25 2 19 31 15 31 33 31 19 29 28 24 3 24 28 29 16 29 19 2 25 6 11 18 32 22 32 18 23 20 23 5 30 5 23 18 11 17 21 27 26 27 21 9 21 17 11 6 1 13 4 13 1 12 8 7 8 12 1 6 25 14 10 
15 29 23 29 12 28 16 10 17 27 30 27 17 10 16 13 4 26 4 18 4 13 16 28 12 29 15 25 8 24 1 2 3 20 3 2 1 24 9 19 31 19 9 24 8 5 14 5 8 25 11 21 22 21 11 32 33 6 33 32 7 32 11 25 15 
17 32 13 10 11 33 11 10 13 22 30 22 8 16 8 21 8 22 13 32 3 23 3 32 17 27 7 2 5 20 15 18 15 29 25 29 15 20 5 2 28 31 28 2 7 1 7 27 6 9 4 26 12 19 12 26 4 24 4 9 14 9 6 27 17 
28 14 31 6 22 27 8 27 22 19 1 19 13 32 13 19 22 6 30 6 31 20 11 17 11 20 3 21 24 21 12 21 3 20 31 14 28 18 29 25 29 15 16 9 16 5 16 15 29 18 26 7 33 2 33 7 10 7 26 23 4 23 26 18 28 
7 2 7 9 23 9 22 4 26 3 32 31 16 10 16 31 24 31 32 3 26 18 19 28 17 13 6 13 17 30 11 30 27 30 17 28 14 28 19 18 12 18 26 4 15 33 1 33 20 33 15 5 29 25 8 21 8 25 29 5 15 4 22 9 7 
9 16 10 2 11 2 10 30 10 16 21 15 1 7 5 32 33 8 33 32 5 7 1 29 28 4 3 31 12 31 3 4 28 29 27 29 1 15 14 13 14 15 21 22 18 26 18 20 24 20 18 22 21 16 9 25 6 19 6 17 23 17 6 25 9 
21 5 23 28 10 28 8 33 30 33 8 22 26 22 8 28 23 20 23 5 27 13 1 13 27 25 27 5 21 3 17 9 16 32 4 32 16 9 11 9 17 7 15 7 17 3 14 12 19 31 19 12 18 2 18 12 14 6 29 6 24 6 14 3 21 
26 4 15 19 5 2 23 22 13 22 23 2 5 11 5 19 3 18 3 28 3 19 15 12 17 20 17 8 17 12 30 10 32 10 30 12 15 4 29 31 9 31 29 4 26 33 27 21 27 7 6 25 16 24 14 24 16 25 6 7 1 7 27 33 26 
4 21 29 13 2 28 20 7 20 28 32 22 26 22 5 31 14 31 5 22 32 28 2 12 2 13 17 6 18 6 17 13 29 33 24 9 25 1 15 19 15 1 25 9 10 30 11 30 10 3 10 9 24 23 16 23 24 33 29 21 27 21 4 8 4 
23 14 15 14 32 12 11 4 11 31 11 12 32 1 22 9 29 9 7 18 10 18 7 9 22 2 20 30 20 13 5 13 20 2 8 2 22 1 21 33 26 25 19 25 3 25 26 33 24 33 21 1 32 14 23 16 6 28 17 28 6 16 27 16 23 
27 24 30 24 27 22 32 12 33 1 17 15 17 1 33 11 29 21 29 25 29 11 33 12 32 6 10 3 28 7 28 3 10 6 20 2 20 13 9 13 20 6 32 22 4 31 16 23 26 8 26 23 18 23 16 31 4 5 19 5 14 5 4 22 27 
7 2 10 29 8 12 24 26 33 26 24 4 24 12 8 29 21 25 23 25 21 29 10 1 31 18 31 1 17 1 10 2 32 19 9 3 15 5 16 5 15 11 22 6 22 11 13 11 15 3 9 19 20 19 32 28 32 2 7 27 14 30 14 27 7 
19 22 32 1 32 22 12 33 30 33 12 13 9 15 9 13 7 13 12 22 19 24 11 23 16 3 21 2 21 3 14 18 14 3 16 31 20 8 20 4 20 31 16 23 11 24 17 5 25 28 25 10 27 10 25 5 17 6 29 6 26 6 17 24 19 
2 27 31 4 23 4 15 22 15 14 6 12 8 12 16 17 13 17 16 12 6 14 15 4 31 33 29 33 20 7 20 21 20 33 31 27 30 24 32 9 18 9 32 24 10 1 3 25 5 25 3 1 10 24 30 26 28 19 28 26 11 26 30 27 2 
25 2 13 26 33 1 20 22 20 1 33 26 24 26 13 2 4 28 5 3 11 3 5 28 4 27 9 27 4 2 25 8 17 10 16 19 16 14 16 10 17 6 23 30 15 30 23 7 23 6 17 8 21 29 31 18 31 29 21 32 12 32 21 8 25 
33 28 29 2 29 28 30 22 18 22 30 24 4 25 23 25 4 9 4 24 30 28 33 3 17 16 10 16 17 3 5 8 32 19 13 12 1 12 31 12 13 19 32 8 5 21 7 14 15 14 26 14 7 6 11 6 7 21 27 20 27 21 5 3 33 
4 15 23 9 3 9 23 22 23 15 10 20 24 5 24 20 10 25 18 25 1 25 10 15 4 27 29 16 32 11 21 19 21 11 32 13 32 16 29 27 6 7 6 30 14 17 8 26 8 17 14 30 12 31 12 28 33 2 33 28 12 30 6 27 4 
11 19 11 13 25 28 25 31 5 20 26 20 5 30 27 21 4 33 4 21 6 15 6 21 27 30 5 31 10 17 24 22 24 17 10 31 25 13 14 29 16 9 3 9 16 29 2 12 8 7 8 12 2 1 23 32 23 18 23 1 2 29 14 13 11 
3 23 28 24 28 23 7 33 26 16 9 13 30 13 9 16 26 33 20 27 20 19 18 19 6 19 20 33 7 29 31 21 31 29 12 32 12 5 17 5 12 29 7 23 3 4 11 15 10 2 10 15 11 4 14 22 25 8 1 8 25 22 14 4 3 
26 31 20 23 20 32 25 18 25 32 9 16 30 13 1 5 1 13 30 16 9 32 20 31 26 11 14 21 8 19 10 28 27 28 10 19 8 33 24 15 24 33 8 21 14 12 2 4 29 7 29 4 2 17 6 17 22 17 2 12 3 12 14 11 26 
24 29 31 26 9 32 9 26 20 22 20 26 31 29 21 14 23 11 25 11 23 14 13 15 16 15 13 28 13 14 21 5 19 5 17 5 21 29 24 12 4 1 10 1 4 6 30 6 33 27 33 6 4 12 3 18 2 18 8 7 8 18 3 12 24 
25 32 19 14 11 30 11 14 19 20 17 20 28 20 19 32 29 12 29 27 7 23 22 15 1 15 22 10 13 10 22 23 7 4 24 2 18 2 16 2 24 4 7 27 29 32 25 33 5 26 9 26 8 26 5 3 21 3 6 3 5 33 31 33 25 
21 14 33 22 16 6 5 6 16 22 33 2 33 14 3 14 21 13 11 8 11 24 15 31 26 31 15 28 1 20 30 20 1 29 9 29 1 28 15 24 12 32 19 32 17 32 12 25 10 27 23 27 4 18 4 27 10 25 12 24 11 13 7 13 21 
19 5 1 5 33 13 30 13 33 5 19 15 6 28 32 18 32 3 32 28 8 27 20 27 8 7 17 22 17 7 12 21 4 24 4 21 12 7 8 28 6 9 16 26 16 9 6 15 25 14 2 14 25 31 10 29 10 23 11 23 10 31 25 15 19 
13 18 30 11 20 3 20 11 27 9 1 15 1 5 19 29 19 5 22 5 1 9 23 7 8 21 8 7 23 9 27 11 30 18 13 25 16 25 6 26 4 28 4 33 10 24 10 33 14 33 4 26 32 26 6 2 17 31 17 12 17 2 6 25 13 
22 15 14 2 11 4 1 4 13 17 3 17 13 6 13 4 11 23 5 19 5 33 5 23 9 7 9 23 11 2 21 10 18 27 18 32 26 30 26 32 29 20 29 32 18 10 21 2 14 15 16 28 12 31 12 28 16 24 8 24 25 24 16 15 22 
32 16 17 28 20 19 22 30 22 19 20 15 11 15 20 28 26 14 7 25 2 33 2 25 7 14 1 21 1 14 26 9 24 9 26 28 17 12 8 4 8 10 8 12 3 27 3 23 3 12 17 16 5 31 5 6 29 6 18 13 18 6 5 16 32 
27 12 11 20 16 30 16 20 4 10 1 9 8 9 14 9 1 10 4 17 4 20 11 12 27 7 15 21 33 31 33 2 33 21 25 26 25 21 15 7 6 32 22 5 18 13 23 13 29 19 29 13 18 3 18 5 28 5 22 24 22 32 6 7 27 
13 28 13 30 6 24 16 20 16 24 6 19 21 19 29 14 29 5 31 5 29 19 6 30 12 2 18 33 18 23 18 2 25 17 11 15 11 17 32 9 32 17 25 8 7 3 7 4 10 4 22 27 22 4 7 8 25 2 12 26 1 26 12 30 13 
18 32 26 17 7 17 26 12 31 15 31 12 26 32 22 6 5 6 22 19 4 2 9 2 24 2 4 8 21 27 30 27 21 8 4 19 1 29 23 25 33 25 10 25 23 29 13 29 1 16 14 20 3 20 14 16 1 19 22 32 18 28 11 28 18 
8 9 6 18 6 9 10 3 4 23 4 33 4 3 2 11 1 31 1 15 1 11 2 12 25 20 19 20 28 20 25 26 24 26 25 12 21 7 21 14 22 16 22 14 32 13 32 27 17 27 30 27 32 14 21 12 2 3 10 9 8 5 29 5 8 
28 33 29 22 8 22 29 33 26 13 6 13 26 31 27 31 26 33 28 1 19 2 17 25 17 16 4 16 17 2 23 2 19 9 5 32 5 9 7 30 3 30 7 9 19 1 18 11 15 21 15 11 14 11 18 24 20 10 12 10 20 24 18 1 28 
7 23 26 12 26 1 11 10 11 1 22 19 22 1 26 23 25 21 31 28 31 21 16 6 16 4 16 21 25 3 33 24 29 24 14 24 33 13 20 13 33 3 25 23 7 9 18 32 18 9 2 5 15 5 2 27 8 30 8 17 8 27 2 9 7 
30 7 19 25 24 25 19 22 28 3 28 10 23 12 23 10 28 22 14 29 14 22 19 7 20 27 20 18 20 7 30 4 26 33 32 21 32 33 26 4 15 8 2 13 31 5 31 11 1 17 1 11 31 13 9 6 9 13 2 8 15 16 15 4 30 
33 10 15 10 33 7 24 21 22 21 4 21 24 1 5 20 9 12 9 20 5 8 5 1 24 7 11 18 13 30 19 26 32 29 32 26 31 27 31 3 31 26 19 6 16 6 19 30 17 14 17 30 13 18 2 25 28 23 28 25 2 18 11 7 33 
20 28 33 14 19 3 19 2 30 2 11 31 11 2 19 14 33 18 22 29 22 7 13 5 13 7 9 7 22 18 32 18 33 28 1 27 25 27 10 23 16 6 16 23 10 27 1 17 1 28 20 15 12 24 8 26 4 26 8 24 12 21 12 15 20 
17 19 6 20 2 20 6 24 6 19 5 29 32 7 32 21 31 22 31 25 16 25 28 11 28 25 31 21 14 26 14 21 32 29 1 13 15 23 15 13 1 10 1 29 5 9 8 12 8 9 33 4 27 3 27 4 33 18 30 18 33 9 5 19 17 
22 29 23 10 19 12 19 10 23 24 28 21 33 27 33 21 30 11 30 21 28 8 28 24 4 15 4 16 2 32 2 9 2 16 7 6 25 6 1 5 17 5 1 6 7 16 4 24 23 29 20 14 26 14 18 13 31 13 18 14 20 3 20 29 22 
13 17 23 2 6 2 23 32 30 9 28 19 28 9 31 9 30 32 23 17 5 4 33 18 33 4 8 20 8 4 5 14 26 15 3 15 21 15 26 14 5 17 13 7 25 12 11 24 10 24 11 12 27 22 29 22 1 16 1 22 27 12 25 7 13 
17 16 10 6 5 6 10 28 11 28 8 19 24 12 24 19 8 7 20 7 8 28 10 16 23 29 22 21 13 21 22 14 4 31 4 14 22 29 23 32 26 32 2 32 23 16 17 27 25 3 1 3 30 3 25 9 18 9 25 27 33 15 33 27 17 
33 29 16 11 4 11 16 19 16 29 14 25 28 27 10 20 10 27 5 24 5 27 28 25 32 26 30 22 8 1 8 13 8 22 3 22 30 26 32 23 32 25 14 6 9 17 9 6 14 29 33 31 15 12 18 2 18 7 18 12 21 12 15 31 33 
16 13 27 5 25 5 27 13 16 28 20 31 20 7 19 26 21 32 24 4 2 4 24 32 29 8 17 8 29 32 21 26 3 22 10 22 33 11 33 22 3 15 23 9 30 9 23 15 3 26 19 7 12 7 20 28 1 18 14 18 1 6 1 28 16 
16 23 7 8 18 2 3 2 18 32 31 32 18 8 24 33 11 33 24 17 24 8 7 28 22 28 7 23 1 21 4 21 30 21 1 20 9 20 1 23 16 13 14 13 10 27 19 6 12 29 12 6 5 6 19 15 25 15 19 27 26 27 10 13 16 
3 16 2 19 7 10 7 19 4 19 2 1 22 6 12 6 22 31 22 1 9 33 9 11 26 29 26 11 9 1 2 16 24 21 18 21 30 5 14 15 14 5 30 21 24 17 23 17 24 16 3 25 27 20 28 20 8 20 27 13 27 25 32 25 3 
17 14 4 14 28 1 15 1 28 6 11 6 30 19 31 2 18 2 31 19 30 6 28 14 17 13 22 3 23 24 20 8 20 16 20 24 32 24 23 7 23 3 12 29 26 29 12 3 22 27 25 27 22 13 21 33 9 5 9 33 10 33 21 13 17 
31 11 15 26 15 11 24 3 24 11 31 4 33 18 29 2 14 2 29 18 16 7 16 12 21 8 25 6 23 6 1 6 25 13 30 13 25 8 5 8 21 12 16 18 33 32 28 20 9 27 9 20 10 22 10 20 28 32 33 4 19 17 19 4 31 
31 29 22 9 22 30 22 29 5 28 12 2 12 28 19 4 25 4 19 28 5 6 17 6 26 7 26 6 5 29 31 11 20 24 1 24 20 8 32 23 32 8 20 11 14 13 33 15 33 27 10 18 21 18 10 27 33 13 14 16 3 16 14 11 31 
22 19 2 27 21 4 18 4 24 4 21 7 21 27 12 27 2 8 29 13 25 1 3 1 25 15 25 13 16 20 16 13 29 8 10 6 33 6 10 32 17 31 17 23 26 23 30 28 30 5 30 23 17 32 9 14 11 14 9 32 10 8 2 19 22 
21 33 4 1 8 17 6 17 8 2 8 1 4 19 12 22 16 24 16 22 11 22 12 30 12 19 15 14 15 32 28 27 28 32 15 19 4 33 10 26 10 7 3 7 10 33 21 20 9 23 25 5 13 5 25 31 25 23 29 23 9 20 18 20 21 
8 18 29 33 32 12 19 12 32 33 29 18 8 31 20 26 1 28 9 28 1 26 10 26 20 11 7 27 21 5 21 27 7 11 16 11 20 31 22 15 13 6 13 15 30 3 30 2 14 24 14 2 23 2 30 15 22 17 25 17 4 17 22 31 8 
17 25 5 24 5 25 17 18 12 32 4 23 33 23 4 32 19 16 9 11 29 11 9 16 19 3 1 28 1 3 19 32 12 18 6 20 14 27 13 2 13 27 31 27 14 10 21 10 7 10 14 20 6 15 30 22 26 22 30 8 30 15 6 18 17 
22 12 15 12 8 21 11 33 11 21 8 30 31 30 8 12 22 18 28 20 23 32 6 32 26 3 26 29 27 29 10 29 26 32 23 16 23 20 7 14 4 19 4 14 7 5 7 20 28 13 2 17 1 9 1 17 2 24 25 24 2 13 28 18 22 
33 9 30 2 21 12 15 24 15 5 23 1 23 3 23 5 8 5 15 12 21 2 30 10 18 10 32 10 30 9 19 4 27 17 27 13 27 4 31 11 7 26 16 26 7 11 31 28 31 4 19 9 33 29 14 22 14 29 6 20 25 20 6 29 33 
9 14 11 19 29 25 29 19 18 27 6 13 6 32 6 27 18 1 17 16 17 30 22 30 17 1 18 19 11 15 31 21 2 8 2 21 12 7 12 21 31 15 23 15 11 14 33 3 20 10 20 3 5 26 5 3 33 14 9 4 24 28 24 4 9 
33 4 31 29 21 7 8 26 8 7 22 28 22 7 21 29 10 27 10 20 10 29 31 4 9 18 5 12 23 1 30 1 23 24 23 12 6 12 5 25 5 18 16 18 9 4 33 14 19 32 3 32 11 32 19 2 19 14 13 15 17 15 13 14 33 
27 25 20 25 27 18 22 7 28 10 3 10 28 7 6 1 9 13 30 13 9 15 4 29 4 21 4 15 12 5 12 15 9 1 6 7 22 24 22 18 32 16 31 14 11 14 31 16 19 26 8 23 8 26 19 17 19 16 32 2 33 2 32 18 27 
18 29 24 31 16 26 16 31 8 7 13 7 8 31 24 10 24 29 12 28 20 1 20 28 27 22 3 22 27 23 27 28 12 15 9 17 2 17 32 17 9 15 14 19 14 15 12 29 18 6 21 6 25 4 11 5 11 33 11 4 25 30 25 6 18 
1 18 24 7 2 12 10 17 3 17 10 12 2 7 8 7 24 18 30 16 31 16 30 15 26 33 26 29 26 15 5 15 30 18 1 27 28 25 6 25 28 13 23 13 28 27 11 14 9 32 4 22 4 21 4 32 9 14 20 14 11 19 11 27 1 
9 12 1 18 22 17 31 27 31 17 19 5 19 17 22 18 25 8 24 10 24 28 6 20 33 20 6 28 24 8 25 18 1 11 14 11 1 12 9 13 2 23 15 21 15 23 3 26 3 32 7 4 7 30 7 32 16 32 3 23 2 29 2 13 9 
28 33 31 7 31 32 5 16 10 16 5 9 11 9 5 32 31 33 4 20 2 22 14 22 2 20 4 33 28 3 26 25 1 8 21 8 1 29 1 25 26 3 30 15 17 19 24 13 24 12 24 19 23 19 17 27 18 27 6 27 17 15 30 3 28 
28 31 18 9 18 31 8 22 29 1 2 1 16 23 7 23 16 17 16 1 29 22 10 14 21 14 10 22 8 11 5 12 5 11 8 31 28 20 26 4 25 4 3 19 13 19 3 4 26 30 24 32 24 15 33 15 24 30 27 30 26 20 6 20 28 
20 11 22 7 8 33 12 17 12 33 8 24 8 7 14 7 22 29 32 29 22 11 1 16 4 21 26 21 4 3 4 16 1 6 27 19 27 6 1 11 20 31 23 2 18 13 18 2 23 31 30 28 5 28 30 25 10 9 10 25 15 25 30 31 20 
9 19 5 32 5 19 4 15 4 18 17 18 4 19 9 30 13 2 13 30 28 21 12 1 27 14 27 1 12 21 28 23 16 8 25 31 10 31 20 31 25 8 29 11 6 11 29 7 29 8 16 22 16 23 24 26 3 33 3 26 24 23 28 30 9 
10 16 11 24 23 19 23 24 3 24 11 28 11 16 33 16 10 18 31 7 1 21 1 14 1 7 20 12 6 12 20 13 20 7 31 27 2 22 2 8 2 27 31 18 29 25 5 15 5 25 29 32 9 17 30 17 26 17 9 4 9 32 29 18 10 
21 22 15 22 21 17 32 12 14 3 4 3 14 12 28 29 25 8 6 19 33 10 33 19 24 19 6 8 25 26 5 26 11 26 25 29 31 27 2 27 31 13 18 13 31 29 28 1 28 12 32 23 16 30 7 30 16 23 32 17 20 9 20 17 21 
16 5 26 5 10 3 18 2 28 2 18 22 20 13 6 13 20 22 18 3 33 3 10 14 29 21 9 23 9 21 29 14 10 5 16 7 17 7 32 25 27 19 1 19 24 19 27 15 27 25 12 11 12 30 12 25 32 8 4 31 4 8 32 7 16 
17 31 16 31 14 31 17 20 22 33 22 20 24 6 23 15 19 15 23 4 10 2 10 4 8 27 30 25 30 27 11 29 11 27 8 4 23 6 24 3 18 7 26 12 26 7 9 7 18 32 18 3 5 1 5 28 21 13 21 28 5 3 24 20 17 
32 3 29 9 29 3 32 6 33 18 22 18 31 1 20 21 13 21 20 8 20 1 31 16 15 16 24 12 4 12 24 10 24 16 31 18 33 28 7 23 27 23 7 28 11 28 33 6 5 25 14 30 14 19 17 19 14 25 2 25 5 26 5 6 32 
30 7 6 13 8 25 28 25 8 31 8 13 6 1 27 1 12 10 19 10 12 18 12 1 6 7 3 11 20 5 14 5 20 11 3 23 9 26 9 24 22 33 22 2 22 24 29 32 29 15 29 24 9 23 17 4 17 21 17 23 3 7 30 16 30 
17 24 4 16 2 27 2 29 32 18 32 22 14 22 32 29 7 29 2 16 4 19 4 24 1 23 30 15 11 15 30 6 30 23 5 9 10 9 5 23 1 8 12 8 13 8 1 24 17 21 31 21 26 3 33 25 33 3 28 20 28 3 26 21 17 
16 26 12 26 33 19 14 31 14 4 17 4 14 19 33 26 16 8 18 21 15 21 18 22 18 8 20 30 27 10 27 2 13 2 27 30 5 3 5 28 29 32 11 32 29 28 1 25 9 25 1 23 6 7 24 7 6 23 1 28 5 30 20 8 16 
24 17 22 14 13 6 33 25 33 6 16 6 13 5 7 31 11 31 27 31 7 1 26 1 7 5 13 14 10 21 18 3 18 21 23 20 23 21 10 28 10 14 22 17 9 2 15 19 15 2 8 32 8 2 9 17 24 12 30 29 30 4 30 12 24 
21 26 17 29 33 29 17 19 14 19 15 24 15 19 17 26 2 31 3 18 3 31 2 28 8 32 10 16 10 1 10 32 8 12 22 12 8 28 5 20 11 23 27 23 11 20 4 7 4 20 5 25 9 25 5 28 2 26 21 13 30 6 30 13 21 
5 31 29 27 17 2 17 27 29 1 29 31 10 25 15 25 10 31 5 20 14 26 7 26 24 26 14 30 22 13 28 33 28 6 16 6 18 8 32 8 18 6 28 13 21 4 21 13 22 3 22 30 19 11 23 11 9 11 19 30 14 20 12 20 5 
21 5 30 6 4 3 4 7 14 20 14 7 15 25 15 7 4 6 9 16 10 2 10 16 31 22 1 27 1 22 31 17 23 17 18 17 31 16 9 6 30 32 13 24 13 32 11 32 30 5 21 29 8 33 19 12 19 33 8 29 28 26 28 29 21 
23 27 16 5 14 10 14 5 16 20 16 27 22 33 2 1 26 17 26 31 9 31 25 11 25 3 19 3 25 31 26 1 2 8 15 18 29 18 15 8 4 8 2 33 22 13 24 6 24 13 28 32 7 32 28 30 21 30 28 13 22 27 23 12 23 
7 2 24 10 32 3 32 10 24 19 17 18 9 23 9 18 17 19 20 19 24 2 8 25 6 21 4 11 30 11 16 11 4 21 6 29 12 29 6 25 31 27 28 1 28 27 31 22 31 25 8 33 14 13 26 13 14 33 5 33 8 2 7 15 7 
14 26 30 10 30 26 14 6 27 13 33 13 27 6 4 32 20 7 21 7 20 31 20 32 18 2 9 29 9 2 18 32 4 24 25 16 25 17 3 22 3 17 12 8 5 8 19 23 1 23 19 8 12 17 25 24 28 11 28 15 28 24 4 6 14 
30 4 32 24 16 25 16 24 9 17 9 24 32 7 3 22 10 27 20 21 20 27 10 22 26 29 15 29 26 22 3 7 14 18 5 12 28 19 28 12 2 12 5 33 5 18 1 18 14 23 14 7 32 4 31 11 31 4 30 6 8 13 8 6 30 
25 8 14 26 14 5 1 5 14 8 20 24 22 24 20 8 25 32 13 18 12 18 13 31 19 6 19 31 13 32 23 27 4 17 4 28 29 11 29 33 3 2 3 33 29 28 15 21 16 21 15 28 4 27 10 9 7 9 30 9 10 27 23 32 25 
3 23 28 21 28 16 27 16 31 16 28 23 4 17 33 24 33 17 4 29 14 5 14 29 1 30 25 30 22 30 1 29 4 23 3 8 6 20 10 11 9 11 26 12 26 11 10 20 6 2 13 7 15 7 13 32 13 2 18 19 18 2 6 8 3 
22 7 22 32 3 5 13 27 2 27 13 5 3 18 3 32 12 33 12 14 9 16 29 4 17 4 29 19 26 19 29 16 9 11 1 6 1 30 21 28 15 8 31 8 15 28 21 30 25 30 1 11 23 24 10 24 23 20 23 11 9 14 12 32 22 
33 5 3 32 27 32 3 12 3 5 33 22 30 25 21 18 21 25 30 22 11 28 20 23 10 17 10 23 16 23 20 7 24 8 19 8 15 14 15 8 24 7 2 6 4 6 2 7 20 28 1 26 31 26 1 29 1 28 11 13 9 13 11 22 33 
30 33 10 19 18 19 10 22 24 32 12 32 24 22 10 33 2 31 6 31 13 8 1 15 1 21 16 21 20 4 20 21 1 8 13 31 2 11 26 7 14 28 14 25 14 7 26 11 29 11 2 33 30 5 27 3 9 3 27 23 27 5 17 5 30 
24 15 13 5 19 5 13 11 18 11 27 29 27 11 13 15 14 4 31 4 23 4 14 22 2 17 28 17 25 1 30 6 30 1 25 32 12 9 21 9 12 32 20 32 25 17 2 33 16 33 10 8 10 33 2 22 14 15 24 26 7 3 7 26 24 
18 32 5 17 19 10 19 17 5 32 15 24 6 30 31 30 6 24 2 13 27 8 27 13 9 11 9 13 2 24 15 23 15 32 18 26 16 33 1 33 4 33 16 14 22 28 29 12 21 12 29 20 29 28 22 14 16 26 7 25 7 3 7 26 18 
2 8 6 26 12 26 6 24 28 22 28 24 1 3 33 3 1 24 6 8 13 14 7 4 27 16 27 4 7 14 13 8 2 30 10 20 18 29 18 20 25 20 10 11 19 5 19 11 10 30 23 21 23 15 17 15 32 31 9 31 32 15 23 30 2 
15 27 31 16 21 16 23 16 31 20 2 1 2 20 25 30 5 9 18 9 32 12 24 12 32 9 5 30 10 6 17 14 8 33 8 28 8 14 3 11 3 14 17 6 22 6 10 30 25 20 31 27 7 29 4 19 4 29 7 27 15 13 26 13 15 
15 11 6 11 15 8 26 19 5 22 5 19 20 19 26 24 26 8 31 1 10 16 13 33 13 16 23 16 10 2 25 4 17 28 3 28 17 4 25 2 21 29 7 14 7 18 7 29 21 2 10 1 31 30 9 27 12 32 12 27 9 30 31 8 15 
2 28 3 16 5 22 33 22 19 22 5 20 5 16 3 28 24 9 1 9 24 17 14 17 6 21 6 17 24 28 2 29 10 8 27 8 32 11 32 8 10 29 26 15 12 13 18 23 18 13 31 30 31 7 4 25 4 7 31 13 12 15 26 29 2 
25 17 21 12 16 23 27 23 16 15 19 15 2 29 11 29 2 10 26 10 2 15 16 12 21 17 3 7 31 7 5 7 3 17 25 1 33 8 6 22 4 30 4 20 32 18 32 20 4 22 6 8 33 28 33 1 13 24 13 9 14 9 13 1 25 
11 4 14 25 19 33 32 33 31 30 8 26 29 15 9 15 29 20 29 26 17 26 8 30 31 33 19 16 19 25 21 25 14 4 11 23 24 7 6 2 5 2 6 1 12 1 10 1 6 7 24 23 22 13 18 13 22 27 3 27 28 27 22 23 11 
9 12 5 24 7 13 7 24 5 12 3 28 8 28 3 30 3 12 9 21 18 11 18 32 14 1 20 31 20 1 10 22 15 22 10 19 4 23 4 19 10 1 14 2 14 32 33 26 27 25 27 26 29 6 29 16 29 26 33 17 33 32 18 21 9 
33 2 24 17 9 17 24 2 8 5 8 4 19 4 8 2 33 15 14 11 26 23 29 23 26 11 14 27 30 20 13 31 13 3 13 20 30 27 14 15 7 21 28 10 6 10 32 10 28 1 28 21 7 16 12 18 22 18 12 16 25 16 7 15 33 
9 18 15 5 15 18 28 20 19 25 14 25 24 2 6 2 24 25 19 13 31 13 1 13 19 20 28 18 9 12 22 3 26 7 27 8 11 4 11 8 27 7 26 23 16 23 26 3 22 30 22 12 29 33 17 33 29 32 21 32 10 32 29 12 9 
20 8 22 15 22 7 22 8 33 6 18 32 18 6 33 12 19 4 26 9 26 4 19 12 33 8 20 30 25 14 24 23 1 23 29 5 29 23 24 14 2 14 25 30 31 16 10 16 31 27 3 28 3 27 17 13 21 13 17 11 17 27 31 30 20 
4 9 13 8 13 9 25 20 1 10 17 33 15 33 17 11 28 12 28 11 32 21 32 2 19 2 32 11 17 10 1 5 18 22 18 5 26 7 29 31 29 7 26 5 1 20 16 27 3 27 24 23 6 23 24 27 16 20 25 14 30 14 25 9 4 
25 31 22 29 14 29 9 2 19 2 9 29 22 15 6 5 6 15 18 15 22 31 28 23 11 23 33 27 17 7 17 13 20 1 20 13 17 27 33 12 3 16 30 16 3 24 3 12 33 23 28 4 10 8 10 32 21 32 10 4 26 4 28 31 25 
29 2 31 27 18 30 26 30 18 25 3 25 18 27 33 23 33 27 31 14 19 5 22 5 19 16 17 4 17 9 6 9 17 16 7 21 24 21 7 32 8 10 8 32 7 16 19 14 15 20 15 14 31 2 1 13 1 2 29 28 12 11 12 28 29 
12 27 7 3 29 11 30 11 29 28 31 16 31 28 5 28 29 3 7 27 13 2 23 1 33 14 33 1 23 2 13 18 19 21 24 21 8 21 19 9 10 9 19 18 6 15 32 15 6 4 22 4 26 4 6 18 13 27 12 25 17 25 20 25 12 
29 23 4 28 6 10 14 10 31 10 6 13 8 13 20 13 6 28 4 19 4 23 29 2 3 25 32 9 32 25 3 2 12 11 12 27 24 30 18 33 7 33 16 33 18 17 21 17 18 30 24 15 5 26 5 15 22 1 22 15 24 27 12 2 29 
6 4 14 21 14 4 1 11 27 18 7 26 17 26 7 18 27 11 1 4 6 22 20 31 30 31 20 22 3 25 10 29 16 15 16 8 16 29 10 25 3 19 9 13 9 33 28 5 12 5 23 5 28 33 9 19 32 2 24 2 32 19 3 22 6 
11 3 30 25 19 9 18 9 2 9 19 25 4 23 29 23 27 23 4 33 15 33 28 10 8 12 13 12 8 10 28 31 5 31 28 33 4 25 30 24 30 3 16 17 22 17 16 7 26 6 32 6 20 6 26 7 16 3 11 21 1 21 14 21 11 
27 1 29 30 17 25 16 25 17 8 24 32 24 31 24 8 17 30 29 5 20 22 14 22 20 5 29 1 13 2 13 18 11 18 21 3 21 12 15 7 15 12 21 18 13 1 27 19 9 4 28 4 9 33 23 33 9 19 26 10 6 10 26 19 27 
12 11 29 23 1 8 1 23 13 23 29 11 31 5 19 5 17 26 17 5 31 11 12 7 9 30 33 10 3 27 4 27 3 22 3 10 33 30 9 7 2 18 32 18 25 18 2 21 20 16 6 14 6 16 20 21 24 28 15 28 24 21 2 7 12 
4 27 2 5 19 5 2 16 2 27 4 32 10 11 20 21 22 21 20 11 6 33 28 33 6 11 10 32 9 23 3 29 30 7 14 7 30 24 18 24 30 29 17 12 8 12 17 29 3 23 15 31 15 23 9 1 25 13 25 26 25 1 9 32 4 
31 15 32 18 21 18 17 7 23 7 17 18 32 19 14 1 27 26 27 1 14 19 10 28 9 22 24 22 9 28 4 8 4 28 10 29 10 19 32 15 6 3 16 3 5 3 6 25 12 33 13 2 30 2 11 2 13 20 13 33 12 25 6 15 31 
33 27 24 16 26 16 24 21 6 21 7 21 24 27 23 5 14 19 14 5 30 29 4 28 4 29 30 25 13 32 13 25 30 5 23 20 12 10 9 1 22 1 9 10 12 8 12 20 2 15 2 31 18 31 3 11 3 17 3 31 2 20 23 27 33 
11 13 31 22 5 29 32 29 5 22 9 1 4 6 4 1 9 27 14 3 30 2 30 3 14 10 18 25 18 10 19 12 19 10 14 27 15 27 9 22 31 21 17 16 20 16 17 8 7 28 7 8 17 21 26 23 26 33 26 21 31 13 11 24 11 
20 24 27 11 26 2 6 32 7 32 6 19 8 19 6 2 26 14 15 14 26 11 4 11 27 22 3 16 29 16 3 5 3 22 18 28 17 9 17 28 18 22 27 24 23 21 1 12 1 25 1 21 30 10 30 13 33 13 30 21 23 24 20 31 20 
7 1 20 21 10 4 13 2 28 2 13 5 13 4 17 30 17 4 10 24 8 31 8 32 8 24 10 21 26 29 23 29 26 21 20 9 27 3 6 3 27 11 27 9 15 9 20 1 16 1 7 25 22 19 22 25 14 12 14 33 18 33 14 25 7 
9 21 22 24 11 10 11 4 11 24 22 21 9 16 8 15 28 1 20 13 18 13 20 2 20 1 28 25 17 19 17 33 30 33 17 25 28 15 32 23 3 23 12 23 32 15 8 16 27 26 27 31 6 7 6 31 29 14 29 5 29 31 27 16 9 
2 32 22 11 17 11 9 16 26 16 9 11 22 28 12 28 22 32 4 33 15 30 13 19 31 19 10 18 10 24 10 19 13 5 13 30 8 30 15 33 25 33 4 7 6 7 14 29 20 29 14 23 14 7 4 32 2 27 21 1 3 1 21 27 2 
8 10 15 10 22 3 29 3 22 10 8 27 9 14 20 1 32 1 20 25 4 2 4 25 20 14 17 33 21 16 21 33 17 14 9 11 6 11 5 18 5 11 9 27 13 26 12 26 30 23 24 23 7 23 30 19 31 19 30 26 13 28 13 27 8 
1 8 17 20 28 20 17 14 32 26 31 26 33 26 32 14 2 13 10 7 10 24 10 13 2 3 2 14 17 8 5 16 21 22 21 16 6 23 6 16 5 8 1 29 4 9 18 9 4 30 4 29 12 27 19 27 12 15 25 15 11 15 12 29 1 
16 23 7 8 24 8 7 23 16 21 6 3 17 29 17 3 1 20 1 11 1 3 6 25 13 19 32 19 4 18 14 18 4 30 4 19 13 25 26 27 26 22 5 22 26 25 6 21 10 33 2 9 2 33 10 31 15 12 15 28 15 31 10 21 16 
22 11 18 13 28 13 18 24 18 11 22 4 26 27 26 9 17 33 29 21 29 33 17 9 5 20 5 6 19 31 32 31 19 6 5 9 26 4 1 3 10 3 25 8 25 7 25 3 1 23 14 30 14 23 15 16 12 16 15 2 15 23 1 4 22 
24 30 22 19 15 2 21 33 6 33 18 12 18 32 7 32 18 33 21 2 10 2 15 19 27 19 22 30 1 20 26 20 9 16 17 8 4 8 17 16 9 13 9 20 1 14 23 14 29 3 5 3 28 31 28 25 11 25 28 3 29 14 1 30 24 
22 5 26 27 23 27 26 5 31 15 11 24 4 30 4 24 11 15 21 15 31 5 22 10 9 3 33 12 18 12 25 16 25 12 33 7 33 3 29 13 8 13 29 3 9 1 32 17 32 19 14 6 14 2 20 2 14 19 32 1 28 1 9 10 22 
10 7 31 26 18 21 25 12 25 23 14 23 25 21 18 3 16 3 18 26 31 1 27 24 27 1 31 7 22 2 33 20 33 2 22 29 15 29 22 7 10 32 4 32 8 11 6 30 6 17 13 28 13 17 6 11 8 19 5 19 9 19 8 32 10 
10 28 19 17 24 33 24 17 9 23 9 17 19 28 27 1 3 1 8 1 27 22 27 28 10 12 6 15 2 18 2 31 2 15 7 4 7 15 6 25 11 32 14 5 14 32 11 25 29 25 6 12 30 26 16 26 21 26 30 13 20 13 30 12 10 
3 28 13 19 26 18 11 23 11 18 26 27 5 27 26 19 21 8 10 31 10 8 21 12 22 17 22 12 21 19 13 28 20 9 6 29 16 14 16 29 1 4 25 4 1 7 1 29 6 9 30 9 20 24 33 24 2 15 2 32 2 24 20 28 3 
23 2 16 18 29 21 32 21 29 18 5 18 16 13 3 28 31 30 31 28 3 13 26 22 26 10 19 10 26 13 16 2 4 9 14 17 14 9 4 15 33 24 33 15 8 6 8 15 4 2 23 1 27 7 12 7 27 20 27 1 25 11 25 1 23 
10 1 10 4 16 11 19 11 16 4 33 27 9 18 14 20 14 18 2 26 15 13 23 13 15 26 2 22 5 22 2 18 9 12 32 12 31 12 9 27 33 8 21 17 24 28 7 28 24 17 30 17 21 6 3 29 3 6 21 8 25 8 33 4 10 
22 30 2 30 21 30 22 7 27 25 12 19 12 3 14 3 20 29 5 29 8 29 20 3 12 25 23 15 10 15 23 13 24 33 9 33 24 28 4 28 6 28 24 13 18 13 23 25 27 7 16 31 32 17 32 31 1 31 16 26 11 26 16 7 22 
9 31 4 20 4 30 27 30 28 19 14 19 28 30 4 31 9 7 15 13 22 13 5 18 5 13 15 7 33 8 33 17 25 32 24 3 24 10 21 10 11 10 24 32 1 26 1 32 25 16 6 16 25 17 23 29 2 12 2 29 23 17 33 7 9 
25 7 12 7 8 7 25 2 29 32 9 16 17 16 9 32 29 2 11 18 31 19 31 18 5 20 15 20 26 20 5 6 22 30 22 6 5 18 11 28 10 14 3 14 10 4 27 21 24 21 33 1 33 21 27 4 10 28 13 23 13 28 11 2 25 
12 23 28 1 28 17 8 17 28 23 11 30 14 30 4 3 4 30 11 21 27 21 11 23 12 6 13 32 2 25 29 24 29 25 2 32 9 32 13 22 16 22 10 19 10 18 26 20 26 18 31 18 10 22 13 6 7 15 5 15 33 15 7 6 12 
2 11 1 12 15 33 15 12 9 28 14 19 32 19 14 7 14 28 22 28 9 12 1 5 27 31 27 30 20 10 20 30 17 13 17 30 27 5 1 11 26 21 18 21 4 21 26 23 24 16 25 6 25 29 8 3 8 29 25 16 24 23 26 11 2 
17 7 10 7 17 5 4 22 2 27 6 27 2 3 24 8 24 3 14 16 28 16 31 16 14 3 2 22 29 22 4 18 9 23 12 33 12 23 9 1 19 11 15 25 32 25 15 13 15 11 19 1 9 18 30 18 4 5 20 21 26 21 20 5 17 
24 5 24 11 30 1 33 1 30 21 12 17 23 4 9 4 23 17 32 17 12 26 19 26 20 8 20 26 12 21 10 22 2 7 2 22 29 15 27 18 27 15 28 13 31 13 28 15 29 22 10 25 6 3 6 25 10 21 30 11 16 14 16 11 24 
32 24 16 2 27 4 18 4 27 2 8 26 12 26 8 2 16 19 14 19 16 24 6 15 7 25 31 25 21 25 7 30 7 15 6 9 20 33 1 5 1 33 20 29 20 9 17 9 6 24 32 10 23 28 11 22 3 13 3 22 11 28 23 10 32 
12 24 3 19 3 24 12 8 2 31 16 14 26 17 9 17 26 14 16 31 6 29 18 29 1 29 6 31 2 7 10 4 15 4 21 4 10 32 10 7 2 8 20 11 30 28 27 28 30 11 23 33 23 22 23 11 20 25 13 5 13 25 20 8 12 
28 6 21 6 13 4 20 4 13 6 28 10 19 30 23 26 23 17 18 25 3 25 18 17 31 14 15 1 15 14 31 12 5 33 5 12 31 17 23 30 19 11 9 16 7 16 22 27 29 24 29 27 22 16 9 2 9 11 32 8 32 11 19 10 28 
9 12 29 15 32 16 25 7 25 16 8 16 32 4 13 4 32 15 29 27 18 31 11 28 23 28 11 14 11 31 6 31 18 26 17 3 10 3 17 26 18 27 29 12 2 30 20 30 2 12 9 21 5 21 24 33 24 22 19 22 1 22 24 21 9 
11 16 23 25 17 4 31 4 26 4 17 25 23 29 14 15 14 29 23 16 21 13 21 18 21 16 11 32 19 7 30 22 8 22 30 27 30 7 19 32 28 6 9 6 28 33 2 3 2 33 1 20 24 10 12 5 12 10 24 20 1 33 28 32 11 
3 7 32 4 21 5 21 14 21 4 18 4 32 8 32 7 11 23 2 33 2 23 11 20 13 29 16 29 13 24 9 30 9 24 13 20 12 20 11 7 3 17 28 31 25 15 25 31 28 22 19 22 28 17 10 27 26 1 26 27 6 27 10 17 3 
4 17 7 12 7 31 16 29 33 29 1 29 16 25 16 31 24 32 24 15 30 15 24 31 7 17 21 23 13 23 18 9 18 23 21 22 28 20 11 10 3 10 11 20 2 20 28 8 28 22 21 17 4 27 6 14 6 19 6 27 26 5 26 27 4 
29 22 21 17 1 25 4 31 4 25 1 16 10 9 10 16 7 18 7 16 1 17 19 20 19 17 21 22 13 5 23 5 30 5 13 22 29 8 33 6 32 6 3 12 28 2 28 12 3 24 3 6 33 8 14 11 26 11 14 15 27 15 14 8 29 
17 11 25 7 22 15 3 19 14 19 3 15 22 7 4 7 25 5 25 11 17 33 26 23 32 23 9 23 26 10 26 33 21 30 8 1 13 1 8 30 21 12 28 18 16 18 24 29 24 18 28 12 31 2 20 2 6 27 6 2 31 12 21 33 17 
1 21 15 23 15 21 18 14 8 31 7 31 8 33 17 33 8 14 18 27 22 30 13 28 9 12 5 12 9 28 26 6 26 28 13 19 13 30 29 30 22 10 25 10 24 11 20 11 24 32 24 10 22 27 4 27 18 21 1 2 3 16 3 2 1 
5 7 16 24 15 8 15 18 32 18 30 18 15 24 16 1 23 1 16 7 14 2 28 31 6 27 29 27 6 31 28 2 14 20 33 17 22 21 4 3 19 3 4 21 11 25 11 12 10 12 13 12 11 21 22 17 33 20 9 20 14 7 5 26 5 
15 16 20 32 31 32 20 16 3 8 5 28 23 18 4 19 4 18 23 28 21 11 26 11 21 14 12 14 1 13 1 14 21 28 5 27 24 30 17 30 24 22 29 22 24 27 5 8 33 6 2 6 33 8 3 9 10 25 10 9 3 16 15 7 15 
17 16 20 25 12 25 20 26 20 16 24 1 31 13 31 1 10 30 19 27 11 27 19 9 14 4 2 4 14 9 19 30 28 15 28 30 10 23 3 8 6 8 3 23 21 22 21 23 10 1 24 5 29 33 7 18 7 32 7 33 29 5 24 16 17 
22 23 5 32 5 23 10 29 6 18 7 1 7 18 6 20 14 20 6 29 13 33 13 25 26 25 13 29 10 31 19 8 17 8 19 3 30 3 19 31 10 23 22 11 27 21 12 21 27 4 15 16 15 4 28 9 28 4 27 11 2 24 2 11 22 
14 6 33 9 1 9 33 16 17 3 10 32 21 32 10 3 17 16 18 16 33 6 4 12 4 31 4 6 14 7 23 8 23 7 11 13 29 27 29 13 24 22 20 28 20 22 15 30 15 25 5 19 5 25 15 22 24 13 11 26 2 26 11 7 14 
